test_cli.py:4: error: Skipping analyzing "codestory.cli.main": module is installed, but missing library stubs or py.typed marker  [import-untyped]
fix_mypy_comprehensive.py:30: error: Dict entry 1 has incompatible type "str": "int"; expected "str": "str"  [dict-item]
fix_ingestion_job.py:18: error: Function is missing a type annotation  [no-untyped-def]
fix_exception_handling.py:31: error: Incompatible return value type (got "list[tuple[str, int]]", expected "list[str]")  [return-value]
fix_exception_handling.py:45: error: No return value expected  [return-value]
fix_exception_handling.py:82: error: No return value expected  [return-value]
fix_exception_handling.py:86: error: No return value expected  [return-value]
fix_exception_handling.py:101: error: Unpacking a string is disallowed  [misc]
fix_exception_handling.py:102: error: "fix_exception_handling" does not return a value (it only ever returns None)  [func-returns-value]
fix_exception_handling.py:102: error: Cannot determine type of "file_path"  [has-type]
fix_exception_handling.py:102: error: Cannot determine type of "line_num"  [has-type]
tests/unit/test_llm/test_llm_models.py:3: error: Skipping analyzing "codestory.llm.models": module is installed, but missing library stubs or py.typed marker  [import-untyped]
tests/unit/test_llm/test_llm_models.py:21: error: Function is missing a return type annotation  [no-untyped-def]
tests/unit/test_llm/test_llm_models.py:21: note: Use "-> None" if function does not return a value
tests/unit/test_llm/test_llm_models.py:30: error: Function is missing a return type annotation  [no-untyped-def]
tests/unit/test_llm/test_llm_models.py:30: note: Use "-> None" if function does not return a value
tests/unit/test_llm/test_llm_models.py:51: error: Function is missing a return type annotation  [no-untyped-def]
tests/unit/test_llm/test_llm_models.py:51: note: Use "-> None" if function does not return a value
tests/unit/test_llm/test_llm_models.py:60: error: Function is missing a return type annotation  [no-untyped-def]
tests/unit/test_llm/test_llm_models.py:60: note: Use "-> None" if function does not return a value
tests/unit/test_llm/test_llm_models.py:76: error: Function is missing a return type annotation  [no-untyped-def]
tests/unit/test_llm/test_llm_models.py:76: note: Use "-> None" if function does not return a value
tests/unit/test_llm/test_llm_models.py:85: error: Function is missing a return type annotation  [no-untyped-def]
tests/unit/test_llm/test_llm_models.py:85: note: Use "-> None" if function does not return a value
tests/unit/test_llm/test_llm_models.py:94: error: Function is missing a return type annotation  [no-untyped-def]
tests/unit/test_llm/test_llm_models.py:94: note: Use "-> None" if function does not return a value
tests/unit/test_llm/test_llm_models.py:102: error: Function is missing a return type annotation  [no-untyped-def]
tests/unit/test_llm/test_llm_models.py:102: note: Use "-> None" if function does not return a value
tests/unit/test_llm/test_llm_models.py:110: error: Function is missing a return type annotation  [no-untyped-def]
tests/unit/test_llm/test_llm_models.py:110: note: Use "-> None" if function does not return a value
tests/unit/test_llm/test_llm_models.py:136: error: Function is missing a return type annotation  [no-untyped-def]
tests/unit/test_llm/test_llm_models.py:136: note: Use "-> None" if function does not return a value
tests/unit/test_llm/test_llm_models.py:165: error: Function is missing a return type annotation  [no-untyped-def]
tests/unit/test_llm/test_llm_models.py:165: note: Use "-> None" if function does not return a value
tests/unit/test_llm/test_llm_models.py:185: error: Function is missing a return type annotation  [no-untyped-def]
tests/unit/test_llm/test_llm_models.py:185: note: Use "-> None" if function does not return a value
tests/unit/test_llm/test_llm_models.py:206: error: Function is missing a return type annotation  [no-untyped-def]
tests/unit/test_llm/test_llm_models.py:206: note: Use "-> None" if function does not return a value
tests/unit/test_llm/test_llm_models.py:228: error: Function is missing a return type annotation  [no-untyped-def]
tests/unit/test_llm/test_llm_models.py:228: note: Use "-> None" if function does not return a value
tests/unit/test_llm/test_llm_exceptions.py:3: error: Skipping analyzing "codestory.llm.exceptions": module is installed, but missing library stubs or py.typed marker  [import-untyped]
tests/unit/test_llm/test_llm_exceptions.py:14: error: Function is missing a return type annotation  [no-untyped-def]
tests/unit/test_llm/test_llm_exceptions.py:14: note: Use "-> None" if function does not return a value
tests/unit/test_llm/test_llm_exceptions.py:36: error: Function is missing a return type annotation  [no-untyped-def]
tests/unit/test_llm/test_llm_exceptions.py:36: note: Use "-> None" if function does not return a value
tests/unit/test_llm/test_llm_exceptions.py:43: error: Function is missing a return type annotation  [no-untyped-def]
tests/unit/test_llm/test_llm_exceptions.py:43: note: Use "-> None" if function does not return a value
tests/unit/test_llm/test_llm_exceptions.py:55: error: Function is missing a return type annotation  [no-untyped-def]
tests/unit/test_llm/test_llm_exceptions.py:55: note: Use "-> None" if function does not return a value
tests/unit/test_llm/test_llm_exceptions.py:62: error: Function is missing a return type annotation  [no-untyped-def]
tests/unit/test_llm/test_llm_exceptions.py:62: note: Use "-> None" if function does not return a value
tests/unit/test_llm/test_llm_exceptions.py:69: error: Function is missing a return type annotation  [no-untyped-def]
tests/unit/test_llm/test_llm_exceptions.py:69: note: Use "-> None" if function does not return a value
tests/unit/test_llm/test_llm_exceptions.py:76: error: Function is missing a return type annotation  [no-untyped-def]
tests/unit/test_llm/test_llm_exceptions.py:76: note: Use "-> None" if function does not return a value
tests/unit/test_graphdb/test_exceptions.py:3: error: Skipping analyzing "codestory.graphdb.exceptions": module is installed, but missing library stubs or py.typed marker  [import-untyped]
tests/unit/test_graphdb/test_exceptions.py:12: error: Function is missing a return type annotation  [no-untyped-def]
tests/unit/test_graphdb/test_exceptions.py:12: note: Use "-> None" if function does not return a value
tests/unit/test_graphdb/test_exceptions.py:27: error: Function is missing a return type annotation  [no-untyped-def]
tests/unit/test_graphdb/test_exceptions.py:27: note: Use "-> None" if function does not return a value
tests/unit/test_graphdb/test_exceptions.py:52: error: Function is missing a return type annotation  [no-untyped-def]
tests/unit/test_graphdb/test_exceptions.py:52: note: Use "-> None" if function does not return a value
tests/unit/test_graphdb/test_exceptions.py:88: error: Function is missing a return type annotation  [no-untyped-def]
tests/unit/test_graphdb/test_exceptions.py:88: note: Use "-> None" if function does not return a value
tests/unit/test_graphdb/test_exceptions.py:112: error: Function is missing a return type annotation  [no-untyped-def]
tests/unit/test_graphdb/test_exceptions.py:112: note: Use "-> None" if function does not return a value
tests/unit/test_cli/test_output_formatting.py:6: error: Function is missing a return type annotation  [no-untyped-def]
tests/unit/test_cli/test_output_formatting.py:6: note: Use "-> None" if function does not return a value
tests/unit/test_cli/test_output_formatting.py:27: error: Function is missing a return type annotation  [no-untyped-def]
tests/unit/test_cli/test_output_formatting.py:27: note: Use "-> None" if function does not return a value
tests/integration/test_config.py:9: error: Skipping analyzing "codestory.config.settings": module is installed, but missing library stubs or py.typed marker  [import-untyped]
tests/fixtures/test_config_init.py:57: error: Function is missing a return type annotation  [no-untyped-def]
src/codestory_mcp/auth/scope_manager.py:6: error: Skipping analyzing "codestory_mcp.utils.config": module is installed, but missing library stubs or py.typed marker  [import-untyped]
src/codestory_mcp/auth/scope_manager.py:12: error: Function is missing a type annotation for one or more arguments  [no-untyped-def]
src/codestory_mcp/auth/scope_manager.py:26: error: Returning Any from function declared to return "list[str]"  [no-any-return]
src/codestory/ingestion_pipeline/worker.py:3: error: Skipping analyzing "celery": module is installed, but missing library stubs or py.typed marker  [import-untyped]
src/codestory/ingestion_pipeline/worker.py:5: error: Skipping analyzing "codestory.config.settings": module is installed, but missing library stubs or py.typed marker  [import-untyped]
src/codestory/graphdb/exceptions.py:100: error: Name "safe_params" already defined on line 98  [no-redef]
src/codestory/graphdb/exceptions.py:103: error: Unsupported target for indexed assignment ("None")  [index]
src/codestory/graphdb/exceptions.py:105: error: Unsupported target for indexed assignment ("None")  [index]
src/codestory/cli/run.py:13: error: Skipping analyzing "codestory.cli.main": module is installed, but missing library stubs or py.typed marker  [import-untyped]
scripts/check_env.py:14: error: Skipping analyzing "codestory.config.settings": module is installed, but missing library stubs or py.typed marker  [import-untyped]
scripts/check_env.py:26: error: Function is missing a return type annotation  [no-untyped-def]
scripts/check_env.py:40: error: Function is missing a return type annotation  [no-untyped-def]
scripts/check_env.py:82: error: Function is missing a return type annotation  [no-untyped-def]
scripts/check_env.py:146: error: Function is missing a return type annotation  [no-untyped-def]
scripts/celery_worker.py:18: error: Skipping analyzing "codestory.ingestion_pipeline.celery_app": module is installed, but missing library stubs or py.typed marker  [import-untyped]
scripts/celery_worker.py:18: note: See https://mypy.readthedocs.io/en/stable/running_mypy.html#missing-imports
scripts/celery_worker.py:47: error: Skipping analyzing "celery.__main__": module is installed, but missing library stubs or py.typed marker  [import-untyped]
patch_neo4j_tests.py:12: error: Function is missing a type annotation  [no-untyped-def]
patch_neo4j_tests.py:50: error: Function is missing a return type annotation  [no-untyped-def]
patch_neo4j_tests.py:50: note: Use "-> None" if function does not return a value
ci_test_fix.py:15: error: Function is missing a type annotation  [no-untyped-def]
ci_test_fix.py:52: error: Function is missing a return type annotation  [no-untyped-def]
ci_test_fix.py:112: error: Function is missing a return type annotation  [no-untyped-def]
scripts/test_ingestion_pipeline.py:17: error: Skipping analyzing "codestory.config.settings": module is installed, but missing library stubs or py.typed marker  [import-untyped]
scripts/test_ingestion_pipeline.py:18: error: Skipping analyzing "codestory.ingestion_pipeline.manager": module is installed, but missing library stubs or py.typed marker  [import-untyped]
scripts/test_ingestion_pipeline.py:19: error: Skipping analyzing "codestory.ingestion_pipeline.step": module is installed, but missing library stubs or py.typed marker  [import-untyped]
scripts/test_ingestion_pipeline.py:22: error: Function is missing a return type annotation  [no-untyped-def]
scripts/run_filesystem_test.py:14: error: Skipping analyzing "codestory.graphdb.neo4j_connector": module is installed, but missing library stubs or py.typed marker  [import-untyped]
scripts/run_filesystem_test.py:15: error: Skipping analyzing "codestory.ingestion_pipeline.step": module is installed, but missing library stubs or py.typed marker  [import-untyped]
scripts/run_filesystem_test.py:16: error: Skipping analyzing "codestory_filesystem.step": module is installed, but missing library stubs or py.typed marker  [import-untyped]
scripts/run_filesystem_test.py:19: error: Function is missing a return type annotation  [no-untyped-def]
scripts/run_filesystem_test.py:19: note: Use "-> None" if function does not return a value
scripts/run_filesystem_test.py:81: error: Skipping analyzing "celery.app.control": module is installed, but missing library stubs or py.typed marker  [import-untyped]
scripts/run_filesystem_test.py:83: error: Skipping analyzing "codestory.ingestion_pipeline.celery_app": module is installed, but missing library stubs or py.typed marker  [import-untyped]
tests/unit/test_graphdb/test_models.py:5: error: Skipping analyzing "codestory.graphdb.models": module is installed, but missing library stubs or py.typed marker  [import-untyped]
tests/unit/test_graphdb/test_models.py:27: error: Function is missing a return type annotation  [no-untyped-def]
tests/unit/test_graphdb/test_models.py:27: note: Use "-> None" if function does not return a value
tests/unit/test_graphdb/test_models.py:39: error: Function is missing a return type annotation  [no-untyped-def]
tests/unit/test_graphdb/test_models.py:39: note: Use "-> None" if function does not return a value
tests/unit/test_graphdb/test_models.py:49: error: Function is missing a return type annotation  [no-untyped-def]
tests/unit/test_graphdb/test_models.py:49: note: Use "-> None" if function does not return a value
tests/unit/test_graphdb/test_models.py:82: error: Function is missing a return type annotation  [no-untyped-def]
tests/unit/test_graphdb/test_models.py:82: note: Use "-> None" if function does not return a value
tests/unit/test_graphdb/test_models.py:121: error: Function is missing a return type annotation  [no-untyped-def]
tests/unit/test_graphdb/test_models.py:121: note: Use "-> None" if function does not return a value
tests/unit/test_graphdb/test_models.py:154: error: Function is missing a return type annotation  [no-untyped-def]
tests/unit/test_graphdb/test_models.py:154: note: Use "-> None" if function does not return a value
tests/unit/test_graphdb/test_models.py:166: error: Function is missing a return type annotation  [no-untyped-def]
tests/unit/test_graphdb/test_models.py:166: note: Use "-> None" if function does not return a value
tests/unit/test_graphdb/test_models.py:197: error: Function is missing a return type annotation  [no-untyped-def]
tests/unit/test_graphdb/test_models.py:197: note: Use "-> None" if function does not return a value
tests/unit/test_graphdb/test_models.py:225: error: Function is missing a return type annotation  [no-untyped-def]
tests/unit/test_graphdb/test_models.py:225: note: Use "-> None" if function does not return a value
tests/unit/test_graphdb/test_models.py:238: error: Function is missing a return type annotation  [no-untyped-def]
tests/unit/test_graphdb/test_models.py:238: note: Use "-> None" if function does not return a value
tests/unit/test_graphdb/test_models.py:256: error: Function is missing a return type annotation  [no-untyped-def]
tests/unit/test_graphdb/test_models.py:256: note: Use "-> None" if function does not return a value
tests/unit/test_graphdb/test_models.py:277: error: Function is missing a return type annotation  [no-untyped-def]
tests/unit/test_graphdb/test_models.py:277: note: Use "-> None" if function does not return a value
tests/unit/test_graphdb/test_models.py:298: error: Function is missing a return type annotation  [no-untyped-def]
tests/unit/test_graphdb/test_models.py:298: note: Use "-> None" if function does not return a value
tests/unit/test_graphdb/test_models.py:310: error: Function is missing a return type annotation  [no-untyped-def]
tests/unit/test_graphdb/test_models.py:310: note: Use "-> None" if function does not return a value
tests/unit/test_graphdb/test_models.py:320: error: Function is missing a return type annotation  [no-untyped-def]
tests/unit/test_graphdb/test_models.py:320: note: Use "-> None" if function does not return a value
tests/unit/test_graphdb/test_models.py:339: error: Function is missing a return type annotation  [no-untyped-def]
tests/unit/test_graphdb/test_models.py:339: note: Use "-> None" if function does not return a value
tests/unit/test_graphdb/test_models.py:349: error: Function is missing a return type annotation  [no-untyped-def]
tests/unit/test_graphdb/test_models.py:349: note: Use "-> None" if function does not return a value
tests/unit/test_graphdb/test_models.py:359: error: Function is missing a return type annotation  [no-untyped-def]
tests/unit/test_graphdb/test_models.py:359: note: Use "-> None" if function does not return a value
tests/integration/test_ingestion_pipeline/test_pipeline_manager.py:6: error: Skipping analyzing "codestory.graphdb.neo4j_connector": module is installed, but missing library stubs or py.typed marker  [import-untyped]
tests/integration/test_ingestion_pipeline/test_pipeline_manager.py:7: error: Skipping analyzing "codestory.ingestion_pipeline.step": module is installed, but missing library stubs or py.typed marker  [import-untyped]
tests/integration/test_ingestion_pipeline/test_pipeline_manager.py:16: error: Need type annotation for "steps_status" (hint: "steps_status: dict[<type>, <type>] = ...")  [var-annotated]
tests/integration/test_ingestion_pipeline/test_pipeline_manager.py:17: error: Need type annotation for "steps_results" (hint: "steps_results: dict[<type>, <type>] = ...")  [var-annotated]
tests/integration/test_ingestion_pipeline/test_pipeline_manager.py:18: error: Need type annotation for "steps_errors" (hint: "steps_errors: dict[<type>, <type>] = ...")  [var-annotated]
tests/integration/test_ingestion_pipeline/test_pipeline_manager.py:19: error: Need type annotation for "dependency_graph" (hint: "dependency_graph: dict[<type>, <type>] = ...")  [var-annotated]
tests/integration/test_ingestion_pipeline/test_pipeline_manager.py:20: error: Need type annotation for "_step_instances" (hint: "_step_instances: dict[<type>, <type>] = ...")  [var-annotated]
tests/integration/test_ingestion_pipeline/test_pipeline_manager.py:53: error: Right operand of "and" is never evaluated  [unreachable]
tests/integration/test_ingestion_pipeline/test_pipeline_manager.py:63: error: Incompatible types in assignment (expression has type "Thread", variable has type "None")  [assignment]
tests/integration/test_ingestion_pipeline/test_pipeline_manager.py:64: error: "None" has no attribute "daemon"  [attr-defined]
tests/integration/test_ingestion_pipeline/test_pipeline_manager.py:65: error: "None" has no attribute "start"  [attr-defined]
tests/integration/test_ingestion_pipeline/test_pipeline_manager.py:176: error: Returning Any from function declared to return "str"  [no-any-return]
tests/integration/test_ingestion_pipeline/test_pipeline_manager.py:258: error: Right operand of "and" is never evaluated  [unreachable]
tests/integration/test_ingestion_pipeline/test_pipeline_manager.py:259: error: Statement is unreachable  [unreachable]
container_test_filesystem.py:8: error: Skipping analyzing "codestory.config.settings": module is installed, but missing library stubs or py.typed marker  [import-untyped]
container_test_filesystem.py:9: error: Skipping analyzing "codestory.graphdb.neo4j_connector": module is installed, but missing library stubs or py.typed marker  [import-untyped]
container_test_filesystem.py:10: error: Skipping analyzing "codestory_filesystem.step": module is installed, but missing library stubs or py.typed marker  [import-untyped]
container_test_filesystem.py:19: error: Function is missing a return type annotation  [no-untyped-def]
container_test_filesystem.py:66: error: Function is missing a return type annotation  [no-untyped-def]
container_test_filesystem.py:66: note: Use "-> None" if function does not return a value
src/codestory_filesystem/step.py:13: error: Skipping analyzing "celery": module is installed, but missing library stubs or py.typed marker  [import-untyped]
src/codestory_filesystem/step.py:15: error: Skipping analyzing "codestory.config.settings": module is installed, but missing library stubs or py.typed marker  [import-untyped]
src/codestory_filesystem/step.py:16: error: Skipping analyzing "codestory.graphdb.neo4j_connector": module is installed, but missing library stubs or py.typed marker  [import-untyped]
src/codestory_filesystem/step.py:17: error: Skipping analyzing "codestory.ingestion_pipeline.step": module is installed, but missing library stubs or py.typed marker  [import-untyped]
src/codestory_filesystem/step.py:100: error: The return type of "__init__" must be None  [misc]
src/codestory_filesystem/step.py:146: error: Skipping analyzing "codestory.ingestion_pipeline.celery_app": module is installed, but missing library stubs or py.typed marker  [import-untyped]
src/codestory_filesystem/step.py:178: error: Skipping analyzing "celery.result": module is installed, but missing library stubs or py.typed marker  [import-untyped]
src/codestory_filesystem/step.py:198: error: Returning Any from function declared to return "str"  [no-any-return]
src/codestory_filesystem/step.py:457: error: Untyped decorator makes function "process_filesystem" untyped  [misc]
src/codestory_filesystem/step.py:463: error: Function is missing a type annotation for one or more arguments  [no-untyped-def]
src/codestory_filesystem/step.py:1187: error: Value of type "object" is not indexable  [index]
src/codestory_filesystem/step.py:1189: error: Value of type "object" is not indexable  [index]
src/codestory_filesystem/step.py:1190: error: Value of type "object" is not indexable  [index]
src/codestory_filesystem/step.py:1192: error: Value of type "object" is not indexable  [index]
src/codestory_filesystem/step.py:1194: error: Value of type "object" is not indexable  [index]
src/codestory_filesystem/step.py:1195: error: Value of type "object" is not indexable  [index]
src/codestory_filesystem/step.py:1196: error: Value of type "object" is not indexable  [index]
src/codestory_filesystem/step.py:1197: error: Value of type "object" is not indexable  [index]
src/codestory_filesystem/step.py:1198: error: Value of type "object" is not indexable  [index]
src/codestory_filesystem/step.py:1201: error: Value of type "object" is not indexable  [index]
src/codestory_filesystem/step.py:1203: error: Value of type "object" is not indexable  [index]
src/codestory_filesystem/step.py:1205: error: Value of type "object" is not indexable  [index]
src/codestory_filesystem/step.py:1235: error: Value of type "object" is not indexable  [index]
src/codestory_filesystem/step.py:1236: error: Value of type "object" is not indexable  [index]
src/codestory_filesystem/step.py:1239: error: Value of type "object" is not indexable  [index]
src/codestory_filesystem/step.py:1257: error: Value of type "object" is not indexable  [index]
src/codestory_filesystem/step.py:1259: error: Value of type "object" is not indexable  [index]
src/codestory_filesystem/step.py:1261: error: Value of type "object" is not indexable  [index]
src/codestory_docgrapher/utils/path_matcher.py:12: error: Skipping analyzing "codestory.graphdb.neo4j_connector": module is installed, but missing library stubs or py.typed marker  [import-untyped]
src/codestory_docgrapher/utils/path_matcher.py:93: error: Returning Any from function declared to return "str | None"  [no-any-return]
src/codestory_docgrapher/utils/path_matcher.py:111: error: Returning Any from function declared to return "str | None"  [no-any-return]
src/codestory_docgrapher/utils/path_matcher.py:133: error: Returning Any from function declared to return "str | None"  [no-any-return]
src/codestory_docgrapher/utils/path_matcher.py:138: error: Returning Any from function declared to return "str | None"  [no-any-return]
src/codestory_docgrapher/utils/path_matcher.py:143: error: Returning Any from function declared to return "str | None"  [no-any-return]
src/codestory_docgrapher/utils/path_matcher.py:153: error: Returning Any from function declared to return "str | None"  [no-any-return]
src/codestory/graphdb/schema.py:124: error: Function is missing a type annotation for one or more arguments  [no-untyped-def]
src/codestory/graphdb/schema.py:184: error: Function is missing a type annotation for one or more arguments  [no-untyped-def]
src/codestory/graphdb/schema.py:258: error: Function is missing a type annotation for one or more arguments  [no-untyped-def]
src/codestory/graphdb/schema.py:308: error: Returning Any from function declared to return "dict[str, dict[str, bool]]"  [no-any-return]
scripts/test_vector_fallback.py:20: error: Skipping analyzing "codestory.graphdb.neo4j_connector": module is installed, but missing library stubs or py.typed marker  [import-untyped]
scripts/test_vector_fallback.py:80: error: No return value expected  [return-value]
scripts/test_vector_fallback.py:85: error: No return value expected  [return-value]
scripts/test_vector_fallback.py:91: error: No return value expected  [return-value]
scripts/test_vector_fallback.py:94: error: No return value expected  [return-value]
scripts/test_vector_fallback.py:119: error: "test_vector_fallback_implementation" does not return a value (it only ever returns None)  [func-returns-value]
scripts/inject_azure_tokens.py:35: error: Function is missing a return type annotation  [no-untyped-def]
scripts/inject_azure_tokens.py:107: error: Library stubs not installed for "toml"  [import-untyped]
scripts/inject_azure_tokens.py:107: note: Hint: "python3 -m pip install types-toml"
scripts/inject_azure_tokens.py:107: note: (or run "mypy --install-types" to install all missing stub packages)
scripts/inject_azure_tokens.py:534: error: Function is missing a return type annotation  [no-untyped-def]
scripts/azure_auth_renew.py:149: error: Returning Any from function declared to return "str | None"  [no-any-return]
scripts/test_step_dependencies.py:18: error: Skipping analyzing "codestory.ingestion_pipeline.manager": module is installed, but missing library stubs or py.typed marker  [import-untyped]
scripts/test_step_dependencies.py:19: error: Skipping analyzing "codestory.ingestion_pipeline.step": module is installed, but missing library stubs or py.typed marker  [import-untyped]
scripts/test_step_dependencies.py:20: error: Skipping analyzing "codestory_blarify.step": module is installed, but missing library stubs or py.typed marker  [import-untyped]
scripts/test_step_dependencies.py:21: error: Skipping analyzing "codestory_docgrapher.step": module is installed, but missing library stubs or py.typed marker  [import-untyped]
scripts/test_step_dependencies.py:22: error: Skipping analyzing "codestory_filesystem.step": module is installed, but missing library stubs or py.typed marker  [import-untyped]
scripts/test_step_dependencies.py:23: error: Skipping analyzing "codestory_summarizer.step": module is installed, but missing library stubs or py.typed marker  [import-untyped]
scripts/test_step_dependencies.py:26: error: Function is missing a type annotation  [no-untyped-def]
scripts/test_step_dependencies.py:67: error: Function is missing a return type annotation  [no-untyped-def]
scripts/test_step_dependencies.py:100: error: Function is missing a return type annotation  [no-untyped-def]
scripts/test_step_dependencies.py:115: error: Function is missing a type annotation  [no-untyped-def]
scripts/test_step_dependencies.py:119: error: Function is missing a type annotation  [no-untyped-def]
scripts/test_step_dependencies.py:123: error: Function is missing a type annotation  [no-untyped-def]
scripts/test_step_dependencies.py:127: error: Function is missing a type annotation  [no-untyped-def]
scripts/test_step_dependencies.py:132: error: Function is missing a type annotation  [no-untyped-def]
scripts/test_step_dependencies.py:139: error: Function is missing a type annotation  [no-untyped-def]
scripts/test_step_dependencies.py:146: error: Function is missing a type annotation  [no-untyped-def]
scripts/test_step_dependencies.py:153: error: Function is missing a type annotation  [no-untyped-def]
scripts/test_step_dependencies.py:174: error: Function is missing a type annotation  [no-untyped-def]
scripts/test_step_dependencies.py:202: error: Function is missing a return type annotation  [no-untyped-def]
scripts/test_step_dependencies.py:202: note: Use "-> None" if function does not return a value
scripts/test_step_dependencies.py:207: error: Function is missing a return type annotation  [no-untyped-def]
scripts/test_step_dependencies.py:207: note: Use "-> None" if function does not return a value
scripts/test_step_dependencies.py:246: error: Function is missing a return type annotation  [no-untyped-def]
scripts/test_step_dependencies.py:269: error: Function is missing a type annotation  [no-untyped-def]
scripts/test_step_dependencies.py:304: error: Function is missing a return type annotation  [no-untyped-def]
scripts/test_step_dependencies.py:327: error: Function is missing a type annotation  [no-untyped-def]
scripts/test_step_dependencies.py:361: error: Function is missing a return type annotation  [no-untyped-def]
scripts/test_step_dependencies.py:361: note: Use "-> None" if function does not return a value
scripts/test_step_dependencies.py:417: error: Function is missing a return type annotation  [no-untyped-def]
scripts/test_step_dependencies.py:471: error: Function is missing a return type annotation  [no-untyped-def]
scripts/test_step_dependencies.py:471: note: Use "-> None" if function does not return a value
debug_test.py:14: error: Skipping analyzing "codestory.llm.models": module is installed, but missing library stubs or py.typed marker  [import-untyped]
tests/unit/test_cli/test_main.py:9: error: Skipping analyzing "codestory.cli.client": module is installed, but missing library stubs or py.typed marker  [import-untyped]
tests/unit/test_cli/test_main.py:10: error: Skipping analyzing "codestory.cli.main": module is installed, but missing library stubs or py.typed marker  [import-untyped]
tests/unit/test_cli/test_main.py:14: error: Function is missing a return type annotation  [no-untyped-def]
tests/unit/test_cli/test_main.py:21: error: Cannot assign to a method  [method-assign]
tests/unit/test_cli/test_main.py:26: error: Cannot assign to a method  [method-assign]
tests/unit/test_cli/test_main.py:181: error: Statement is unreachable  [unreachable]
tests/unit/test_cli/test_main.py:184: error: Statement is unreachable  [unreachable]
tests/unit/test_cli/test_commands/test_visualize.py:9: error: Skipping analyzing "codestory.cli.main": module is installed, but missing library stubs or py.typed marker  [import-untyped]
tests/unit/test_cli/test_commands/test_visualize.py:202: error: Function is missing a type annotation  [no-untyped-def]
tests/unit/test_cli/test_commands/test_query.py:10: error: Skipping analyzing "codestory.cli.main": module is installed, but missing library stubs or py.typed marker  [import-untyped]
tests/unit/test_cli/test_commands/test_query.py:284: error: Function is missing a type annotation  [no-untyped-def]
tests/unit/test_cli/test_commands/test_ingest.py:9: error: Skipping analyzing "codestory.cli.commands": module is installed, but missing library stubs or py.typed marker  [import-untyped]
tests/unit/test_cli/test_commands/test_ingest.py:10: error: Skipping analyzing "codestory.cli.main": module is installed, but missing library stubs or py.typed marker  [import-untyped]
tests/integration/test_cli/test_visualize_integration.py:9: error: Skipping analyzing "codestory.cli.main": module is installed, but missing library stubs or py.typed marker  [import-untyped]
scripts/test_azure_openai.py:20: error: Skipping analyzing "codestory.llm.client": module is installed, but missing library stubs or py.typed marker  [import-untyped]
scripts/test_azure_openai.py:21: error: Skipping analyzing "codestory.llm.models": module is installed, but missing library stubs or py.typed marker  [import-untyped]
scripts/test_azure_openai.py:24: error: Function is missing a return type annotation  [no-untyped-def]
scripts/test_azure_openai.py:24: note: Use "-> None" if function does not return a value
src/codestory/llm/metrics.py:29: error: Function is missing a type annotation for one or more arguments  [no-untyped-def]
src/codestory/llm/metrics.py:50: error: Function is missing a type annotation for one or more arguments  [no-untyped-def]
src/codestory/llm/metrics.py:71: error: Function is missing a type annotation for one or more arguments  [no-untyped-def]
src/codestory/ingestion_pipeline/utils.py:222: error: "EntryPoints" has no attribute "get"  [attr-defined]
src/codestory/graphdb/metrics.py:54: error: "Collector" has no attribute "name"  [attr-defined]
src/codestory/graphdb/metrics.py:72: error: Function is missing a type annotation for one or more arguments  [no-untyped-def]
src/codestory/graphdb/metrics.py:80: error: No return value expected  [return-value]
src/codestory/graphdb/metrics.py:82: error: Function is missing a type annotation for one or more arguments  [no-untyped-def]
src/codestory/graphdb/metrics.py:134: error: "Collector" has no attribute "name"  [attr-defined]
src/codestory/graphdb/metrics.py:181: error: Item "float" of "float | None" has no attribute "labels"  [union-attr]
src/codestory/graphdb/metrics.py:181: error: Item "None" of "float | None" has no attribute "labels"  [union-attr]
src/codestory/graphdb/metrics.py:239: error: Item "float" of "float | None" has no attribute "labels"  [union-attr]
src/codestory/graphdb/metrics.py:239: error: Item "None" of "float | None" has no attribute "labels"  [union-attr]
src/codestory_blarify/step.py:14: error: Skipping analyzing "celery": module is installed, but missing library stubs or py.typed marker  [import-untyped]
src/codestory_blarify/step.py:15: error: Skipping analyzing "celery.app.control": module is installed, but missing library stubs or py.typed marker  [import-untyped]
src/codestory_blarify/step.py:16: error: Skipping analyzing "celery.result": module is installed, but missing library stubs or py.typed marker  [import-untyped]
src/codestory_blarify/step.py:19: error: Skipping analyzing "codestory.config.settings": module is installed, but missing library stubs or py.typed marker  [import-untyped]
src/codestory_blarify/step.py:20: error: Skipping analyzing "codestory.graphdb.neo4j_connector": module is installed, but missing library stubs or py.typed marker  [import-untyped]
src/codestory_blarify/step.py:21: error: Skipping analyzing "codestory.ingestion_pipeline.step": module is installed, but missing library stubs or py.typed marker  [import-untyped]
src/codestory_blarify/step.py:423: error: Untyped decorator makes function "run_blarify" untyped  [misc]
src/codestory_blarify/step.py:424: error: Function is missing a type annotation for one or more arguments  [no-untyped-def]
src/codestory_blarify/step.py:495: error: Unpacking a string is disallowed  [misc]
src/codestory_blarify/step.py:498: error: Cannot determine type of "host_path"  [has-type]
src/codestory_blarify/step.py:498: error: Cannot determine type of "container_path"  [has-type]
src/codestory_blarify/step.py:500: error: Cannot determine type of "host_path"  [has-type]
src/codestory_blarify/step.py:500: error: Cannot determine type of "container_path"  [has-type]
src/codestory_blarify/step.py:749: error: Returning Any from function declared to return "dict[str, Any]"  [no-any-return]
scripts/test_openai_client_comprehensive.py:26: error: Skipping analyzing "codestory.llm.client": module is installed, but missing library stubs or py.typed marker  [import-untyped]
scripts/test_openai_client_comprehensive.py:27: error: Skipping analyzing "codestory.llm.exceptions": module is installed, but missing library stubs or py.typed marker  [import-untyped]
scripts/test_openai_client_comprehensive.py:28: error: Skipping analyzing "codestory.llm.models": module is installed, but missing library stubs or py.typed marker  [import-untyped]
tests/unit/test_codestory_service/test_settings.py:9: error: Skipping analyzing "codestory_service.settings": module is installed, but missing library stubs or py.typed marker  [import-untyped]
tests/unit/test_codestory_service/test_settings.py:12: error: Function is missing a return type annotation  [no-untyped-def]
tests/unit/test_codestory_service/test_settings.py:12: note: Use "-> None" if function does not return a value
tests/unit/test_codestory_service/test_settings.py:26: error: Function is missing a return type annotation  [no-untyped-def]
tests/unit/test_codestory_service/test_settings.py:26: note: Use "-> None" if function does not return a value
tests/unit/test_codestory_service/test_settings.py:49: error: Function is missing a return type annotation  [no-untyped-def]
tests/unit/test_codestory_service/test_settings.py:49: note: Use "-> None" if function does not return a value
tests/unit/test_codestory_service/test_settings.py:80: error: Function is missing a return type annotation  [no-untyped-def]
tests/unit/test_codestory_service/test_settings.py:80: note: Use "-> None" if function does not return a value
tests/unit/test_codestory_service/test_settings.py:102: error: Function is missing a return type annotation  [no-untyped-def]
tests/unit/test_codestory_service/test_settings.py:102: note: Use "-> None" if function does not return a value
src/codestory_mcp/main.py:11: error: Skipping analyzing "codestory_mcp.server": module is installed, but missing library stubs or py.typed marker  [import-untyped]
src/codestory_mcp/main.py:14: error: Skipping analyzing "codestory_mcp.utils.config": module is installed, but missing library stubs or py.typed marker  [import-untyped]
src/codestory_mcp/main.py:53: error: Argument "foreign_pre_chain" to "ProcessorFormatter" has incompatible type "list[object]"; expected "Sequence[Callable[[Any, str, MutableMapping[str, Any]], Mapping[str, Any] | str | bytes | bytearray | tuple[Any, ...]]] | None"  [arg-type]
src/codestory_mcp/utils/serializers.py:40: error: Value of type "frozenset[str]" is not indexable  [index]
src/codestory_mcp/utils/serializers.py:139: error: Item "None" of "Node | None" has no attribute "id"  [union-attr]
src/codestory_mcp/utils/serializers.py:140: error: Item "None" of "Node | None" has no attribute "id"  [union-attr]
src/codestory_mcp/utils/serializers.py:192: error: Argument 1 to "to_dict" of "NodeSerializer" has incompatible type "Node | Relationship"; expected "Node"  [arg-type]
src/codestory_mcp/utils/serializers.py:204: error: Argument 1 to "to_dict" of "RelationshipSerializer" has incompatible type "Node | Relationship"; expected "Relationship"  [arg-type]
tests/unit/test_config_writer.py:11: error: Skipping analyzing "codestory.config": module is installed, but missing library stubs or py.typed marker  [import-untyped]
tests/unit/test_config_writer.py:16: error: Skipping analyzing "codestory.config.exceptions": module is installed, but missing library stubs or py.typed marker  [import-untyped]
tests/unit/test_config_writer.py:20: error: Function is missing a return type annotation  [no-untyped-def]
tests/unit/test_config_writer.py:37: error: Function is missing a return type annotation  [no-untyped-def]
tests/unit/test_config_writer.py:55: error: Function is missing a type annotation  [no-untyped-def]
tests/unit/test_config_writer.py:77: error: Function is missing a type annotation  [no-untyped-def]
tests/unit/test_config_writer.py:121: error: Function is missing a return type annotation  [no-untyped-def]
tests/unit/test_config_writer.py:141: error: Function is missing a type annotation  [no-untyped-def]
tests/unit/test_config_writer.py:180: error: Function is missing a return type annotation  [no-untyped-def]
tests/unit/test_config_writer.py:180: note: Use "-> None" if function does not return a value
tests/unit/test_config_writer.py:215: error: Function is missing a return type annotation  [no-untyped-def]
tests/unit/test_config_writer.py:215: note: Use "-> None" if function does not return a value
tests/unit/test_config_writer.py:250: error: Function is missing a return type annotation  [no-untyped-def]
tests/unit/test_config_writer.py:250: note: Use "-> None" if function does not return a value
tests/unit/test_config_writer.py:258: error: Skipping analyzing "codestory.config.settings": module is installed, but missing library stubs or py.typed marker  [import-untyped]
tests/unit/test_llm/test_metrics.py:8: error: Skipping analyzing "codestory.llm.metrics": module is installed, but missing library stubs or py.typed marker  [import-untyped]
tests/unit/test_llm/test_metrics.py:13: error: Function is missing a return type annotation  [no-untyped-def]
tests/unit/test_llm/test_metrics.py:63: error: Function is missing a type annotation  [no-untyped-def]
tests/unit/test_llm/test_metrics.py:94: error: Function is missing a type annotation  [no-untyped-def]
tests/unit/test_llm/test_metrics.py:147: error: Function is missing a type annotation  [no-untyped-def]
tests/unit/test_llm/test_metrics.py:171: error: Function is missing a type annotation  [no-untyped-def]
tests/unit/test_llm/test_metrics.py:191: error: Function is missing a type annotation  [no-untyped-def]
tests/unit/test_llm/test_metrics.py:236: error: Function is missing a type annotation  [no-untyped-def]
tests/unit/test_llm/test_metrics.py:290: error: Function is missing a type annotation  [no-untyped-def]
tests/unit/test_llm/test_metrics.py:299: error: Function is missing a type annotation  [no-untyped-def]
tests/unit/test_llm/test_metrics.py:341: error: Function is missing a type annotation  [no-untyped-def]
tests/unit/test_llm/test_metrics.py:350: error: Function is missing a type annotation  [no-untyped-def]
tests/unit/test_ingestion_pipeline/test_manager.py:12: error: Skipping analyzing "codestory.ingestion_pipeline.manager": module is installed, but missing library stubs or py.typed marker  [import-untyped]
tests/unit/test_ingestion_pipeline/test_manager.py:13: error: Skipping analyzing "codestory.ingestion_pipeline.step": module is installed, but missing library stubs or py.typed marker  [import-untyped]
tests/unit/test_ingestion_pipeline/test_manager.py:25: error: Function is missing a return type annotation  [no-untyped-def]
tests/unit/test_ingestion_pipeline/test_manager.py:45: error: Function is missing a return type annotation  [no-untyped-def]
tests/unit/test_ingestion_pipeline/test_manager.py:68: error: Function is missing a return type annotation  [no-untyped-def]
tests/unit/test_ingestion_pipeline/test_manager.py:78: error: Function is missing a type annotation  [no-untyped-def]
tests/unit/test_ingestion_pipeline/test_manager.py:91: error: Function is missing a type annotation  [no-untyped-def]
tests/unit/test_ingestion_pipeline/test_manager.py:112: error: Function is missing a type annotation  [no-untyped-def]
tests/unit/test_ingestion_pipeline/test_manager.py:126: error: Function is missing a type annotation  [no-untyped-def]
tests/unit/test_ingestion_pipeline/test_manager.py:138: error: Function is missing a type annotation  [no-untyped-def]
tests/unit/test_ingestion_pipeline/test_manager.py:151: error: Function is missing a type annotation  [no-untyped-def]
tests/unit/test_ingestion_pipeline/test_manager.py:175: error: Function is missing a type annotation  [no-untyped-def]
tests/unit/test_ingestion_pipeline/test_manager.py:213: error: Function is missing a type annotation  [no-untyped-def]
tests/unit/test_ingestion_pipeline/test_manager.py:253: error: Function is missing a type annotation  [no-untyped-def]
tests/unit/test_graphdb/test_schema.py:7: error: Skipping analyzing "codestory.graphdb.exceptions": module is installed, but missing library stubs or py.typed marker  [import-untyped]
tests/unit/test_graphdb/test_schema.py:8: error: Skipping analyzing "codestory.graphdb.schema": module is installed, but missing library stubs or py.typed marker  [import-untyped]
tests/unit/test_graphdb/test_schema.py:20: error: Function is missing a return type annotation  [no-untyped-def]
tests/unit/test_graphdb/test_schema.py:39: error: Function is missing a return type annotation  [no-untyped-def]
tests/unit/test_graphdb/test_schema.py:39: note: Use "-> None" if function does not return a value
tests/unit/test_graphdb/test_schema.py:58: error: Function is missing a return type annotation  [no-untyped-def]
tests/unit/test_graphdb/test_schema.py:58: note: Use "-> None" if function does not return a value
tests/unit/test_graphdb/test_schema.py:90: error: Function is missing a return type annotation  [no-untyped-def]
tests/unit/test_graphdb/test_schema.py:90: note: Use "-> None" if function does not return a value
tests/unit/test_graphdb/test_schema.py:104: error: Function is missing a return type annotation  [no-untyped-def]
tests/unit/test_graphdb/test_schema.py:104: note: Use "-> None" if function does not return a value
tests/unit/test_graphdb/test_schema.py:134: error: Function is missing a return type annotation  [no-untyped-def]
tests/unit/test_graphdb/test_schema.py:134: note: Use "-> None" if function does not return a value
tests/unit/test_graphdb/test_schema.py:167: error: Function is missing a return type annotation  [no-untyped-def]
tests/unit/test_graphdb/test_schema.py:167: note: Use "-> None" if function does not return a value
tests/unit/test_graphdb/test_export.py:11: error: Skipping analyzing "codestory.graphdb.exceptions": module is installed, but missing library stubs or py.typed marker  [import-untyped]
tests/unit/test_graphdb/test_export.py:12: error: Skipping analyzing "codestory.graphdb.export": module is installed, but missing library stubs or py.typed marker  [import-untyped]
tests/unit/test_graphdb/test_export.py:18: error: Skipping analyzing "codestory.graphdb.neo4j_connector": module is installed, but missing library stubs or py.typed marker  [import-untyped]
tests/unit/test_graphdb/test_export.py:22: error: Function is missing a return type annotation  [no-untyped-def]
tests/unit/test_graphdb/test_export.py:35: error: Function is missing a type annotation  [no-untyped-def]
tests/unit/test_graphdb/test_export.py:66: error: Function is missing a type annotation  [no-untyped-def]
tests/unit/test_graphdb/test_export.py:99: error: Function is missing a type annotation  [no-untyped-def]
tests/unit/test_graphdb/test_export.py:121: error: Function is missing a type annotation  [no-untyped-def]
tests/unit/test_graphdb/test_export.py:141: error: Function is missing a type annotation  [no-untyped-def]
tests/unit/test_graphdb/test_export.py:153: error: Function is missing a type annotation  [no-untyped-def]
tests/unit/test_graphdb/test_export.py:188: error: Function is missing a type annotation  [no-untyped-def]
tests/unit/test_graphdb/test_export.py:215: error: Function is missing a type annotation  [no-untyped-def]
tests/unit/test_config/test_settings_imports.py:6: error: Function is missing a return type annotation  [no-untyped-def]
tests/unit/test_config/test_settings_imports.py:6: note: Use "-> None" if function does not return a value
tests/unit/test_config/test_settings_imports.py:10: error: Skipping analyzing "codestory.ingestion_pipeline.celery_app": module is installed, but missing library stubs or py.typed marker  [import-untyped]
tests/unit/test_config/test_settings_imports.py:18: error: Function is missing a return type annotation  [no-untyped-def]
tests/unit/test_config/test_settings_imports.py:18: note: Use "-> None" if function does not return a value
tests/unit/test_config/test_settings_imports.py:20: error: Skipping analyzing "codestory.config.settings": module is installed, but missing library stubs or py.typed marker  [import-untyped]
tests/unit/test_config/test_settings_imports.py:40: error: Function is missing a return type annotation  [no-untyped-def]
tests/unit/test_config/test_settings_imports.py:40: note: Use "-> None" if function does not return a value
tests/unit/test_codestory_mcp/test_serializers.py:7: error: Skipping analyzing "codestory_mcp.utils.serializers": module is installed, but missing library stubs or py.typed marker  [import-untyped]
tests/unit/test_codestory_mcp/test_serializers.py:14: error: Function is missing a return type annotation  [no-untyped-def]
tests/unit/test_codestory_mcp/test_serializers.py:28: error: Function is missing a type annotation  [no-untyped-def]
tests/unit/test_codestory_mcp/test_serializers.py:35: error: Function is missing a type annotation  [no-untyped-def]
tests/unit/test_codestory_mcp/test_serializers.py:45: error: Function is missing a type annotation  [no-untyped-def]
tests/unit/test_codestory_mcp/test_serializers.py:58: error: Function is missing a type annotation  [no-untyped-def]
tests/unit/test_codestory_mcp/test_serializers.py:64: error: Function is missing a type annotation  [no-untyped-def]
tests/unit/test_codestory_mcp/test_serializers.py:72: error: Function is missing a type annotation  [no-untyped-def]
tests/unit/test_codestory_mcp/test_serializers.py:81: error: Function is missing a type annotation  [no-untyped-def]
tests/unit/test_codestory_mcp/test_serializers.py:88: error: Function is missing a type annotation  [no-untyped-def]
tests/unit/test_codestory_mcp/test_serializers.py:95: error: Function is missing a type annotation  [no-untyped-def]
tests/unit/test_codestory_mcp/test_serializers.py:110: error: Function is missing a type annotation  [no-untyped-def]
tests/unit/test_codestory_mcp/test_serializers.py:117: error: Function is missing a type annotation  [no-untyped-def]
tests/unit/test_codestory_mcp/test_serializers.py:124: error: Function is missing a type annotation  [no-untyped-def]
tests/unit/test_codestory_mcp/test_serializers.py:146: error: Function is missing a return type annotation  [no-untyped-def]
tests/unit/test_codestory_mcp/test_serializers.py:157: error: Function is missing a type annotation  [no-untyped-def]
tests/unit/test_codestory_mcp/test_serializers.py:164: error: Function is missing a type annotation  [no-untyped-def]
tests/unit/test_codestory_mcp/test_serializers.py:175: error: Function is missing a return type annotation  [no-untyped-def]
tests/unit/test_codestory_mcp/test_serializers.py:193: error: Function is missing a type annotation  [no-untyped-def]
tests/unit/test_codestory_mcp/test_serializers.py:200: error: Function is missing a type annotation  [no-untyped-def]
tests/unit/test_codestory_mcp/test_serializers.py:210: error: Function is missing a type annotation  [no-untyped-def]
tests/unit/test_codestory_mcp/test_serializers.py:222: error: Function is missing a type annotation  [no-untyped-def]
tests/unit/test_codestory_mcp/test_serializers.py:230: error: Function is missing a type annotation  [no-untyped-def]
tests/unit/test_codestory_mcp/test_serializers.py:239: error: Function is missing a return type annotation  [no-untyped-def]
tests/unit/test_codestory_mcp/test_serializers.py:246: error: Function is missing a type annotation  [no-untyped-def]
tests/unit/test_codestory_mcp/test_serializers.py:253: error: Function is missing a type annotation  [no-untyped-def]
tests/unit/test_codestory_mcp/test_serializers.py:264: error: Function is missing a type annotation  [no-untyped-def]
tests/unit/test_codestory_mcp/test_serializers.py:268: error: Function is missing a type annotation  [no-untyped-def]
tests/unit/test_codestory_mcp/test_config.py:8: error: Skipping analyzing "codestory_mcp.utils.config": module is installed, but missing library stubs or py.typed marker  [import-untyped]
tests/unit/test_codestory_mcp/test_config.py:11: error: Function is missing a return type annotation  [no-untyped-def]
tests/unit/test_codestory_mcp/test_config.py:11: note: Use "-> None" if function does not return a value
tests/unit/test_codestory_mcp/test_config.py:32: error: Function is missing a return type annotation  [no-untyped-def]
tests/unit/test_codestory_mcp/test_config.py:32: note: Use "-> None" if function does not return a value
tests/unit/test_codestory_mcp/test_config.py:82: error: Function is missing a type annotation  [no-untyped-def]
tests/unit/test_codestory_mcp/test_config.py:91: error: Function is missing a return type annotation  [no-untyped-def]
tests/unit/test_codestory_mcp/test_config.py:91: note: Use "-> None" if function does not return a value
tests/unit/test_codestory_mcp/test_auth.py:7: error: Skipping analyzing "codestory_mcp.auth.entra_validator": module is installed, but missing library stubs or py.typed marker  [import-untyped]
tests/unit/test_codestory_mcp/test_auth.py:12: error: Skipping analyzing "codestory_mcp.auth.scope_manager": module is installed, but missing library stubs or py.typed marker  [import-untyped]
tests/unit/test_codestory_mcp/test_auth.py:18: error: Function is missing a return type annotation  [no-untyped-def]
tests/unit/test_codestory_mcp/test_auth.py:18: note: Use "-> None" if function does not return a value
tests/unit/test_codestory_mcp/test_auth.py:27: error: Function is missing a return type annotation  [no-untyped-def]
tests/unit/test_codestory_mcp/test_auth.py:27: note: Use "-> None" if function does not return a value
tests/unit/test_codestory_mcp/test_auth.py:37: error: Function is missing a return type annotation  [no-untyped-def]
tests/unit/test_codestory_mcp/test_auth.py:37: note: Use "-> None" if function does not return a value
tests/unit/test_codestory_mcp/test_auth.py:46: error: Function is missing a return type annotation  [no-untyped-def]
tests/unit/test_codestory_mcp/test_auth.py:46: note: Use "-> None" if function does not return a value
tests/unit/test_codestory_mcp/test_auth.py:57: error: Function is missing a return type annotation  [no-untyped-def]
tests/unit/test_codestory_mcp/test_auth.py:57: note: Use "-> None" if function does not return a value
tests/unit/test_codestory_mcp/test_auth.py:67: error: Function is missing a return type annotation  [no-untyped-def]
tests/unit/test_codestory_mcp/test_auth.py:67: note: Use "-> None" if function does not return a value
tests/unit/test_codestory_mcp/test_auth.py:86: error: Function is missing a return type annotation  [no-untyped-def]
tests/unit/test_codestory_mcp/test_auth.py:92: error: Function is missing a return type annotation  [no-untyped-def]
tests/unit/test_codestory_mcp/test_auth.py:98: error: Function is missing a type annotation  [no-untyped-def]
tests/unit/test_codestory_mcp/test_auth.py:102: error: Function is missing a type annotation  [no-untyped-def]
tests/unit/test_codestory_mcp/test_auth.py:113: error: Function is missing a type annotation  [no-untyped-def]
tests/unit/test_codestory_mcp/test_auth.py:149: error: Function is missing a type annotation  [no-untyped-def]
tests/unit/test_codestory_mcp/test_auth.py:163: error: Function is missing a type annotation  [no-untyped-def]
tests/unit/test_codestory_mcp/test_auth.py:177: error: Function is missing a type annotation  [no-untyped-def]
tests/unit/test_cli/conftest.py:11: error: Skipping analyzing "codestory.cli.client": module is installed, but missing library stubs or py.typed marker  [import-untyped]
tests/unit/test_cli/test_commands/test_service.py:10: error: Skipping analyzing "codestory.cli.client.service_client": module is installed, but missing library stubs or py.typed marker  [import-untyped]
tests/unit/test_cli/test_commands/test_service.py:11: error: Skipping analyzing "codestory.cli.commands.service": module is installed, but missing library stubs or py.typed marker  [import-untyped]
tests/unit/test_cli/test_commands/test_service.py:18: error: Function is missing a return type annotation  [no-untyped-def]
tests/unit/test_cli/test_commands/test_service.py:34: error: Function is missing a return type annotation  [no-untyped-def]
tests/unit/test_cli/test_commands/test_service.py:39: error: Function is missing a type annotation  [no-untyped-def]
tests/unit/test_cli/test_commands/test_service.py:44: error: Function is missing a return type annotation  [no-untyped-def]
tests/unit/test_cli/test_commands/test_service.py:44: note: Use "-> None" if function does not return a value
tests/unit/test_cli/test_commands/test_service.py:52: error: Function is missing a type annotation  [no-untyped-def]
tests/unit/test_cli/test_commands/test_service.py:67: error: Function is missing a type annotation  [no-untyped-def]
tests/unit/test_cli/test_commands/test_service.py:97: error: Function is missing a type annotation  [no-untyped-def]
tests/unit/test_cli/test_commands/test_service.py:129: error: Function is missing a type annotation  [no-untyped-def]
tests/unit/test_cli/test_commands/test_service.py:159: error: Function is missing a type annotation  [no-untyped-def]
tests/unit/test_cli/test_commands/test_service.py:185: error: Function is missing a type annotation  [no-untyped-def]
tests/unit/test_cli/test_commands/test_service.py:221: error: Function is missing a type annotation  [no-untyped-def]
tests/unit/test_cli/test_commands/test_repository_mounting.py:11: error: Skipping analyzing "codestory.cli.client.service_client": module is installed, but missing library stubs or py.typed marker  [import-untyped]
tests/unit/test_cli/test_commands/test_repository_mounting.py:12: error: Skipping analyzing "codestory.cli.commands": module is installed, but missing library stubs or py.typed marker  [import-untyped]
tests/unit/test_cli/test_commands/test_repository_mounting.py:16: error: Function is missing a return type annotation  [no-untyped-def]
tests/unit/test_cli/test_commands/test_repository_mounting.py:24: error: Function is missing a return type annotation  [no-untyped-def]
tests/unit/test_cli/test_commands/test_repository_mounting.py:40: error: Function is missing a return type annotation  [no-untyped-def]
tests/unit/test_cli/test_commands/test_repository_mounting.py:40: note: Use "-> None" if function does not return a value
tests/unit/test_cli/test_commands/test_repository_mounting.py:78: error: Function is missing a return type annotation  [no-untyped-def]
tests/unit/test_cli/test_commands/test_repository_mounting.py:78: note: Use "-> None" if function does not return a value
tests/unit/test_cli/test_commands/test_repository_mounting.py:146: error: Function is missing a return type annotation  [no-untyped-def]
tests/unit/test_cli/test_commands/test_repository_mounting.py:146: note: Use "-> None" if function does not return a value
tests/unit/test_cli/test_commands/test_database.py:8: error: Skipping analyzing "codestory.cli.client": module is installed, but missing library stubs or py.typed marker  [import-untyped]
tests/unit/test_cli/test_commands/test_database.py:9: error: Skipping analyzing "codestory.cli.commands.database": module is installed, but missing library stubs or py.typed marker  [import-untyped]
tests/unit/test_cli/test_commands/test_database.py:13: error: Function is missing a return type annotation  [no-untyped-def]
tests/unit/test_cli/test_commands/test_database.py:25: error: Function is missing a return type annotation  [no-untyped-def]
tests/unit/test_cli/test_commands/test_database.py:31: error: Function is missing a type annotation  [no-untyped-def]
tests/unit/test_cli/test_commands/test_database.py:38: error: Function is missing a return type annotation  [no-untyped-def]
tests/unit/test_cli/test_commands/test_database.py:38: note: Use "-> None" if function does not return a value
tests/unit/test_cli/test_commands/test_database.py:46: error: Function is missing a type annotation  [no-untyped-def]
tests/unit/test_cli/test_commands/test_database.py:56: error: Function is missing a type annotation  [no-untyped-def]
tests/unit/test_cli/test_commands/backup/test_auto_mount.py:12: error: Skipping analyzing "codestory.cli.client.service_client": module is installed, but missing library stubs or py.typed marker  [import-untyped]
tests/unit/test_cli/test_commands/backup/test_auto_mount.py:13: error: Skipping analyzing "codestory.cli.commands.ingest": module is installed, but missing library stubs or py.typed marker  [import-untyped]
tests/unit/test_cli/test_commands/backup/test_auto_mount.py:17: error: Function is missing a return type annotation  [no-untyped-def]
tests/unit/test_cli/test_commands/backup/test_auto_mount.py:25: error: Function is missing a return type annotation  [no-untyped-def]
tests/unit/test_cli/test_commands/backup/test_auto_mount.py:41: error: Function is missing a type annotation  [no-untyped-def]
tests/unit/test_cli/test_commands/backup/test_auto_mount.py:72: error: Function is missing a type annotation  [no-untyped-def]
tests/unit/test_cli/test_commands/backup/test_auto_mount.py:132: error: Function is missing a type annotation  [no-untyped-def]
tests/unit/test_cli/test_commands/backup/test_auto_mount.py:161: error: Function is missing a type annotation  [no-untyped-def]
tests/unit/test_cli/test_commands/backup/test_auto_mount.py:193: error: Function is missing a type annotation  [no-untyped-def]
tests/unit/test_cli/test_commands/backup/test_auto_mount.py:231: error: Function is missing a type annotation  [no-untyped-def]
tests/integration/test_docker_network.py:83: error: Function is missing a type annotation  [no-untyped-def]
tests/integration/test_docker_network.py:112: error: Function is missing a type annotation  [no-untyped-def]
tests/integration/test_docker_network.py:131: error: Function is missing a type annotation  [no-untyped-def]
tests/integration/test_docker_network.py:153: error: Function is missing a type annotation  [no-untyped-def]
tests/integration/test_llm/test_client_integration.py:9: error: Skipping analyzing "codestory.config.settings": module is installed, but missing library stubs or py.typed marker  [import-untyped]
tests/integration/test_llm/test_client_integration.py:10: error: Skipping analyzing "codestory.llm.client": module is installed, but missing library stubs or py.typed marker  [import-untyped]
tests/integration/test_llm/test_client_integration.py:11: error: Skipping analyzing "codestory.llm.models": module is installed, but missing library stubs or py.typed marker  [import-untyped]
tests/integration/test_llm/test_client_integration.py:18: error: Function is missing a type annotation  [no-untyped-def]
tests/integration/test_llm/test_client_integration.py:39: error: Function is missing a type annotation  [no-untyped-def]
tests/integration/test_llm/test_client_integration.py:52: error: Function is missing a type annotation  [no-untyped-def]
tests/integration/test_llm/test_client_integration.py:85: error: Function is missing a type annotation  [no-untyped-def]
tests/integration/test_llm/test_client_integration.py:109: error: Function is missing a type annotation  [no-untyped-def]
tests/integration/test_llm/conftest.py:9: error: Skipping analyzing "codestory.config.settings": module is installed, but missing library stubs or py.typed marker  [import-untyped]
tests/integration/test_llm/conftest.py:10: error: Skipping analyzing "codestory.llm.client": module is installed, but missing library stubs or py.typed marker  [import-untyped]
tests/integration/test_llm/conftest.py:13: error: Function is missing a type annotation  [no-untyped-def]
tests/integration/test_llm/conftest.py:30: error: Function is missing a type annotation  [no-untyped-def]
tests/integration/test_llm/conftest.py:36: error: Function is missing a type annotation  [no-untyped-def]
tests/integration/test_llm/conftest.py:102: error: Function is missing a type annotation for one or more arguments  [no-untyped-def]
tests/integration/test_llm/conftest.py:139: error: Function is missing a type annotation for one or more arguments  [no-untyped-def]
tests/integration/test_ingestion_pipeline/test_task_registration.py:9: error: Skipping analyzing "codestory.ingestion_pipeline.celery_app": module is installed, but missing library stubs or py.typed marker  [import-untyped]
tests/integration/test_ingestion_pipeline/test_task_registration.py:10: error: Skipping analyzing "codestory_filesystem.step": module is installed, but missing library stubs or py.typed marker  [import-untyped]
tests/integration/test_ingestion_pipeline/test_task_registration.py:15: error: Function is missing a return type annotation  [no-untyped-def]
tests/integration/test_ingestion_pipeline/test_task_registration.py:15: note: Use "-> None" if function does not return a value
tests/integration/test_ingestion_pipeline/test_task_registration.py:29: error: Function is missing a return type annotation  [no-untyped-def]
tests/integration/test_ingestion_pipeline/test_task_registration.py:29: note: Use "-> None" if function does not return a value
tests/integration/test_ingestion_pipeline/test_task_registration.py:50: error: Function is missing a return type annotation  [no-untyped-def]
tests/integration/test_ingestion_pipeline/test_task_registration.py:50: note: Use "-> None" if function does not return a value
tests/integration/test_ingestion_pipeline/test_task_registration.py:56: error: Skipping analyzing "codestory.ingestion_pipeline.tasks": module is installed, but missing library stubs or py.typed marker  [import-untyped]
tests/integration/test_ingestion_pipeline/test_task_registration.py:69: error: Function is missing a return type annotation  [no-untyped-def]
tests/integration/test_ingestion_pipeline/test_task_registration.py:69: note: Use "-> None" if function does not return a value
tests/integration/test_ingestion_pipeline/test_summarizer_integration.py:20: error: Skipping analyzing "codestory.graphdb.neo4j_connector": module is installed, but missing library stubs or py.typed marker  [import-untyped]
tests/integration/test_ingestion_pipeline/test_summarizer_integration.py:21: error: Skipping analyzing "codestory.ingestion_pipeline.step": module is installed, but missing library stubs or py.typed marker  [import-untyped]
tests/integration/test_ingestion_pipeline/test_summarizer_integration.py:22: error: Skipping analyzing "codestory.llm.models": module is installed, but missing library stubs or py.typed marker  [import-untyped]
tests/integration/test_ingestion_pipeline/test_summarizer_integration.py:29: error: Skipping analyzing "codestory_summarizer.step": module is installed, but missing library stubs or py.typed marker  [import-untyped]
tests/integration/test_ingestion_pipeline/test_summarizer_integration.py:33: error: Function is missing a type annotation  [no-untyped-def]
tests/integration/test_ingestion_pipeline/test_summarizer_integration.py:214: error: Function is missing a return type annotation  [no-untyped-def]
tests/integration/test_ingestion_pipeline/test_summarizer_integration.py:220: error: Function is missing a type annotation  [no-untyped-def]
tests/integration/test_ingestion_pipeline/test_summarizer_integration.py:266: error: Function is missing a return type annotation  [no-untyped-def]
tests/integration/test_ingestion_pipeline/test_summarizer_integration.py:351: error: Function is missing a return type annotation  [no-untyped-def]
tests/integration/test_ingestion_pipeline/test_summarizer_integration.py:371: error: Function is missing a type annotation  [no-untyped-def]
tests/integration/test_ingestion_pipeline/test_summarizer_integration.py:417: error: Value of type "Any | None" is not indexable  [index]
tests/integration/test_ingestion_pipeline/test_summarizer_integration.py:465: error: Function is missing a type annotation  [no-untyped-def]
tests/integration/test_ingestion_pipeline/test_summarizer_integration.py:475: error: Function is missing a type annotation  [no-untyped-def]
tests/integration/test_ingestion_pipeline/test_summarizer_integration.py:768: error: Function is missing a type annotation  [no-untyped-def]
tests/integration/test_ingestion_pipeline/test_summarizer_integration.py:777: error: Function is missing a type annotation  [no-untyped-def]
tests/integration/test_ingestion_pipeline/test_summarizer_integration.py:845: error: Function is missing a type annotation  [no-untyped-def]
tests/integration/test_ingestion_pipeline/test_step_dependencies.py:17: error: Skipping analyzing "codestory.ingestion_pipeline.manager": module is installed, but missing library stubs or py.typed marker  [import-untyped]
tests/integration/test_ingestion_pipeline/test_step_dependencies.py:18: error: Skipping analyzing "codestory.ingestion_pipeline.step": module is installed, but missing library stubs or py.typed marker  [import-untyped]
tests/integration/test_ingestion_pipeline/test_step_dependencies.py:19: error: Skipping analyzing "codestory_blarify.step": module is installed, but missing library stubs or py.typed marker  [import-untyped]
tests/integration/test_ingestion_pipeline/test_step_dependencies.py:20: error: Skipping analyzing "codestory_docgrapher.step": module is installed, but missing library stubs or py.typed marker  [import-untyped]
tests/integration/test_ingestion_pipeline/test_step_dependencies.py:21: error: Skipping analyzing "codestory_filesystem.step": module is installed, but missing library stubs or py.typed marker  [import-untyped]
tests/integration/test_ingestion_pipeline/test_step_dependencies.py:22: error: Skipping analyzing "codestory_summarizer.step": module is installed, but missing library stubs or py.typed marker  [import-untyped]
tests/integration/test_ingestion_pipeline/test_step_dependencies.py:399: error: Function is missing a return type annotation  [no-untyped-def]
tests/integration/test_ingestion_pipeline/test_step_dependencies.py:428: error: Function is missing a type annotation  [no-untyped-def]
tests/integration/test_ingestion_pipeline/test_progress_tracking.py:16: error: Skipping analyzing "codestory.ingestion_pipeline.manager": module is installed, but missing library stubs or py.typed marker  [import-untyped]
tests/integration/test_ingestion_pipeline/test_progress_tracking.py:17: error: Skipping analyzing "codestory.ingestion_pipeline.step": module is installed, but missing library stubs or py.typed marker  [import-untyped]
tests/integration/test_ingestion_pipeline/test_progress_tracking.py:18: error: Skipping analyzing "codestory_blarify.step": module is installed, but missing library stubs or py.typed marker  [import-untyped]
tests/integration/test_ingestion_pipeline/test_progress_tracking.py:19: error: Skipping analyzing "codestory_filesystem.step": module is installed, but missing library stubs or py.typed marker  [import-untyped]
tests/integration/test_ingestion_pipeline/test_progress_tracking.py:20: error: Skipping analyzing "codestory_summarizer.step": module is installed, but missing library stubs or py.typed marker  [import-untyped]
tests/integration/test_ingestion_pipeline/test_pipeline_integration.py:20: error: Skipping analyzing "codestory.graphdb.neo4j_connector": module is installed, but missing library stubs or py.typed marker  [import-untyped]
tests/integration/test_ingestion_pipeline/test_pipeline_integration.py:21: error: Skipping analyzing "codestory.ingestion_pipeline.manager": module is installed, but missing library stubs or py.typed marker  [import-untyped]
tests/integration/test_ingestion_pipeline/test_pipeline_integration.py:22: error: Skipping analyzing "codestory.ingestion_pipeline.step": module is installed, but missing library stubs or py.typed marker  [import-untyped]
tests/integration/test_ingestion_pipeline/test_pipeline_integration.py:26: error: Function is missing a type annotation  [no-untyped-def]
tests/integration/test_ingestion_pipeline/test_pipeline_integration.py:220: error: Function is missing a return type annotation  [no-untyped-def]
tests/integration/test_ingestion_pipeline/test_pipeline_integration.py:243: error: Function is missing a return type annotation  [no-untyped-def]
tests/integration/test_ingestion_pipeline/test_pipeline_integration.py:267: error: Function is missing a return type annotation  [no-untyped-def]
tests/integration/test_ingestion_pipeline/test_pipeline_integration.py:292: error: Function is missing a type annotation  [no-untyped-def]
tests/integration/test_ingestion_pipeline/test_pipeline_integration.py:306: error: Function is missing a type annotation  [no-untyped-def]
tests/integration/test_ingestion_pipeline/test_pipeline_integration.py:361: error: Function is missing a type annotation  [no-untyped-def]
tests/integration/test_ingestion_pipeline/test_pipeline_integration.py:373: error: Function is missing a type annotation  [no-untyped-def]
tests/integration/test_ingestion_pipeline/test_pipeline_integration.py:384: error: Function is missing a type annotation  [no-untyped-def]
tests/integration/test_ingestion_pipeline/test_pipeline_integration.py:390: error: Function is missing a type annotation  [no-untyped-def]
tests/integration/test_ingestion_pipeline/test_pipeline_integration.py:420: error: Function is missing a type annotation  [no-untyped-def]
tests/integration/test_ingestion_pipeline/test_pipeline_integration.py:432: error: Function is missing a type annotation  [no-untyped-def]
tests/integration/test_ingestion_pipeline/test_pipeline_integration.py:459: error: Function is missing a type annotation  [no-untyped-def]
tests/integration/test_ingestion_pipeline/test_filesystem_simple.py:12: error: Skipping analyzing "codestory.config.settings": module is installed, but missing library stubs or py.typed marker  [import-untyped]
tests/integration/test_ingestion_pipeline/test_filesystem_simple.py:13: error: Skipping analyzing "codestory.graphdb.neo4j_connector": module is installed, but missing library stubs or py.typed marker  [import-untyped]
tests/integration/test_ingestion_pipeline/test_filesystem_simple.py:17: error: Function is missing a type annotation  [no-untyped-def]
tests/integration/test_ingestion_pipeline/test_filesystem_simple.py:41: error: Function is missing a type annotation  [no-untyped-def]
tests/integration/test_ingestion_pipeline/test_filesystem_integration.py:19: error: Skipping analyzing "codestory.graphdb.neo4j_connector": module is installed, but missing library stubs or py.typed marker  [import-untyped]
tests/integration/test_ingestion_pipeline/test_filesystem_integration.py:20: error: Skipping analyzing "codestory.ingestion_pipeline.step": module is installed, but missing library stubs or py.typed marker  [import-untyped]
tests/integration/test_ingestion_pipeline/test_filesystem_integration.py:21: error: Skipping analyzing "codestory_filesystem.step": module is installed, but missing library stubs or py.typed marker  [import-untyped]
tests/integration/test_ingestion_pipeline/test_filesystem_integration.py:25: error: Function is missing a type annotation  [no-untyped-def]
tests/integration/test_ingestion_pipeline/test_filesystem_integration.py:219: error: Function is missing a return type annotation  [no-untyped-def]
tests/integration/test_ingestion_pipeline/test_filesystem_integration.py:248: error: Function is missing a return type annotation  [no-untyped-def]
tests/integration/test_ingestion_pipeline/test_filesystem_integration.py:275: error: Function is missing a type annotation  [no-untyped-def]
tests/integration/test_ingestion_pipeline/test_filesystem_integration.py:297: error: Function is missing a type annotation  [no-untyped-def]
tests/integration/test_ingestion_pipeline/test_filesystem_integration.py:378: error: Function is missing a type annotation  [no-untyped-def]
tests/integration/test_ingestion_pipeline/test_filesystem_integration.py:394: error: Function is missing a type annotation  [no-untyped-def]
tests/integration/test_ingestion_pipeline/test_filesystem_integration.py:449: error: Function is missing a type annotation  [no-untyped-def]
tests/integration/test_ingestion_pipeline/test_filesystem_direct.py:17: error: Skipping analyzing "codestory.config.settings": module is installed, but missing library stubs or py.typed marker  [import-untyped]
tests/integration/test_ingestion_pipeline/test_filesystem_direct.py:18: error: Skipping analyzing "codestory.ingestion_pipeline.step": module is installed, but missing library stubs or py.typed marker  [import-untyped]
tests/integration/test_ingestion_pipeline/test_filesystem_direct.py:43: error: Function is missing a return type annotation  [no-untyped-def]
tests/integration/test_ingestion_pipeline/test_filesystem_direct.py:74: error: Function is missing a type annotation  [no-untyped-def]
tests/integration/test_ingestion_pipeline/test_filesystem_direct.py:265: error: Function is missing a type annotation  [no-untyped-def]
tests/integration/test_ingestion_pipeline/test_filesystem_direct.py:334: error: Function is missing a type annotation  [no-untyped-def]
tests/integration/test_ingestion_pipeline/test_docgrapher_integration.py:25: error: Skipping analyzing "codestory.graphdb.neo4j_connector": module is installed, but missing library stubs or py.typed marker  [import-untyped]
tests/integration/test_ingestion_pipeline/test_docgrapher_integration.py:26: error: Skipping analyzing "codestory.llm.models": module is installed, but missing library stubs or py.typed marker  [import-untyped]
tests/integration/test_ingestion_pipeline/test_docgrapher_integration.py:33: error: Skipping analyzing "codestory_docgrapher.step": module is installed, but missing library stubs or py.typed marker  [import-untyped]
tests/integration/test_ingestion_pipeline/test_docgrapher_integration.py:34: error: Skipping analyzing "codestory_filesystem.step": module is installed, but missing library stubs or py.typed marker  [import-untyped]
tests/integration/test_ingestion_pipeline/test_docgrapher_integration.py:41: error: Function is missing a return type annotation  [no-untyped-def]
tests/integration/test_ingestion_pipeline/test_docgrapher_integration.py:134: error: Function is missing a return type annotation  [no-untyped-def]
tests/integration/test_ingestion_pipeline/test_docgrapher_integration.py:153: error: Function is missing a type annotation  [no-untyped-def]
tests/integration/test_ingestion_pipeline/test_docgrapher_integration.py:325: error: Function is missing a return type annotation  [no-untyped-def]
tests/integration/test_ingestion_pipeline/test_docgrapher_integration.py:368: error: Function is missing a type annotation  [no-untyped-def]
tests/integration/test_ingestion_pipeline/test_docgrapher_integration.py:520: error: Function is missing a type annotation  [no-untyped-def]
tests/integration/test_ingestion_pipeline/test_blarify_integration.py:32: error: Skipping analyzing "codestory.graphdb.neo4j_connector": module is installed, but missing library stubs or py.typed marker  [import-untyped]
tests/integration/test_ingestion_pipeline/test_blarify_integration.py:33: error: Skipping analyzing "codestory.ingestion_pipeline.step": module is installed, but missing library stubs or py.typed marker  [import-untyped]
tests/integration/test_ingestion_pipeline/test_blarify_integration.py:34: error: Skipping analyzing "codestory_blarify.step": module is installed, but missing library stubs or py.typed marker  [import-untyped]
tests/integration/test_ingestion_pipeline/test_blarify_integration.py:41: error: Function is missing a return type annotation  [no-untyped-def]
tests/integration/test_ingestion_pipeline/test_blarify_integration.py:104: error: Function is missing a return type annotation  [no-untyped-def]
tests/integration/test_ingestion_pipeline/test_blarify_integration.py:148: error: Function is missing a return type annotation  [no-untyped-def]
tests/integration/test_ingestion_pipeline/test_blarify_integration.py:318: error: Function is missing a type annotation  [no-untyped-def]
tests/integration/test_ingestion_pipeline/test_blarify_integration.py:335: error: Function is missing a type annotation  [no-untyped-def]
tests/integration/test_ingestion_pipeline/test_blarify_integration.py:568: error: Function is missing a type annotation  [no-untyped-def]
tests/integration/test_ingestion_pipeline/test_blarify_integration.py:593: error: Statement is unreachable  [unreachable]
tests/integration/test_ingestion_pipeline/test_blarify_integration.py:697: error: Value of type "Any | None" is not indexable  [index]
tests/integration/test_ingestion_pipeline/test_blarify_integration.py:700: error: Value of type "Any | None" is not indexable  [index]
tests/integration/test_ingestion_pipeline/test_blarify_integration.py:703: error: Value of type "Any | None" is not indexable  [index]
tests/integration/test_ingestion_pipeline/base_pipeline_test.py:24: error: Function is missing a type annotation  [no-untyped-def]
tests/integration/test_ingestion_pipeline/base_pipeline_test.py:39: error: Skipping analyzing "codestory_blarify.step": module is installed, but missing library stubs or py.typed marker  [import-untyped]
tests/integration/test_ingestion_pipeline/base_pipeline_test.py:40: error: Skipping analyzing "codestory_docgrapher.step": module is installed, but missing library stubs or py.typed marker  [import-untyped]
tests/integration/test_ingestion_pipeline/base_pipeline_test.py:41: error: Skipping analyzing "codestory_filesystem.step": module is installed, but missing library stubs or py.typed marker  [import-untyped]
tests/integration/test_ingestion_pipeline/base_pipeline_test.py:42: error: Skipping analyzing "codestory_summarizer.step": module is installed, but missing library stubs or py.typed marker  [import-untyped]
tests/integration/test_ingestion_pipeline/base_pipeline_test.py:77: error: Function is missing a return type annotation  [no-untyped-def]
tests/integration/test_ingestion_pipeline/base_pipeline_test.py:137: error: Function is missing a type annotation  [no-untyped-def]
tests/integration/test_ingestion_pipeline/base_pipeline_test.py:156: error: Function is missing a return type annotation  [no-untyped-def]
tests/integration/test_ingestion_pipeline/base_pipeline_test.py:156: note: Use "-> None" if function does not return a value
tests/integration/test_graphdb/test_neo4j_integration.py:17: error: Skipping analyzing "codestory.graphdb.exceptions": module is installed, but missing library stubs or py.typed marker  [import-untyped]
tests/integration/test_graphdb/test_neo4j_integration.py:20: error: Skipping analyzing "codestory.graphdb.models": module is installed, but missing library stubs or py.typed marker  [import-untyped]
tests/integration/test_graphdb/test_neo4j_integration.py:21: error: Skipping analyzing "codestory.graphdb.neo4j_connector": module is installed, but missing library stubs or py.typed marker  [import-untyped]
tests/integration/test_graphdb/test_neo4j_integration.py:22: error: Skipping analyzing "codestory.graphdb.schema": module is installed, but missing library stubs or py.typed marker  [import-untyped]
tests/integration/test_graphdb/test_neo4j_connectivity.py:15: error: Skipping analyzing "codestory.config": module is installed, but missing library stubs or py.typed marker  [import-untyped]
tests/integration/test_graphdb/test_neo4j_connectivity.py:16: error: Skipping analyzing "codestory.graphdb.neo4j_connector": module is installed, but missing library stubs or py.typed marker  [import-untyped]
tests/integration/test_graphdb/test_neo4j_connectivity.py:20: error: Function is missing a type annotation  [no-untyped-def]
tests/integration/test_demos/test_mcp_demo.py:16: error: Function is missing a return type annotation  [no-untyped-def]
tests/integration/test_demos/test_mcp_demo.py:79: error: Function is missing a type annotation  [no-untyped-def]
tests/integration/test_demos/test_mcp_demo.py:88: error: Function is missing a type annotation  [no-untyped-def]
tests/integration/test_demos/test_mcp_demo.py:97: error: Function is missing a type annotation  [no-untyped-def]
tests/integration/test_demos/test_mcp_demo.py:114: error: Function is missing a type annotation  [no-untyped-def]
tests/integration/test_demos/test_mcp_demo.py:138: error: Function is missing a type annotation  [no-untyped-def]
tests/integration/test_demos/test_mcp_demo.py:168: error: Function is missing a type annotation  [no-untyped-def]
tests/integration/test_demos/test_cli_demo.py:14: error: Function is missing a return type annotation  [no-untyped-def]
tests/integration/test_demos/test_cli_demo.py:46: error: Function is missing a type annotation  [no-untyped-def]
tests/integration/test_demos/test_cli_demo.py:64: error: Function is missing a type annotation  [no-untyped-def]
tests/integration/test_demos/test_cli_demo.py:89: error: Function is missing a type annotation  [no-untyped-def]
tests/integration/test_demos/test_cli_demo.py:116: error: Function is missing a type annotation  [no-untyped-def]
tests/integration/test_demos/test_cli_demo.py:143: error: Function is missing a type annotation  [no-untyped-def]
tests/integration/test_demos/test_cli_demo.py:172: error: Function is missing a type annotation  [no-untyped-def]
tests/integration/test_cli/test_service_integration.py:11: error: Skipping analyzing "codestory.cli.main": module is installed, but missing library stubs or py.typed marker  [import-untyped]
tests/integration/test_cli/test_service_integration.py:56: error: Function is missing a return type annotation  [no-untyped-def]
tests/integration/test_cli/test_service_integration.py:56: note: Use "-> None" if function does not return a value
tests/integration/test_cli/test_repository_mounting.py:20: error: Skipping analyzing "codestory.cli.commands.ingest": module is installed, but missing library stubs or py.typed marker  [import-untyped]
tests/integration/test_cli/test_repository_mounting.py:34: error: Function is missing a return type annotation  [no-untyped-def]
tests/integration/test_cli/test_repository_mounting.py:64: error: Function is missing a return type annotation  [no-untyped-def]
tests/integration/test_cli/test_repository_mounting.py:76: error: Function is missing a return type annotation  [no-untyped-def]
tests/integration/test_cli/test_repository_mounting.py:84: error: Function is missing a type annotation  [no-untyped-def]
tests/integration/test_cli/test_repository_mounting.py:249: error: Function is missing a type annotation  [no-untyped-def]
tests/integration/test_cli/test_repository_mounting.py:329: error: "IO[str]" has no attribute "getvalue"  [attr-defined]
tests/integration/test_cli/test_query_integration.py:9: error: Skipping analyzing "codestory.cli.main": module is installed, but missing library stubs or py.typed marker  [import-untyped]
tests/integration/test_cli/test_ingest_integration.py:11: error: Skipping analyzing "codestory.cli.commands.ingest": module is installed, but missing library stubs or py.typed marker  [import-untyped]
tests/integration/test_cli/test_ingest_integration.py:12: error: Skipping analyzing "codestory.cli.main": module is installed, but missing library stubs or py.typed marker  [import-untyped]
tests/integration/test_cli/test_config_integration.py:8: error: Skipping analyzing "codestory.cli.main": module is installed, but missing library stubs or py.typed marker  [import-untyped]
tests/integration/test_cli/test_config_integration.py:9: error: Skipping analyzing "codestory.config": module is installed, but missing library stubs or py.typed marker  [import-untyped]
tests/integration/test_cli/test_command_suggestions.py:9: error: Skipping analyzing "codestory.cli.main": module is installed, but missing library stubs or py.typed marker  [import-untyped]
tests/integration/test_cli/test_command_suggestions.py:13: error: Function is missing a return type annotation  [no-untyped-def]
tests/integration/test_cli/test_command_suggestions.py:18: error: Function is missing a type annotation  [no-untyped-def]
tests/integration/test_cli/test_command_suggestions.py:30: error: Function is missing a type annotation  [no-untyped-def]
tests/integration/test_cli/test_command_suggestions.py:42: error: Function is missing a type annotation  [no-untyped-def]
tests/integration/test_cli/test_command_suggestions.py:55: error: Function is missing a type annotation  [no-untyped-def]
tests/integration/test_cli/test_command_suggestions.py:68: error: Function is missing a type annotation  [no-untyped-def]
tests/integration/test_ingestion_pipeline/test_full_pipeline_integration.py:15: error: Skipping analyzing "codestory.ingestion_pipeline.manager": module is installed, but missing library stubs or py.typed marker  [import-untyped]
tests/integration/test_ingestion_pipeline/test_full_pipeline_integration.py:16: error: Skipping analyzing "codestory.ingestion_pipeline.step": module is installed, but missing library stubs or py.typed marker  [import-untyped]
tests/integration/test_ingestion_pipeline/test_full_pipeline_integration.py:29: error: Function is missing a return type annotation  [no-untyped-def]
tests/integration/test_ingestion_pipeline/test_full_pipeline_integration.py:47: error: Function is missing a return type annotation  [no-untyped-def]
tests/integration/test_ingestion_pipeline/test_full_pipeline_integration.py:70: error: Function is missing a return type annotation  [no-untyped-def]
tests/integration/test_ingestion_pipeline/test_full_pipeline_integration.py:70: note: Use "-> None" if function does not return a value
tests/integration/test_ingestion_pipeline/test_full_pipeline_integration.py:90: error: Function is missing a return type annotation  [no-untyped-def]
tests/integration/test_ingestion_pipeline/test_full_pipeline_integration.py:90: note: Use "-> None" if function does not return a value
tests/integration/test_ingestion_pipeline/test_full_pipeline_integration.py:128: error: Function is missing a return type annotation  [no-untyped-def]
tests/integration/test_ingestion_pipeline/test_full_pipeline_integration.py:128: note: Use "-> None" if function does not return a value
src/codestory_mcp/auth/entra_validator.py:12: error: Skipping analyzing "codestory_mcp.auth.scope_manager": module is installed, but missing library stubs or py.typed marker  [import-untyped]
src/codestory_mcp/auth/entra_validator.py:46: error: Function is missing a type annotation for one or more arguments  [no-untyped-def]
src/codestory_mcp/auth/entra_validator.py:102: error: Returning Any from function declared to return "dict[str, Any]"  [no-any-return]
src/codestory_mcp/auth/entra_validator.py:129: error: Name "scopes" already defined on line 125  [no-redef]
scripts/run_test_directly.py:18: error: Function is missing a return type annotation  [no-untyped-def]
scripts/run_test_directly.py:46: error: Function is missing a return type annotation  [no-untyped-def]
scripts/run_test_directly.py:48: error: Skipping analyzing "codestory.graphdb.neo4j_connector": module is installed, but missing library stubs or py.typed marker  [import-untyped]
tests/integration/test_demos/test_gui_demo.py:16: error: Function is missing a return type annotation  [no-untyped-def]
tests/integration/test_demos/test_gui_demo.py:74: error: Function is missing a type annotation  [no-untyped-def]
tests/integration/test_demos/test_gui_demo.py:98: error: Function is missing a type annotation  [no-untyped-def]
tests/integration/test_demos/test_gui_demo.py:125: error: Function is missing a type annotation  [no-untyped-def]
tests/integration/test_demos/test_gui_demo.py:146: error: Function is missing a type annotation  [no-untyped-def]
tests/integration/test_demos/test_gui_demo.py:166: error: Function is missing a type annotation  [no-untyped-def]
tests/integration/test_demos/test_gui_demo.py:187: error: Function is missing a type annotation  [no-untyped-def]
tests/unit/test_graphdb/test_connector.py:8: error: Skipping analyzing "codestory.graphdb.exceptions": module is installed, but missing library stubs or py.typed marker  [import-untyped]
tests/unit/test_graphdb/test_connector.py:9: error: Skipping analyzing "codestory.graphdb.neo4j_connector": module is installed, but missing library stubs or py.typed marker  [import-untyped]
tests/unit/test_graphdb/test_connector.py:13: error: Function is missing a return type annotation  [no-untyped-def]
tests/unit/test_graphdb/test_connector.py:32: error: Function is missing a return type annotation  [no-untyped-def]
tests/unit/test_graphdb/test_connector.py:51: error: Function is missing a type annotation  [no-untyped-def]
tests/unit/test_graphdb/test_connector.py:66: error: Function is missing a type annotation  [no-untyped-def]
tests/unit/test_graphdb/test_connector.py:81: error: Function is missing a return type annotation  [no-untyped-def]
tests/unit/test_graphdb/test_connector.py:81: note: Use "-> None" if function does not return a value
tests/unit/test_graphdb/test_connector.py:102: error: Function is missing a type annotation  [no-untyped-def]
tests/unit/test_graphdb/test_connector.py:118: error: Function is missing a type annotation  [no-untyped-def]
tests/unit/test_graphdb/test_connector.py:132: error: Function is missing a type annotation  [no-untyped-def]
tests/unit/test_graphdb/test_connector.py:145: error: Function is missing a type annotation  [no-untyped-def]
tests/unit/test_graphdb/test_connector.py:163: error: Function is missing a type annotation  [no-untyped-def]
tests/unit/test_graphdb/test_connector.py:170: error: Need type annotation for "params_list"  [var-annotated]
tests/unit/test_graphdb/test_connector.py:177: error: Function is missing a type annotation  [no-untyped-def]
tests/unit/test_graphdb/test_connector.py:203: error: Function is missing a type annotation  [no-untyped-def]
tests/unit/test_graphdb/test_connector.py:217: error: Function is missing a type annotation  [no-untyped-def]
tests/unit/test_graphdb/test_connector.py:237: error: Function is missing a type annotation  [no-untyped-def]
tests/unit/test_graphdb/test_connector.py:243: error: Function is missing a return type annotation  [no-untyped-def]
tests/unit/test_graphdb/test_connector.py:243: note: Use "-> None" if function does not return a value
tests/unit/test_cli/test_progress_client.py:11: error: Skipping analyzing "codestory.cli.client": module is installed, but missing library stubs or py.typed marker  [import-untyped]
tests/unit/test_cli/test_progress_client.py:155: error: Function is missing a return type annotation  [no-untyped-def]
tests/unit/test_cli/test_progress_client.py:155: note: Use "-> None" if function does not return a value
tests/unit/test_cli/client/test_progress_client.py:7: error: Skipping analyzing "codestory.cli.client.progress_client": module is installed, but missing library stubs or py.typed marker  [import-untyped]
tests/unit/test_cli/client/test_progress_client.py:13: error: Function is missing a return type annotation  [no-untyped-def]
tests/unit/test_cli/client/test_progress_client.py:13: note: Use "-> None" if function does not return a value
tests/unit/test_cli/client/test_progress_client.py:33: error: Function is missing a return type annotation  [no-untyped-def]
tests/unit/test_cli/client/test_progress_client.py:33: note: Use "-> None" if function does not return a value
tests/unit/test_cli/client/test_progress_client.py:60: error: Function is missing a return type annotation  [no-untyped-def]
tests/unit/test_cli/client/test_progress_client.py:60: note: Use "-> None" if function does not return a value
tests/unit/test_cli/client/test_progress_client.py:113: error: Function is missing a return type annotation  [no-untyped-def]
tests/unit/test_cli/client/test_progress_client.py:113: note: Use "-> None" if function does not return a value
tests/unit/test_cli/client/test_progress_client.py:140: error: Function is missing a return type annotation  [no-untyped-def]
tests/unit/test_cli/client/test_progress_client.py:140: note: Use "-> None" if function does not return a value
tests/integration/conftest.py:16: error: Function is missing a return type annotation  [no-untyped-def]
tests/integration/conftest.py:16: note: Use "-> None" if function does not return a value
tests/integration/conftest.py:66: error: Function is missing a type annotation  [no-untyped-def]
tests/integration/conftest.py:95: error: Function is missing a type annotation  [no-untyped-def]
tests/integration/conftest.py:102: error: Function is missing a type annotation  [no-untyped-def]
tests/integration/conftest.py:128: error: Function is missing a return type annotation  [no-untyped-def]
tests/integration/conftest.py:143: error: Function is missing a return type annotation  [no-untyped-def]
tests/integration/conftest.py:143: note: Use "-> None" if function does not return a value
tests/integration/conftest.py:186: error: Function is missing a return type annotation  [no-untyped-def]
tests/integration/conftest.py:186: note: Use "-> None" if function does not return a value
tests/integration/conftest.py:244: error: Function is missing a return type annotation  [no-untyped-def]
tests/integration/conftest.py:246: error: Skipping analyzing "codestory.graphdb.neo4j_connector": module is installed, but missing library stubs or py.typed marker  [import-untyped]
tests/integration/conftest.py:303: error: Function is missing a return type annotation  [no-untyped-def]
tests/integration/conftest.py:336: error: Function is missing a type annotation  [no-untyped-def]
tests/integration/conftest.py:344: error: Skipping analyzing "codestory.ingestion_pipeline.celery_app": module is installed, but missing library stubs or py.typed marker  [import-untyped]
src/codestory/cli/client/progress_client.py:12: error: Skipping analyzing "codestory.config": module is installed, but missing library stubs or py.typed marker  [import-untyped]
src/codestory/cli/client/progress_client.py:171: error: Right operand of "and" is never evaluated  [unreachable]
src/codestory/cli/client/progress_client.py:172: error: Statement is unreachable  [unreachable]
src/codestory/cli/client/progress_client.py:181: error: "None" has no attribute "daemon"  [attr-defined]
src/codestory/cli/client/progress_client.py:182: error: "None" has no attribute "start"  [attr-defined]
src/codestory/cli/client/progress_client.py:186: error: Right operand of "and" is never evaluated  [unreachable]
src/codestory/cli/client/progress_client.py:187: error: Statement is unreachable  [unreachable]
src/codestory/cli/client/progress_client.py:234: error: Skipping analyzing "codestory.cli.client.service_client": module is installed, but missing library stubs or py.typed marker  [import-untyped]
tests/unit/test_cli/client/test_service_client.py:10: error: Skipping analyzing "codestory.cli.client.service_client": module is installed, but missing library stubs or py.typed marker  [import-untyped]
tests/unit/test_cli/client/test_service_client.py:16: error: Function is missing a return type annotation  [no-untyped-def]
tests/unit/test_cli/client/test_service_client.py:16: note: Use "-> None" if function does not return a value
tests/unit/test_cli/client/test_service_client.py:26: error: Function is missing a return type annotation  [no-untyped-def]
tests/unit/test_cli/client/test_service_client.py:26: note: Use "-> None" if function does not return a value
tests/unit/test_cli/client/test_service_client.py:44: error: Function is missing a return type annotation  [no-untyped-def]
tests/unit/test_cli/client/test_service_client.py:44: note: Use "-> None" if function does not return a value
tests/unit/test_cli/client/test_service_client.py:66: error: Function is missing a return type annotation  [no-untyped-def]
tests/unit/test_cli/client/test_service_client.py:66: note: Use "-> None" if function does not return a value
tests/unit/test_cli/client/test_service_client.py:81: error: Function is missing a return type annotation  [no-untyped-def]
tests/unit/test_cli/client/test_service_client.py:81: note: Use "-> None" if function does not return a value
tests/unit/test_cli/client/test_service_client.py:105: error: Function is missing a return type annotation  [no-untyped-def]
tests/unit/test_cli/client/test_service_client.py:105: note: Use "-> None" if function does not return a value
tests/unit/test_cli/client/test_service_client.py:135: error: Function is missing a return type annotation  [no-untyped-def]
tests/unit/test_cli/client/test_service_client.py:135: note: Use "-> None" if function does not return a value
tests/unit/test_cli/client/test_service_client.py:161: error: Function is missing a return type annotation  [no-untyped-def]
tests/unit/test_cli/client/test_service_client.py:161: note: Use "-> None" if function does not return a value
tests/unit/test_cli/client/test_service_client.py:185: error: Function is missing a return type annotation  [no-untyped-def]
tests/unit/test_cli/client/test_service_client.py:185: note: Use "-> None" if function does not return a value
tests/unit/test_cli/client/test_service_client.py:209: error: Function is missing a return type annotation  [no-untyped-def]
tests/unit/test_cli/client/test_service_client.py:209: note: Use "-> None" if function does not return a value
tests/unit/test_cli/client/test_service_client.py:233: error: Function is missing a return type annotation  [no-untyped-def]
tests/unit/test_cli/client/test_service_client.py:233: note: Use "-> None" if function does not return a value
tests/integration/test_cli/conftest.py:14: error: Skipping analyzing "codestory.config": module is installed, but missing library stubs or py.typed marker  [import-untyped]
tests/integration/test_cli/conftest.py:28: error: Function is missing a type annotation  [no-untyped-def]
tests/integration/test_cli/conftest.py:37: error: Function is missing a type annotation for one or more arguments  [no-untyped-def]
tests/integration/test_service.py:13: error: Skipping analyzing "codestory_service.main": module is installed, but missing library stubs or py.typed marker  [import-untyped]
tests/integration/test_service.py:17: error: Function is missing a return type annotation  [no-untyped-def]
tests/integration/test_service.py:34: error: Function is missing a type annotation  [no-untyped-def]
tests/integration/test_service.py:45: error: Function is missing a type annotation  [no-untyped-def]
tests/integration/test_service.py:103: error: Function is missing a type annotation  [no-untyped-def]
tests/integration/test_service.py:183: error: Function is missing a type annotation  [no-untyped-def]
tests/integration/test_service.py:266: error: Function is missing a type annotation  [no-untyped-def]
tests/integration/test_service.py:332: error: Function is missing a type annotation  [no-untyped-def]
tests/integration/test_service.py:346: error: Function is missing a type annotation  [no-untyped-def]
tests/integration/test_service.py:380: error: Function is missing a type annotation  [no-untyped-def]
tests/integration/test_mcp.py:9: error: Skipping analyzing "codestory_mcp.server": module is installed, but missing library stubs or py.typed marker  [import-untyped]
tests/integration/test_mcp.py:10: error: Skipping analyzing "codestory_mcp.tools": module is installed, but missing library stubs or py.typed marker  [import-untyped]
tests/integration/test_mcp.py:11: error: Skipping analyzing "codestory_mcp.tools.path_to": module is installed, but missing library stubs or py.typed marker  [import-untyped]
tests/integration/test_mcp.py:12: error: Skipping analyzing "codestory_mcp.tools.search_graph": module is installed, but missing library stubs or py.typed marker  [import-untyped]
tests/integration/test_mcp.py:13: error: Skipping analyzing "codestory_mcp.tools.similar_code": module is installed, but missing library stubs or py.typed marker  [import-untyped]
tests/integration/test_mcp.py:14: error: Skipping analyzing "codestory_mcp.tools.summarize_node": module is installed, but missing library stubs or py.typed marker  [import-untyped]
tests/integration/test_mcp.py:18: error: Function is missing a return type annotation  [no-untyped-def]
tests/integration/test_mcp.py:57: error: Function is missing a type annotation  [no-untyped-def]
tests/integration/test_mcp.py:65: error: Function is missing a type annotation  [no-untyped-def]
tests/integration/test_mcp.py:81: error: Function is missing a type annotation  [no-untyped-def]
tests/integration/test_mcp.py:137: error: Function is missing a type annotation  [no-untyped-def]
tests/integration/test_mcp.py:189: error: Function is missing a type annotation  [no-untyped-def]
tests/integration/test_mcp.py:206: error: Function is missing a type annotation  [no-untyped-def]
tests/integration/test_config_api.py:15: error: Skipping analyzing "codestory.graphdb.neo4j_connector": module is installed, but missing library stubs or py.typed marker  [import-untyped]
tests/integration/test_config_api.py:16: error: Skipping analyzing "codestory.graphdb.schema": module is installed, but missing library stubs or py.typed marker  [import-untyped]
tests/integration/test_config_api.py:17: error: Skipping analyzing "codestory_service.infrastructure.msal_validator": module is installed, but missing library stubs or py.typed marker  [import-untyped]
tests/integration/test_config_api.py:18: error: Skipping analyzing "codestory_service.main": module is installed, but missing library stubs or py.typed marker  [import-untyped]
tests/integration/test_config_api.py:23: error: Function is missing a return type annotation  [no-untyped-def]
tests/integration/test_config_api.py:51: error: Function is missing a type annotation  [no-untyped-def]
tests/integration/test_config_api.py:81: error: Function is missing a return type annotation  [no-untyped-def]
tests/integration/test_config_api.py:92: error: Function is missing a type annotation  [no-untyped-def]
tests/integration/test_config_api.py:140: error: Function is missing a type annotation  [no-untyped-def]
tests/unit/test_settings.py:12: error: Skipping analyzing "codestory.config.settings": module is installed, but missing library stubs or py.typed marker  [import-untyped]
tests/unit/test_settings.py:27: error: Function is missing a return type annotation  [no-untyped-def]
tests/unit/test_settings.py:146: error: Function is missing a return type annotation  [no-untyped-def]
tests/unit/test_settings.py:163: error: Function is missing a return type annotation  [no-untyped-def]
tests/unit/test_settings.py:163: note: Use "-> None" if function does not return a value
tests/unit/test_config_export.py:11: error: Skipping analyzing "codestory.config": module is installed, but missing library stubs or py.typed marker  [import-untyped]
tests/unit/test_config_export.py:17: error: Skipping analyzing "codestory.config.export": module is installed, but missing library stubs or py.typed marker  [import-untyped]
tests/unit/test_config_export.py:21: error: Function is missing a return type annotation  [no-untyped-def]
tests/unit/test_config_export.py:138: error: Function is missing a return type annotation  [no-untyped-def]
tests/unit/test_config_export.py:138: note: Use "-> None" if function does not return a value
tests/unit/test_config_export.py:170: error: Function is missing a type annotation  [no-untyped-def]
tests/unit/test_config_export.py:192: error: Function is missing a type annotation  [no-untyped-def]
tests/unit/test_config_export.py:282: error: Function is missing a type annotation  [no-untyped-def]
tests/unit/test_config_export.py:288: error: Function is missing a type annotation  [no-untyped-def]
tests/unit/test_codestory_service/test_domain_models.py:12: error: Skipping analyzing "codestory.ingestion_pipeline.step": module is installed, but missing library stubs or py.typed marker  [import-untyped]
tests/unit/test_codestory_service/test_domain_models.py:13: error: Skipping analyzing "codestory_service.domain.auth": module is installed, but missing library stubs or py.typed marker  [import-untyped]
tests/unit/test_codestory_service/test_domain_models.py:14: error: Skipping analyzing "codestory_service.domain.config": module is installed, but missing library stubs or py.typed marker  [import-untyped]
tests/unit/test_codestory_service/test_domain_models.py:22: error: Skipping analyzing "codestory_service.domain.graph": module is installed, but missing library stubs or py.typed marker  [import-untyped]
tests/unit/test_codestory_service/test_domain_models.py:27: error: Skipping analyzing "codestory_service.domain.ingestion": module is installed, but missing library stubs or py.typed marker  [import-untyped]
tests/unit/test_codestory_service/test_domain_models.py:39: error: Function is missing a return type annotation  [no-untyped-def]
tests/unit/test_codestory_service/test_domain_models.py:39: note: Use "-> None" if function does not return a value
tests/unit/test_codestory_service/test_domain_models.py:54: error: Function is missing a return type annotation  [no-untyped-def]
tests/unit/test_codestory_service/test_domain_models.py:54: note: Use "-> None" if function does not return a value
tests/unit/test_codestory_service/test_domain_models.py:67: error: Function is missing a return type annotation  [no-untyped-def]
tests/unit/test_codestory_service/test_domain_models.py:67: note: Use "-> None" if function does not return a value
tests/unit/test_codestory_service/test_domain_models.py:86: error: Function is missing a return type annotation  [no-untyped-def]
tests/unit/test_codestory_service/test_domain_models.py:86: note: Use "-> None" if function does not return a value
tests/unit/test_codestory_service/test_domain_models.py:112: error: Function is missing a return type annotation  [no-untyped-def]
tests/unit/test_codestory_service/test_domain_models.py:112: note: Use "-> None" if function does not return a value
tests/unit/test_codestory_service/test_domain_models.py:143: error: Function is missing a return type annotation  [no-untyped-def]
tests/unit/test_codestory_service/test_domain_models.py:143: note: Use "-> None" if function does not return a value
tests/unit/test_codestory_service/test_domain_models.py:164: error: Function is missing a return type annotation  [no-untyped-def]
tests/unit/test_codestory_service/test_domain_models.py:164: note: Use "-> None" if function does not return a value
tests/unit/test_codestory_service/test_domain_models.py:175: error: Function is missing a return type annotation  [no-untyped-def]
tests/unit/test_codestory_service/test_domain_models.py:175: note: Use "-> None" if function does not return a value
tests/unit/test_codestory_service/test_domain_models.py:193: error: Function is missing a return type annotation  [no-untyped-def]
tests/unit/test_codestory_service/test_domain_models.py:193: note: Use "-> None" if function does not return a value
tests/unit/test_codestory_service/test_domain_models.py:209: error: Function is missing a return type annotation  [no-untyped-def]
tests/unit/test_codestory_service/test_domain_models.py:209: note: Use "-> None" if function does not return a value
tests/unit/test_codestory_service/test_domain_models.py:235: error: Function is missing a return type annotation  [no-untyped-def]
tests/unit/test_codestory_service/test_domain_models.py:235: note: Use "-> None" if function does not return a value
tests/unit/test_codestory_service/test_domain_models.py:250: error: Function is missing a return type annotation  [no-untyped-def]
tests/unit/test_codestory_service/test_domain_models.py:250: note: Use "-> None" if function does not return a value
tests/unit/test_cli/test_service_client.py:9: error: Skipping analyzing "codestory.cli.client": module is installed, but missing library stubs or py.typed marker  [import-untyped]
tests/unit/test_cli/test_service_client.py:10: error: Skipping analyzing "codestory.config": module is installed, but missing library stubs or py.typed marker  [import-untyped]
src/codestory_service/domain/ingestion.py:20: error: Skipping analyzing "codestory.ingestion_pipeline.step": module is installed, but missing library stubs or py.typed marker  [import-untyped]
src/codestory_service/domain/config.py:202: error: Unexpected keyword argument "read_only" for "ConfigSchemaProperty"; did you mean "readOnly"?  [call-arg]
src/codestory_service/domain/config.py:202: error: Unexpected keyword argument "write_only" for "ConfigSchemaProperty"; did you mean "writeOnly"?  [call-arg]
src/codestory_service/domain/config.py:220: error: Unused "type: ignore" comment  [unused-ignore]
src/codestory_service/domain/config.py:238: error: Unused "type: ignore" comment  [unused-ignore]
src/codestory/graphdb/models.py:90: error: Function is missing a type annotation for one or more arguments  [no-untyped-def]
src/codestory/graphdb/models.py:103: error: Function is missing a type annotation for one or more arguments  [no-untyped-def]
src/codestory/graphdb/models.py:127: error: Function is missing a type annotation for one or more arguments  [no-untyped-def]
src/codestory/graphdb/models.py:141: error: Function is missing a type annotation for one or more arguments  [no-untyped-def]
src/codestory/graphdb/models.py:153: error: Function is missing a type annotation for one or more arguments  [no-untyped-def]
src/codestory/graphdb/models.py:165: error: Function is missing a type annotation for one or more arguments  [no-untyped-def]
src/codestory/graphdb/models.py:179: error: Function is missing a type annotation for one or more arguments  [no-untyped-def]
src/codestory/graphdb/models.py:193: error: Function is missing a type annotation for one or more arguments  [no-untyped-def]
src/codestory/graphdb/models.py:206: error: Function is missing a type annotation for one or more arguments  [no-untyped-def]
src/codestory/graphdb/models.py:216: error: Function is missing a type annotation for one or more arguments  [no-untyped-def]
src/codestory/graphdb/models.py:228: error: Function is missing a type annotation for one or more arguments  [no-untyped-def]
src/codestory/graphdb/models.py:238: error: Function is missing a type annotation for one or more arguments  [no-untyped-def]
src/codestory/graphdb/models.py:248: error: Function is missing a type annotation for one or more arguments  [no-untyped-def]
src/codestory/graphdb/models.py:258: error: Function is missing a type annotation for one or more arguments  [no-untyped-def]
src/codestory/cli/client/service_client.py:14: error: Skipping analyzing "codestory.config": module is installed, but missing library stubs or py.typed marker  [import-untyped]
src/codestory/cli/client/service_client.py:137: error: Returning Any from function declared to return "dict[str, Any]"  [no-any-return]
src/codestory/cli/client/service_client.py:150: error: Returning Any from function declared to return "dict[str, Any]"  [no-any-return]
src/codestory/cli/client/service_client.py:473: error: Returning Any from function declared to return "list[dict[str, Any]]"  [no-any-return]
src/codestory/cli/client/service_client.py:476: error: Returning Any from function declared to return "list[dict[str, Any]]"  [no-any-return]
src/codestory/cli/client/service_client.py:562: error: Returning Any from function declared to return "dict[str, Any]"  [no-any-return]
src/codestory/cli/client/service_client.py:583: error: Returning Any from function declared to return "dict[str, Any]"  [no-any-return]
src/codestory/cli/client/service_client.py:604: error: Returning Any from function declared to return "dict[str, Any]"  [no-any-return]
src/codestory/cli/client/service_client.py:621: error: Returning Any from function declared to return "dict[str, Any]"  [no-any-return]
src/codestory/cli/client/service_client.py:635: error: Returning Any from function declared to return "dict[str, Any]"  [no-any-return]
src/codestory/cli/client/service_client.py:649: error: Returning Any from function declared to return "dict[str, Any]"  [no-any-return]
src/codestory/cli/client/service_client.py:676: error: Returning Any from function declared to return "dict[str, Any]"  [no-any-return]
src/codestory/cli/client/service_client.py:816: error: Returning Any from function declared to return "dict[str, Any]"  [no-any-return]
src/codestory/cli/client/service_client.py:821: error: Returning Any from function declared to return "dict[str, Any]"  [no-any-return]
test_azure_openai_config.py:35: error: Skipping analyzing "codestory.config.settings": module is installed, but missing library stubs or py.typed marker  [import-untyped]
test_azure_openai_config.py:38: error: Function is missing a return type annotation  [no-untyped-def]
test_azure_openai_config.py:70: error: Function is missing a return type annotation  [no-untyped-def]
test_azure_openai_config.py:90: error: Function is missing a return type annotation  [no-untyped-def]
test_azure_openai_config.py:114: error: Function is missing a return type annotation  [no-untyped-def]
test_azure_openai_config.py:166: error: Function is missing a return type annotation  [no-untyped-def]
test_azure_openai_config.py:171: error: Skipping analyzing "codestory.llm.client": module is installed, but missing library stubs or py.typed marker  [import-untyped]
test_azure_openai_config.py:172: error: Skipping analyzing "codestory.llm.models": module is installed, but missing library stubs or py.typed marker  [import-untyped]
test_azure_openai_config.py:214: error: Function is missing a return type annotation  [no-untyped-def]
test_azure_openai_config.py:214: note: Use "-> None" if function does not return a value
tests/unit/conftest.py:11: error: Function is missing a return type annotation  [no-untyped-def]
tests/unit/conftest.py:20: error: Function is missing a type annotation  [no-untyped-def]
tests/unit/conftest.py:34: error: Skipping analyzing "codestory.config": module is installed, but missing library stubs or py.typed marker  [import-untyped]
tests/unit/conftest.py:49: error: Function is missing a return type annotation  [no-untyped-def]
tests/unit/conftest.py:49: note: Use "-> None" if function does not return a value
tests/unit/conftest.py:115: error: Function is missing a return type annotation  [no-untyped-def]
tests/unit/conftest.py:127: error: Function is missing a return type annotation  [no-untyped-def]
tests/unit/conftest.py:129: error: Skipping analyzing "codestory.ingestion_pipeline.celery_app": module is installed, but missing library stubs or py.typed marker  [import-untyped]
tests/unit/test_llm/test_client.py:9: error: Skipping analyzing "codestory.llm.client": module is installed, but missing library stubs or py.typed marker  [import-untyped]
tests/unit/test_llm/test_client.py:10: error: Skipping analyzing "codestory.llm.exceptions": module is installed, but missing library stubs or py.typed marker  [import-untyped]
tests/unit/test_llm/test_client.py:14: error: Skipping analyzing "codestory.llm.models": module is installed, but missing library stubs or py.typed marker  [import-untyped]
tests/unit/test_llm/test_client.py:25: error: Function is missing a return type annotation  [no-untyped-def]
tests/unit/test_llm/test_client.py:36: error: Function is missing a return type annotation  [no-untyped-def]
tests/unit/test_llm/test_client.py:57: error: Function is missing a return type annotation  [no-untyped-def]
tests/unit/test_llm/test_client.py:91: error: Function is missing a return type annotation  [no-untyped-def]
tests/unit/test_llm/test_client.py:91: note: Use "-> None" if function does not return a value
tests/unit/test_llm/test_client.py:118: error: Function is missing a return type annotation  [no-untyped-def]
tests/unit/test_llm/test_client.py:118: note: Use "-> None" if function does not return a value
tests/unit/test_llm/test_client.py:133: error: Function is missing a type annotation  [no-untyped-def]
tests/unit/test_llm/test_client.py:176: error: Function is missing a type annotation  [no-untyped-def]
tests/unit/test_llm/test_client.py:229: error: Function is missing a type annotation  [no-untyped-def]
tests/unit/test_llm/test_client.py:259: error: Function is missing a return type annotation  [no-untyped-def]
tests/unit/test_llm/test_client.py:293: error: Function is missing a type annotation  [no-untyped-def]
tests/unit/test_llm/test_client.py:313: error: Need type annotation for "future"  [var-annotated]
tests/unit/test_llm/test_client.py:334: error: Function is missing a type annotation  [no-untyped-def]
tests/unit/test_llm/test_client.py:358: error: Function is missing a return type annotation  [no-untyped-def]
tests/unit/test_llm/test_client.py:358: note: Use "-> None" if function does not return a value
tests/unit/test_llm/test_backoff.py:8: error: Skipping analyzing "codestory.llm.backoff": module is installed, but missing library stubs or py.typed marker  [import-untyped]
tests/unit/test_llm/test_backoff.py:14: error: Skipping analyzing "codestory.llm.exceptions": module is installed, but missing library stubs or py.typed marker  [import-untyped]
tests/unit/test_llm/test_backoff.py:20: error: Skipping analyzing "codestory.llm.metrics": module is installed, but missing library stubs or py.typed marker  [import-untyped]
tests/unit/test_llm/test_backoff.py:25: error: Function is missing a return type annotation  [no-untyped-def]
tests/unit/test_llm/test_backoff.py:46: error: Function is missing a return type annotation  [no-untyped-def]
tests/unit/test_llm/test_backoff.py:46: note: Use "-> None" if function does not return a value
tests/unit/test_llm/test_backoff.py:69: error: Function is missing a return type annotation  [no-untyped-def]
tests/unit/test_llm/test_backoff.py:69: note: Use "-> None" if function does not return a value
tests/unit/test_llm/test_backoff.py:94: error: Function is missing a return type annotation  [no-untyped-def]
tests/unit/test_llm/test_backoff.py:138: error: Function is missing a return type annotation  [no-untyped-def]
tests/unit/test_llm/test_backoff.py:144: error: Function is missing a return type annotation  [no-untyped-def]
tests/unit/test_llm/test_backoff.py:144: note: Use "-> None" if function does not return a value
tests/unit/test_llm/test_backoff.py:156: error: Function is missing a return type annotation  [no-untyped-def]
tests/unit/test_llm/test_backoff.py:162: error: Function is missing a return type annotation  [no-untyped-def]
tests/unit/test_llm/test_backoff.py:162: note: Use "-> None" if function does not return a value
tests/unit/test_llm/test_backoff.py:172: error: Function is missing a return type annotation  [no-untyped-def]
tests/unit/test_llm/test_backoff.py:180: error: Function is missing a return type annotation  [no-untyped-def]
tests/unit/test_llm/test_backoff.py:180: note: Use "-> None" if function does not return a value
tests/unit/test_llm/test_backoff.py:185: error: Function is missing a return type annotation  [no-untyped-def]
tests/unit/test_llm/test_backoff.py:185: note: Use "-> None" if function does not return a value
tests/unit/test_llm/test_backoff.py:205: error: Function is missing a return type annotation  [no-untyped-def]
tests/unit/test_llm/test_backoff.py:211: error: Function is missing a return type annotation  [no-untyped-def]
tests/unit/test_llm/test_backoff.py:211: note: Use "-> None" if function does not return a value
tests/unit/test_llm/test_backoff.py:225: error: Function is missing a return type annotation  [no-untyped-def]
tests/unit/test_llm/test_backoff.py:232: error: Function is missing a return type annotation  [no-untyped-def]
tests/unit/test_llm/test_backoff.py:232: note: Use "-> None" if function does not return a value
tests/unit/test_llm/test_backoff.py:236: error: "RateLimitError" has no attribute "headers"  [attr-defined]
tests/unit/test_llm/test_backoff.py:249: error: Function is missing a return type annotation  [no-untyped-def]
src/codestory_summarizer/dependency_analyzer.py:9: error: Skipping analyzing "codestory.graphdb.neo4j_connector": module is installed, but missing library stubs or py.typed marker  [import-untyped]
src/codestory_summarizer/utils/content_extractor.py:10: error: Skipping analyzing "codestory.graphdb.neo4j_connector": module is installed, but missing library stubs or py.typed marker  [import-untyped]
src/codestory_docgrapher/entity_linker.py:12: error: Skipping analyzing "codestory.graphdb.neo4j_connector": module is installed, but missing library stubs or py.typed marker  [import-untyped]
src/codestory_docgrapher/entity_linker.py:195: error: Returning Any from function declared to return "list[str]"  [no-any-return]
src/codestory_docgrapher/document_finder.py:14: error: Skipping analyzing "codestory.graphdb.neo4j_connector": module is installed, but missing library stubs or py.typed marker  [import-untyped]
src/codestory_docgrapher/utils/content_analyzer.py:12: error: Skipping analyzing "codestory.llm.client": module is installed, but missing library stubs or py.typed marker  [import-untyped]
src/codestory_docgrapher/utils/content_analyzer.py:13: error: Skipping analyzing "codestory.llm.models": module is installed, but missing library stubs or py.typed marker  [import-untyped]
src/codestory_docgrapher/utils/content_analyzer.py:59: error: Argument 2 to "_analyze_code_block" of "ContentAnalyzer" has incompatible type "str | int | float"; expected "str"  [arg-type]
src/codestory_docgrapher/utils/content_analyzer.py:342: error: Item "None" of "Any | None" has no attribute "chat"  [union-attr]
src/codestory_docgrapher/utils/content_analyzer.py:344: error: Returning Any from function declared to return "str"  [no-any-return]
src/codestory_docgrapher/utils/content_analyzer.py:377: error: Item "None" of "Any | None" has no attribute "chat"  [union-attr]
src/codestory_docgrapher/utils/content_analyzer.py:379: error: Returning Any from function declared to return "str"  [no-any-return]
src/codestory_docgrapher/utils/content_analyzer.py:412: error: Item "None" of "Any | None" has no attribute "chat"  [union-attr]
src/codestory_docgrapher/utils/content_analyzer.py:414: error: Returning Any from function declared to return "str"  [no-any-return]
src/codestory/llm/backoff.py:45: error: Item "None" of "Future | None" has no attribute "exception"  [union-attr]
src/codestory/llm/backoff.py:46: error: Item "None" of "BaseException | Any | None" has no attribute "retry_after"  [union-attr]
src/codestory/llm/backoff.py:47: error: Returning Any from function declared to return "float"  [no-any-return]
src/codestory/llm/backoff.py:47: error: Item "None" of "BaseException | Any | None" has no attribute "retry_after"  [union-attr]
src/codestory/llm/backoff.py:50: error: Incompatible return value type (got "None", expected "float")  [return-value]
src/codestory/llm/backoff.py:59: error: Item "None" of "Future | None" has no attribute "exception"  [union-attr]
src/codestory/llm/backoff.py:65: error: Item "None" of "RetryAction | None" has no attribute "sleep"  [union-attr]
src/codestory_docgrapher/knowledge_graph.py:12: error: Skipping analyzing "codestory.graphdb.neo4j_connector": module is installed, but missing library stubs or py.typed marker  [import-untyped]
src/codestory_docgrapher/parsers/docstring_parser.py:91: error: Name "docstrings" already defined on line 84  [no-redef]
src/codestory_docgrapher/parsers/docstring_parser.py:464: error: Name "param_section" already defined on line 445  [no-redef]
src/codestory_docgrapher/parsers/docstring_parser.py:488: error: Name "param_section" already defined on line 445  [no-redef]
src/codestory_docgrapher/parsers/docstring_parser.py:542: error: Name "return_section" already defined on line 523  [no-redef]
src/codestory_docgrapher/parsers/docstring_parser.py:566: error: Name "return_section" already defined on line 523  [no-redef]
src/codestory_docgrapher/parsers/docstring_parser.py:620: error: Name "raises_section" already defined on line 601  [no-redef]
src/codestory_docgrapher/parsers/docstring_parser.py:644: error: Name "raises_section" already defined on line 601  [no-redef]
src/codestory_docgrapher/parsers/docstring_parser.py:698: error: Name "example_section" already defined on line 679  [no-redef]
src/codestory_docgrapher/parsers/docstring_parser.py:722: error: Name "example_section" already defined on line 679  [no-redef]
src/codestory/cli/commands/service.py:16: error: Name "click" already defined (by an import)  [no-redef]
src/codestory/cli/commands/service.py:642: error: Argument 1 to "split" of "bytes" has incompatible type "str"; expected "Buffer | None"  [arg-type]
src/codestory/cli/commands/service.py:702: error: Skipping analyzing "codestory.config.settings": module is installed, but missing library stubs or py.typed marker  [import-untyped]
src/codestory/cli/commands/service.py:853: error: Argument 1 to "split" of "bytes" has incompatible type "str"; expected "Buffer | None"  [arg-type]
src/codestory/cli/commands/service.py:856: error: If x = b'abc' then f"{x}" or "{}".format(x) produces "b'abc'", not "abc". If this is desired behavior, use f"{x!r}" or "{!r}".format(x). Otherwise, decode the bytes  [str-bytes-safe]
src/codestory/cli/commands/service.py:1010: error: Argument 1 to "split" of "bytes" has incompatible type "str"; expected "Buffer | None"  [arg-type]
src/codestory/cli/commands/service.py:1013: error: If x = b'abc' then f"{x}" or "{}".format(x) produces "b'abc'", not "abc". If this is desired behavior, use f"{x!r}" or "{!r}".format(x). Otherwise, decode the bytes  [str-bytes-safe]
src/codestory/cli/commands/query.py:378: error: Argument "border_style" to "Panel" has incompatible type "str | None"; expected "str | Style"  [arg-type]
src/codestory/cli/commands/query.py:386: error: Argument "border_style" to "Panel" has incompatible type "str | None"; expected "str | Style"  [arg-type]
src/codestory/cli/commands/query.py:421: error: Argument "style" to "Tree" has incompatible type "str | None"; expected "str | Style"  [arg-type]
src/codestory/cli/commands/query.py:447: error: Argument "style" to "Tree" has incompatible type "str | None"; expected "str | Style"  [arg-type]
src/codestory/cli/commands/query.py:531: error: Name "columns" already defined on line 505  [no-redef]
src/codestory/cli/commands/query.py:534: error: "list[Any]" has no attribute "update"  [attr-defined]
src/codestory/cli/commands/query.py:544: error: Name "row" already defined on line 512  [no-redef]
src/codestory/cli/commands/query.py:603: error: Incompatible return value type (got "Syntax", expected "str")  [return-value]
src/codestory/cli/commands/query.py:605: error: Returning Any from function declared to return "str"  [no-any-return]
src/codestory/cli/commands/ingest.py:29: error: Function is missing a type annotation for one or more arguments  [no-untyped-def]
src/codestory/cli/commands/ingest.py:35: error: No return value expected  [return-value]
src/codestory/cli/commands/ingest.py:65: error: Function is missing a type annotation for one or more arguments  [no-untyped-def]
src/codestory/cli/commands/ingest.py:146: error: No return value expected  [return-value]
src/codestory/cli/commands/ingest.py:153: error: No return value expected  [return-value]
src/codestory/cli/commands/ingest.py:217: error: No return value expected  [return-value]
src/codestory/cli/commands/ingest.py:221: error: No return value expected  [return-value]
src/codestory/cli/commands/ingest.py:224: error: Function is missing a type annotation for one or more arguments  [no-untyped-def]
src/codestory/cli/commands/ingest.py:254: error: No return value expected  [return-value]
src/codestory/cli/commands/ingest.py:258: error: No return value expected  [return-value]
src/codestory/cli/commands/ingest.py:261: error: Function is missing a type annotation for one or more arguments  [no-untyped-def]
src/codestory/cli/commands/ingest.py:286: error: No return value expected  [return-value]
src/codestory/cli/commands/ingest.py:289: error: Function is missing a type annotation for one or more arguments  [no-untyped-def]
src/codestory/cli/commands/ingest.py:318: error: No return value expected  [return-value]
src/codestory/cli/commands/ingest.py:330: error: No return value expected  [return-value]
src/codestory/cli/commands/ingest.py:333: error: Function is missing a type annotation for one or more arguments  [no-untyped-def]
src/codestory/cli/commands/ingest.py:341: error: No return value expected  [return-value]
src/codestory/cli/commands/ingest.py:358: error: No return value expected  [return-value]
src/codestory/cli/commands/ingest.py:361: error: "is_repo_mounted" does not return a value (it only ever returns None)  [func-returns-value]
src/codestory/cli/commands/ingest.py:366: error: No return value expected  [return-value]
src/codestory/cli/commands/ingest.py:389: error: "is_repo_mounted" does not return a value (it only ever returns None)  [func-returns-value]
src/codestory/cli/commands/ingest.py:413: error: No return value expected  [return-value]
src/codestory/cli/commands/ingest.py:508: error: "is_repo_mounted" does not return a value (it only ever returns None)  [func-returns-value]
src/codestory/cli/commands/ingest.py:569: error: "is_repo_mounted" does not return a value (it only ever returns None)  [func-returns-value]
src/codestory/cli/commands/ingest.py:890: error: "is_repo_mounted" does not return a value (it only ever returns None)  [func-returns-value]
src/codestory/cli/commands/ingest.py:897: error: "setup_repository_mount" does not return a value (it only ever returns None)  [func-returns-value]
src/codestory/cli/commands/ingest.py:938: error: Skipping analyzing "codestory.ingestion_pipeline.step": module is installed, but missing library stubs or py.typed marker  [import-untyped]
src/codestory/cli/commands/ingest.py:1000: error: No return value expected  [return-value]
src/codestory/cli/commands/ingest.py:1002: error: No return value expected  [return-value]
src/codestory/cli/commands/database.py:33: error: Function is missing a type annotation for one or more arguments  [no-untyped-def]
src/codestory_summarizer/step.py:15: error: Skipping analyzing "celery": module is installed, but missing library stubs or py.typed marker  [import-untyped]
src/codestory_summarizer/step.py:17: error: Skipping analyzing "codestory.config.settings": module is installed, but missing library stubs or py.typed marker  [import-untyped]
src/codestory_summarizer/step.py:18: error: Skipping analyzing "codestory.graphdb.neo4j_connector": module is installed, but missing library stubs or py.typed marker  [import-untyped]
src/codestory_summarizer/step.py:19: error: Skipping analyzing "codestory.ingestion_pipeline.step": module is installed, but missing library stubs or py.typed marker  [import-untyped]
src/codestory_summarizer/step.py:20: error: Skipping analyzing "codestory.llm.client": module is installed, but missing library stubs or py.typed marker  [import-untyped]
src/codestory_summarizer/step.py:21: error: Skipping analyzing "codestory.llm.models": module is installed, but missing library stubs or py.typed marker  [import-untyped]
src/codestory_summarizer/step.py:118: error: Skipping analyzing "celery.result": module is installed, but missing library stubs or py.typed marker  [import-untyped]
src/codestory_summarizer/step.py:207: error: Skipping analyzing "celery.task.control": module is installed, but missing library stubs or py.typed marker  [import-untyped]
src/codestory_summarizer/step.py:268: error: Untyped decorator makes function "run_summarizer" untyped  [misc]
src/codestory/cli/main.py:8: error: Skipping analyzing "click_didyoumean": module is installed, but missing library stubs or py.typed marker  [import-untyped]
src/codestory/cli/main.py:13: error: Incompatible import of "rich_click_module" (imported name has type Module, local name has type "object")  [assignment]
src/codestory/cli/main.py:19: error: Module has no attribute "USE_RICH_MARKUP"  [attr-defined]
src/codestory/cli/main.py:20: error: Module has no attribute "SHOW_ARGUMENTS"  [attr-defined]
src/codestory/cli/main.py:21: error: Module has no attribute "GROUP_ARGUMENTS_OPTIONS"  [attr-defined]
src/codestory/cli/main.py:22: error: Module has no attribute "STYLE_ERRORS_SUGGESTION"  [attr-defined]
src/codestory/cli/main.py:23: error: Module has no attribute "ERRORS_SUGGESTION"  [attr-defined]
src/codestory/cli/main.py:29: error: Skipping analyzing "codestory.config": module is installed, but missing library stubs or py.typed marker  [import-untyped]
src/codestory/cli/main.py:34: error: Item Module of Module | None has no attribute "USE_RICH_MARKUP"  [union-attr]
src/codestory/cli/main.py:34: error: Item "None" of Module | None has no attribute "USE_RICH_MARKUP"  [union-attr]
src/codestory/cli/main.py:35: error: Item Module of Module | None has no attribute "SHOW_ARGUMENTS"  [union-attr]
src/codestory/cli/main.py:35: error: Item "None" of Module | None has no attribute "SHOW_ARGUMENTS"  [union-attr]
src/codestory/cli/main.py:36: error: Item Module of Module | None has no attribute "GROUP_ARGUMENTS_OPTIONS"  [union-attr]
src/codestory/cli/main.py:36: error: Item "None" of Module | None has no attribute "GROUP_ARGUMENTS_OPTIONS"  [union-attr]
src/codestory/cli/main.py:37: error: Item Module of Module | None has no attribute "STYLE_ERRORS_SUGGESTION"  [union-attr]
src/codestory/cli/main.py:37: error: Item "None" of Module | None has no attribute "STYLE_ERRORS_SUGGESTION"  [union-attr]
src/codestory/cli/main.py:38: error: Item Module of Module | None has no attribute "ERRORS_SUGGESTION"  [union-attr]
src/codestory/cli/main.py:38: error: Item "None" of Module | None has no attribute "ERRORS_SUGGESTION"  [union-attr]
src/codestory/cli/main.py:49: error: Function is missing a type annotation for one or more arguments  [no-untyped-def]
src/codestory/cli/main.py:52: error: Returning Any from function declared to return "None"  [no-any-return]
src/codestory/cli/main.py:188: error: Function is missing a type annotation for one or more arguments  [no-untyped-def]
src/codestory/cli/main.py:192: error: Function is missing a type annotation for one or more arguments  [no-untyped-def]
src/codestory/cli/main.py:247: error: No return value expected  [return-value]
src/codestory/cli/main.py:251: error: "_wrap_click_command" does not return a value (it only ever returns None)  [func-returns-value]
src/codestory/cli/main.py:260: error: Function is missing a type annotation for one or more arguments  [no-untyped-def]
src/codestory/cli/main.py:324: error: Cannot assign to a method  [method-assign]
src/codestory/cli/main.py:337: error: Cannot assign to a method  [method-assign]
src/codestory_service/settings.py:13: error: Skipping analyzing "codestory.config.settings": module is installed, but missing library stubs or py.typed marker  [import-untyped]
src/codestory_mcp/utils/config.py:90: error: Function is missing a type annotation for one or more arguments  [no-untyped-def]
src/codestory_mcp/utils/config.py:106: error: Returning Any from function declared to return "str"  [no-any-return]
src/codestory_docgrapher/step.py:13: error: Skipping analyzing "celery": module is installed, but missing library stubs or py.typed marker  [import-untyped]
src/codestory_docgrapher/step.py:15: error: Skipping analyzing "codestory.config.settings": module is installed, but missing library stubs or py.typed marker  [import-untyped]
src/codestory_docgrapher/step.py:16: error: Skipping analyzing "codestory.graphdb.neo4j_connector": module is installed, but missing library stubs or py.typed marker  [import-untyped]
src/codestory_docgrapher/step.py:17: error: Skipping analyzing "codestory.ingestion_pipeline.step": module is installed, but missing library stubs or py.typed marker  [import-untyped]
src/codestory_docgrapher/step.py:35: error: The return type of "__init__" must be None  [misc]
src/codestory_docgrapher/step.py:112: error: Skipping analyzing "celery.result": module is installed, but missing library stubs or py.typed marker  [import-untyped]
src/codestory_docgrapher/step.py:201: error: Skipping analyzing "celery.task.control": module is installed, but missing library stubs or py.typed marker  [import-untyped]
src/codestory_docgrapher/step.py:258: error: Untyped decorator makes function "run_docgrapher" untyped  [misc]
src/codestory_docgrapher/step.py:259: error: Function is missing a type annotation for one or more arguments  [no-untyped-def]
src/codestory/config/settings.py:488: error: Incompatible types in assignment (expression has type "SecretStr | None", variable has type "SecretStr")  [assignment]
src/codestory/config/settings.py:489: error: Unused "type: ignore" comment  [unused-ignore]
src/codestory/config/settings.py:494: error: Item "None" of "SecretStr | None" has no attribute "get_secret_value"  [union-attr]
src/codestory/config/settings.py:499: error: Unused "type: ignore" comment  [unused-ignore]
src/codestory/config/settings.py:512: error: Unused "type: ignore" comment  [unused-ignore]
src/codestory/config/settings.py:522: error: Unused "type: ignore" comment  [unused-ignore]
src/codestory/llm/client.py:366: error: No overload variant of "AzureOpenAI" matches argument type "dict[str, object]"  [call-overload]
src/codestory/llm/client.py:366: note: Possible overload variants:
src/codestory/llm/client.py:366: note:     def AzureOpenAI(self, *, azure_endpoint: str, azure_deployment: str | None = ..., api_version: str | None = ..., api_key: str | None = ..., azure_ad_token: str | None = ..., azure_ad_token_provider: Callable[[], str] | None = ..., organization: str | None = ..., websocket_base_url: str | URL | None = ..., timeout: float | Timeout | NotGiven | None = ..., max_retries: int = ..., default_headers: Mapping[str, str] | None = ..., default_query: Mapping[str, object] | None = ..., http_client: Client | None = ..., _strict_response_validation: bool = ...) -> AzureOpenAI
src/codestory/llm/client.py:366: note:     def AzureOpenAI(self, *, azure_deployment: str | None = ..., api_version: str | None = ..., api_key: str | None = ..., azure_ad_token: str | None = ..., azure_ad_token_provider: Callable[[], str] | None = ..., organization: str | None = ..., websocket_base_url: str | URL | None = ..., timeout: float | Timeout | NotGiven | None = ..., max_retries: int = ..., default_headers: Mapping[str, str] | None = ..., default_query: Mapping[str, object] | None = ..., http_client: Client | None = ..., _strict_response_validation: bool = ...) -> AzureOpenAI
src/codestory/llm/client.py:366: note:     def AzureOpenAI(self, *, base_url: str, api_version: str | None = ..., api_key: str | None = ..., azure_ad_token: str | None = ..., azure_ad_token_provider: Callable[[], str] | None = ..., organization: str | None = ..., websocket_base_url: str | URL | None = ..., timeout: float | Timeout | NotGiven | None = ..., max_retries: int = ..., default_headers: Mapping[str, str] | None = ..., default_query: Mapping[str, object] | None = ..., http_client: Client | None = ..., _strict_response_validation: bool = ...) -> AzureOpenAI
src/codestory/llm/client.py:368: error: No overload variant of "AsyncAzureOpenAI" matches argument type "dict[str, object]"  [call-overload]
src/codestory/llm/client.py:368: note: Possible overload variants:
src/codestory/llm/client.py:368: note:     def AsyncAzureOpenAI(self, *, azure_endpoint: str, azure_deployment: str | None = ..., api_version: str | None = ..., api_key: str | None = ..., azure_ad_token: str | None = ..., azure_ad_token_provider: Callable[[], str | Awaitable[str]] | None = ..., organization: str | None = ..., project: str | None = ..., websocket_base_url: str | URL | None = ..., timeout: float | Timeout | NotGiven | None = ..., max_retries: int = ..., default_headers: Mapping[str, str] | None = ..., default_query: Mapping[str, object] | None = ..., http_client: AsyncClient | None = ..., _strict_response_validation: bool = ...) -> AsyncAzureOpenAI
src/codestory/llm/client.py:368: note:     def AsyncAzureOpenAI(self, *, azure_deployment: str | None = ..., api_version: str | None = ..., api_key: str | None = ..., azure_ad_token: str | None = ..., azure_ad_token_provider: Callable[[], str | Awaitable[str]] | None = ..., organization: str | None = ..., project: str | None = ..., websocket_base_url: str | URL | None = ..., timeout: float | Timeout | NotGiven | None = ..., max_retries: int = ..., default_headers: Mapping[str, str] | None = ..., default_query: Mapping[str, object] | None = ..., http_client: AsyncClient | None = ..., _strict_response_validation: bool = ...) -> AsyncAzureOpenAI
src/codestory/llm/client.py:368: note:     def AsyncAzureOpenAI(self, *, base_url: str, api_version: str | None = ..., api_key: str | None = ..., azure_ad_token: str | None = ..., azure_ad_token_provider: Callable[[], str | Awaitable[str]] | None = ..., organization: str | None = ..., project: str | None = ..., websocket_base_url: str | URL | None = ..., timeout: float | Timeout | NotGiven | None = ..., max_retries: int = ..., default_headers: Mapping[str, str] | None = ..., default_query: Mapping[str, object] | None = ..., http_client: AsyncClient | None = ..., _strict_response_validation: bool = ...) -> AsyncAzureOpenAI
src/codestory/llm/client.py:380: error: Function is missing a type annotation for one or more arguments  [no-untyped-def]
src/codestory/llm/client.py:401: error: No return value expected  [return-value]
src/codestory/llm/client.py:495: error: "_prepare_request_data" of "OpenAIClient" does not return a value (it only ever returns None)  [func-returns-value]
src/codestory/llm/client.py:559: error: "_prepare_request_data" of "OpenAIClient" does not return a value (it only ever returns None)  [func-returns-value]
src/codestory/llm/client.py:619: error: "_prepare_request_data" of "OpenAIClient" does not return a value (it only ever returns None)  [func-returns-value]
src/codestory/llm/client.py:681: error: "_prepare_request_data" of "OpenAIClient" does not return a value (it only ever returns None)  [func-returns-value]
src/codestory/llm/client.py:745: error: "_prepare_request_data" of "OpenAIClient" does not return a value (it only ever returns None)  [func-returns-value]
src/codestory/llm/client.py:805: error: "_prepare_request_data" of "OpenAIClient" does not return a value (it only ever returns None)  [func-returns-value]
src/codestory/ingestion_pipeline/celery_app.py:9: error: Skipping analyzing "celery": module is installed, but missing library stubs or py.typed marker  [import-untyped]
src/codestory/graphdb/neo4j_connector.py:88: error: "Neo4jSettings" has no attribute "max_transaction_retry_time"  [attr-defined]
src/codestory/graphdb/neo4j_connector.py:258: error: Argument 1 to "driver" of "GraphDatabase" has incompatible type "str | None"; expected "str"  [arg-type]
src/codestory/graphdb/neo4j_connector.py:259: error: Argument "auth" to "driver" of "GraphDatabase" has incompatible type "tuple[str | None, str | None]"; expected "tuple[str, str] | Auth | None | AuthManager"  [arg-type]
src/codestory/graphdb/neo4j_connector.py:301: error: Function is missing a type annotation for one or more arguments  [no-untyped-def]
src/codestory/graphdb/neo4j_connector.py:347: error: Returning Any from function declared to return "list[dict[str, Any]]"  [no-any-return]
src/codestory/graphdb/neo4j_connector.py:349: error: Returning Any from function declared to return "list[dict[str, Any]]"  [no-any-return]
src/codestory/graphdb/neo4j_connector.py:359: error: Returning Any from function declared to return "list[dict[str, Any]]"  [no-any-return]
src/codestory/graphdb/neo4j_connector.py:416: error: Returning Any from function declared to return "list[list[dict[str, Any]]]"  [no-any-return]
src/codestory/graphdb/neo4j_connector.py:418: error: Returning Any from function declared to return "list[list[dict[str, Any]]]"  [no-any-return]
src/codestory/graphdb/neo4j_connector.py:433: error: Returning Any from function declared to return "list[list[dict[str, Any]]]"  [no-any-return]
src/codestory/graphdb/neo4j_connector.py:454: error: Function is missing a type annotation for one or more arguments  [no-untyped-def]
src/codestory/graphdb/neo4j_connector.py:468: error: Function is missing a type annotation for one or more arguments  [no-untyped-def]
src/codestory/graphdb/neo4j_connector.py:551: error: Incompatible return value type (got "Any | None", expected "dict[str, Any]")  [return-value]
src/codestory/graphdb/neo4j_connector.py:568: error: Incompatible return value type (got "Any | None", expected "dict[str, Any]")  [return-value]
src/codestory/graphdb/neo4j_connector.py:611: error: Incompatible return value type (got "Any | None", expected "dict[str, Any]")  [return-value]
src/codestory/graphdb/neo4j_connector.py:731: error: Returning Any from function declared to return "list[dict[str, Any]]"  [no-any-return]
src/codestory/graphdb/neo4j_connector.py:733: error: Returning Any from function declared to return "list[dict[str, Any]]"  [no-any-return]
src/codestory/graphdb/neo4j_connector.py:761: error: Returning Any from function declared to return "list[list[dict[str, Any]]]"  [no-any-return]
src/codestory/graphdb/neo4j_connector.py:763: error: Returning Any from function declared to return "list[list[dict[str, Any]]]"  [no-any-return]
tests/unit/test_codestory_service/test_infrastructure.py:11: error: Skipping analyzing "codestory.graphdb.exceptions": module is installed, but missing library stubs or py.typed marker  [import-untyped]
tests/unit/test_codestory_service/test_infrastructure.py:12: error: Skipping analyzing "codestory.graphdb.neo4j_connector": module is installed, but missing library stubs or py.typed marker  [import-untyped]
tests/unit/test_codestory_service/test_infrastructure.py:13: error: Skipping analyzing "codestory.llm.exceptions": module is installed, but missing library stubs or py.typed marker  [import-untyped]
tests/unit/test_codestory_service/test_infrastructure.py:14: error: Skipping analyzing "codestory_service.domain.graph": module is installed, but missing library stubs or py.typed marker  [import-untyped]
tests/unit/test_codestory_service/test_infrastructure.py:15: error: Skipping analyzing "codestory_service.domain.ingestion": module is installed, but missing library stubs or py.typed marker  [import-untyped]
tests/unit/test_codestory_service/test_infrastructure.py:16: error: Skipping analyzing "codestory_service.infrastructure.celery_adapter": module is installed, but missing library stubs or py.typed marker  [import-untyped]
tests/unit/test_codestory_service/test_infrastructure.py:17: error: Skipping analyzing "codestory_service.infrastructure.msal_validator": module is installed, but missing library stubs or py.typed marker  [import-untyped]
tests/unit/test_codestory_service/test_infrastructure.py:18: error: Skipping analyzing "codestory_service.infrastructure.neo4j_adapter": module is installed, but missing library stubs or py.typed marker  [import-untyped]
tests/unit/test_codestory_service/test_infrastructure.py:19: error: Skipping analyzing "codestory_service.infrastructure.openai_adapter": module is installed, but missing library stubs or py.typed marker  [import-untyped]
tests/unit/test_codestory_service/test_infrastructure.py:26: error: Function is missing a return type annotation  [no-untyped-def]
tests/unit/test_codestory_service/test_infrastructure.py:38: error: Function is missing a type annotation  [no-untyped-def]
tests/unit/test_codestory_service/test_infrastructure.py:43: error: Function is missing a type annotation  [no-untyped-def]
tests/unit/test_codestory_service/test_infrastructure.py:50: error: Function is missing a type annotation  [no-untyped-def]
tests/unit/test_codestory_service/test_infrastructure.py:60: error: Function is missing a type annotation  [no-untyped-def]
tests/unit/test_codestory_service/test_infrastructure.py:76: error: Function is missing a type annotation  [no-untyped-def]
tests/unit/test_codestory_service/test_infrastructure.py:93: error: Function is missing a return type annotation  [no-untyped-def]
tests/unit/test_codestory_service/test_infrastructure.py:104: error: Skipping analyzing "codestory.llm.models": module is installed, but missing library stubs or py.typed marker  [import-untyped]
tests/unit/test_codestory_service/test_infrastructure.py:124: error: Function is missing a return type annotation  [no-untyped-def]
tests/unit/test_codestory_service/test_infrastructure.py:134: error: Function is missing a type annotation  [no-untyped-def]
tests/unit/test_codestory_service/test_infrastructure.py:152: error: Function is missing a type annotation  [no-untyped-def]
tests/unit/test_codestory_service/test_infrastructure.py:157: error: Function is missing a type annotation  [no-untyped-def]
tests/unit/test_codestory_service/test_infrastructure.py:164: error: Function is missing a type annotation  [no-untyped-def]
tests/unit/test_codestory_service/test_infrastructure.py:180: error: Function is missing a type annotation  [no-untyped-def]
tests/unit/test_codestory_service/test_infrastructure.py:190: error: Function is missing a return type annotation  [no-untyped-def]
tests/unit/test_codestory_service/test_infrastructure.py:190: note: Use "-> None" if function does not return a value
tests/unit/test_codestory_service/test_infrastructure.py:226: error: Function is missing a type annotation  [no-untyped-def]
tests/unit/test_codestory_service/test_infrastructure.py:237: error: Function is missing a return type annotation  [no-untyped-def]
tests/unit/test_codestory_service/test_infrastructure.py:237: note: Use "-> None" if function does not return a value
tests/unit/test_codestory_service/test_infrastructure.py:268: error: Function is missing a type annotation  [no-untyped-def]
tests/unit/test_codestory_service/test_infrastructure.py:282: error: Function is missing a return type annotation  [no-untyped-def]
tests/unit/test_codestory_service/test_infrastructure.py:282: note: Use "-> None" if function does not return a value
tests/unit/test_codestory_service/test_infrastructure.py:313: error: Function is missing a type annotation  [no-untyped-def]
tests/unit/test_codestory_service/test_infrastructure.py:322: error: Function is missing a type annotation  [no-untyped-def]
tests/unit/test_codestory_service/test_infrastructure.py:341: error: Function is missing a return type annotation  [no-untyped-def]
tests/unit/test_codestory_service/test_infrastructure.py:364: error: Function is missing a type annotation  [no-untyped-def]
tests/unit/test_codestory_service/test_infrastructure.py:375: error: Function is missing a type annotation  [no-untyped-def]
tests/unit/test_codestory_service/test_infrastructure.py:382: error: Function is missing a type annotation  [no-untyped-def]
tests/unit/test_codestory_service/test_infrastructure.py:395: error: Function is missing a type annotation  [no-untyped-def]
tests/unit/test_codestory_service/test_infrastructure.py:404: error: Function is missing a type annotation  [no-untyped-def]
tests/unit/test_codestory_service/test_infrastructure.py:416: error: Function is missing a type annotation  [no-untyped-def]
tests/unit/test_codestory_service/test_infrastructure.py:494: error: Function is missing a return type annotation  [no-untyped-def]
tests/unit/test_codestory_service/test_infrastructure.py:513: error: Function is missing a type annotation  [no-untyped-def]
tests/unit/test_codestory_service/test_infrastructure.py:522: error: Function is missing a type annotation  [no-untyped-def]
tests/unit/test_codestory_service/test_clear_database.py:9: error: Skipping analyzing "codestory_service.application.graph_service": module is installed, but missing library stubs or py.typed marker  [import-untyped]
tests/unit/test_codestory_service/test_clear_database.py:10: error: Skipping analyzing "codestory_service.domain.graph": module is installed, but missing library stubs or py.typed marker  [import-untyped]
tests/unit/test_codestory_service/test_clear_database.py:11: error: Skipping analyzing "codestory_service.main": module is installed, but missing library stubs or py.typed marker  [import-untyped]
tests/unit/test_codestory_service/test_clear_database.py:15: error: Function is missing a return type annotation  [no-untyped-def]
tests/unit/test_codestory_service/test_clear_database.py:30: error: Function is missing a type annotation  [no-untyped-def]
tests/unit/test_codestory_service/test_clear_database.py:36: error: Function is missing a return type annotation  [no-untyped-def]
tests/unit/test_codestory_service/test_clear_database.py:40: error: Function is missing a return type annotation  [no-untyped-def]
tests/unit/test_codestory_service/test_clear_database.py:45: error: Skipping analyzing "codestory_service.infrastructure.msal_validator": module is installed, but missing library stubs or py.typed marker  [import-untyped]
tests/unit/test_codestory_service/test_clear_database.py:58: error: Function is missing a type annotation  [no-untyped-def]
tests/unit/test_codestory_service/test_clear_database.py:80: error: Function is missing a type annotation  [no-untyped-def]
tests/unit/test_codestory_service/test_clear_database.py:97: error: Function is missing a type annotation  [no-untyped-def]
tests/unit/test_codestory_service/test_application.py:12: error: Skipping analyzing "codestory_service.application.auth_service": module is installed, but missing library stubs or py.typed marker  [import-untyped]
tests/unit/test_codestory_service/test_application.py:13: error: Skipping analyzing "codestory_service.application.config_service": module is installed, but missing library stubs or py.typed marker  [import-untyped]
tests/unit/test_codestory_service/test_application.py:14: error: Skipping analyzing "codestory_service.application.graph_service": module is installed, but missing library stubs or py.typed marker  [import-untyped]
tests/unit/test_codestory_service/test_application.py:15: error: Skipping analyzing "codestory_service.application.ingestion_service": module is installed, but missing library stubs or py.typed marker  [import-untyped]
tests/unit/test_codestory_service/test_application.py:16: error: Skipping analyzing "codestory_service.domain.auth": module is installed, but missing library stubs or py.typed marker  [import-untyped]
tests/unit/test_codestory_service/test_application.py:17: error: Skipping analyzing "codestory_service.domain.config": module is installed, but missing library stubs or py.typed marker  [import-untyped]
tests/unit/test_codestory_service/test_application.py:18: error: Skipping analyzing "codestory_service.domain.graph": module is installed, but missing library stubs or py.typed marker  [import-untyped]
tests/unit/test_codestory_service/test_application.py:24: error: Skipping analyzing "codestory_service.domain.ingestion": module is installed, but missing library stubs or py.typed marker  [import-untyped]
tests/unit/test_codestory_service/test_application.py:35: error: Function is missing a return type annotation  [no-untyped-def]
tests/unit/test_codestory_service/test_application.py:42: error: Function is missing a type annotation  [no-untyped-def]
tests/unit/test_codestory_service/test_application.py:51: error: Function is missing a type annotation  [no-untyped-def]
tests/unit/test_codestory_service/test_application.py:63: error: Function is missing a type annotation  [no-untyped-def]
tests/unit/test_codestory_service/test_application.py:74: error: Function is missing a type annotation  [no-untyped-def]
tests/unit/test_codestory_service/test_application.py:86: error: Function is missing a type annotation  [no-untyped-def]
tests/unit/test_codestory_service/test_application.py:108: error: Function is missing a return type annotation  [no-untyped-def]
tests/unit/test_codestory_service/test_application.py:117: error: Function is missing a type annotation  [no-untyped-def]
tests/unit/test_codestory_service/test_application.py:137: error: Function is missing a type annotation  [no-untyped-def]
tests/unit/test_codestory_service/test_application.py:187: error: Function is missing a type annotation  [no-untyped-def]
tests/unit/test_codestory_service/test_application.py:261: error: Function is missing a return type annotation  [no-untyped-def]
tests/unit/test_codestory_service/test_application.py:270: error: Function is missing a return type annotation  [no-untyped-def]
tests/unit/test_codestory_service/test_application.py:277: error: Function is missing a type annotation  [no-untyped-def]
tests/unit/test_codestory_service/test_application.py:282: error: Function is missing a type annotation  [no-untyped-def]
tests/unit/test_codestory_service/test_application.py:297: error: Function is missing a type annotation  [no-untyped-def]
tests/unit/test_codestory_service/test_application.py:307: error: Function is missing a type annotation  [no-untyped-def]
tests/unit/test_codestory_service/test_application.py:352: error: Function is missing a return type annotation  [no-untyped-def]
tests/unit/test_codestory_service/test_application.py:364: error: Function is missing a type annotation  [no-untyped-def]
tests/unit/test_codestory_service/test_application.py:372: error: Function is missing a type annotation  [no-untyped-def]
tests/unit/test_codestory_service/test_application.py:395: error: Function is missing a type annotation  [no-untyped-def]
tests/unit/test_codestory_service/test_application.py:405: error: Function is missing a type annotation  [no-untyped-def]
tests/unit/test_codestory_service/test_application.py:410: error: Function is missing a type annotation  [no-untyped-def]
tests/unit/test_codestory_service/test_api.py:12: error: Skipping analyzing "codestory_service.api": module is installed, but missing library stubs or py.typed marker  [import-untyped]
tests/unit/test_codestory_service/test_api.py:13: error: Skipping analyzing "codestory_service.domain.auth": module is installed, but missing library stubs or py.typed marker  [import-untyped]
tests/unit/test_codestory_service/test_api.py:14: error: Skipping analyzing "codestory_service.domain.graph": module is installed, but missing library stubs or py.typed marker  [import-untyped]
tests/unit/test_codestory_service/test_api.py:19: error: Skipping analyzing "codestory_service.domain.ingestion": module is installed, but missing library stubs or py.typed marker  [import-untyped]
tests/unit/test_codestory_service/test_api.py:30: error: Function is missing a return type annotation  [no-untyped-def]
tests/unit/test_codestory_service/test_api.py:45: error: Function is missing a type annotation  [no-untyped-def]
tests/unit/test_codestory_service/test_api.py:68: error: Function is missing a type annotation  [no-untyped-def]
tests/unit/test_codestory_service/test_api.py:82: error: Function is missing a type annotation  [no-untyped-def]
tests/unit/test_codestory_service/test_api.py:104: error: Function is missing a return type annotation  [no-untyped-def]
tests/unit/test_codestory_service/test_api.py:116: error: Function is missing a type annotation  [no-untyped-def]
tests/unit/test_codestory_service/test_api.py:137: error: Function is missing a type annotation  [no-untyped-def]
tests/unit/test_codestory_service/test_api.py:158: error: Function is missing a type annotation  [no-untyped-def]
tests/unit/test_codestory_service/test_api.py:178: error: Function is missing a return type annotation  [no-untyped-def]
tests/unit/test_codestory_service/test_api.py:180: error: Skipping analyzing "codestory_service.domain.config": module is installed, but missing library stubs or py.typed marker  [import-untyped]
tests/unit/test_codestory_service/test_api.py:222: error: Function is missing a type annotation  [no-untyped-def]
tests/unit/test_codestory_service/test_api.py:240: error: Function is missing a type annotation  [no-untyped-def]
tests/unit/test_codestory_service/test_api.py:260: error: Function is missing a type annotation  [no-untyped-def]
tests/unit/test_codestory_service/test_api.py:286: error: Function is missing a return type annotation  [no-untyped-def]
tests/unit/test_codestory_service/test_api.py:301: error: Function is missing a type annotation  [no-untyped-def]
tests/unit/test_codestory_service/test_api.py:318: error: Function is missing a type annotation  [no-untyped-def]
tests/unit/test_codestory_service/test_api.py:346: error: Function is missing a return type annotation  [no-untyped-def]
tests/unit/test_codestory_service/test_api.py:353: error: Function is missing a return type annotation  [no-untyped-def]
tests/unit/test_codestory_service/test_api.py:358: error: Function is missing a type annotation  [no-untyped-def]
tests/unit/test_codestory_service/test_api.py:387: error: Function is missing a type annotation  [no-untyped-def]
tests/unit/test_codestory_service/test_api.py:420: error: Function is missing a type annotation  [no-untyped-def]
tests/unit/test_codestory_service/test_api.py:449: error: Function is missing a return type annotation  [no-untyped-def]
tests/unit/test_codestory_service/test_api.py:472: error: Function is missing a type annotation  [no-untyped-def]
tests/unit/test_codestory_service/test_api.py:478: error: Function is missing a return type annotation  [no-untyped-def]
tests/unit/test_codestory_service/test_api.py:481: error: Function is missing a type annotation  [no-untyped-def]
tests/unit/test_codestory_service/test_api.py:484: error: Function is missing a return type annotation  [no-untyped-def]
tests/unit/test_codestory_service/test_api.py:484: note: Use "-> None" if function does not return a value
tests/unit/test_codestory_service/test_api.py:491: error: Function is missing a type annotation  [no-untyped-def]
tests/unit/test_codestory_service/test_api.py:513: error: Function is missing a type annotation  [no-untyped-def]
tests/unit/test_codestory_service/test_api.py:519: error: Function is missing a return type annotation  [no-untyped-def]
tests/unit/test_codestory_service/test_api.py:522: error: Function is missing a type annotation  [no-untyped-def]
tests/unit/test_codestory_service/test_api.py:525: error: Function is missing a return type annotation  [no-untyped-def]
tests/unit/test_codestory_service/test_api.py:525: note: Use "-> None" if function does not return a value
tests/unit/test_codestory_service/test_api.py:532: error: Function is missing a type annotation  [no-untyped-def]
tests/unit/test_codestory_service/test_api.py:554: error: Function is missing a type annotation  [no-untyped-def]
tests/unit/test_codestory_service/test_api.py:560: error: Function is missing a return type annotation  [no-untyped-def]
tests/unit/test_codestory_service/test_api.py:563: error: Function is missing a type annotation  [no-untyped-def]
tests/unit/test_codestory_service/test_api.py:566: error: Function is missing a return type annotation  [no-untyped-def]
tests/unit/test_codestory_service/test_api.py:566: note: Use "-> None" if function does not return a value
tests/unit/test_codestory_service/test_api.py:573: error: Function is missing a type annotation  [no-untyped-def]
tests/unit/test_codestory_service/test_api.py:595: error: Function is missing a type annotation  [no-untyped-def]
tests/unit/test_codestory_service/test_api.py:601: error: Function is missing a return type annotation  [no-untyped-def]
tests/unit/test_codestory_service/test_api.py:604: error: Function is missing a type annotation  [no-untyped-def]
tests/unit/test_codestory_service/test_api.py:607: error: Function is missing a return type annotation  [no-untyped-def]
tests/unit/test_codestory_service/test_api.py:607: note: Use "-> None" if function does not return a value
tests/unit/test_codestory_service/test_api.py:614: error: Function is missing a type annotation  [no-untyped-def]
tests/unit/test_codestory_service/test_api.py:651: error: Function is missing a type annotation  [no-untyped-def]
tests/unit/test_codestory_service/test_api.py:657: error: Function is missing a return type annotation  [no-untyped-def]
tests/unit/test_codestory_service/test_api.py:660: error: Function is missing a type annotation  [no-untyped-def]
tests/unit/test_codestory_service/test_api.py:663: error: Function is missing a return type annotation  [no-untyped-def]
tests/unit/test_codestory_service/test_api.py:663: note: Use "-> None" if function does not return a value
tests/unit/test_codestory_service/test_api.py:670: error: Function is missing a type annotation  [no-untyped-def]
tests/unit/test_codestory_service/test_api.py:710: error: Function is missing a type annotation  [no-untyped-def]
tests/unit/test_codestory_service/test_api.py:716: error: Function is missing a return type annotation  [no-untyped-def]
tests/unit/test_codestory_service/test_api.py:719: error: Function is missing a type annotation  [no-untyped-def]
tests/unit/test_codestory_service/test_api.py:722: error: Function is missing a return type annotation  [no-untyped-def]
tests/unit/test_codestory_service/test_api.py:722: note: Use "-> None" if function does not return a value
tests/unit/test_codestory_service/test_api.py:732: error: Function is missing a type annotation  [no-untyped-def]
tests/unit/test_codestory_mcp/test_tools.py:9: error: Skipping analyzing "codestory_mcp.tools": module is installed, but missing library stubs or py.typed marker  [import-untyped]
tests/unit/test_codestory_mcp/test_tools.py:10: error: Skipping analyzing "codestory_mcp.tools.base": module is installed, but missing library stubs or py.typed marker  [import-untyped]
tests/unit/test_codestory_mcp/test_tools.py:11: error: Skipping analyzing "codestory_mcp.tools.path_to": module is installed, but missing library stubs or py.typed marker  [import-untyped]
tests/unit/test_codestory_mcp/test_tools.py:12: error: Skipping analyzing "codestory_mcp.tools.search_graph": module is installed, but missing library stubs or py.typed marker  [import-untyped]
tests/unit/test_codestory_mcp/test_tools.py:13: error: Skipping analyzing "codestory_mcp.tools.similar_code": module is installed, but missing library stubs or py.typed marker  [import-untyped]
tests/unit/test_codestory_mcp/test_tools.py:14: error: Skipping analyzing "codestory_mcp.tools.summarize_node": module is installed, but missing library stubs or py.typed marker  [import-untyped]
tests/unit/test_codestory_mcp/test_tools.py:20: error: Function is missing a return type annotation  [no-untyped-def]
tests/unit/test_codestory_mcp/test_tools.py:29: error: Function is missing a type annotation  [no-untyped-def]
tests/unit/test_codestory_mcp/test_tools.py:39: error: Function is missing a return type annotation  [no-untyped-def]
tests/unit/test_codestory_mcp/test_tools.py:39: note: Use "-> None" if function does not return a value
tests/unit/test_codestory_mcp/test_tools.py:44: error: Function is missing a return type annotation  [no-untyped-def]
tests/unit/test_codestory_mcp/test_tools.py:53: error: Function is missing a type annotation  [no-untyped-def]
tests/unit/test_codestory_mcp/test_tools.py:61: error: Function is missing a type annotation  [no-untyped-def]
tests/unit/test_codestory_mcp/test_tools.py:80: error: Function is missing a return type annotation  [no-untyped-def]
tests/unit/test_codestory_mcp/test_tools.py:88: error: Function is missing a return type annotation  [no-untyped-def]
tests/unit/test_codestory_mcp/test_tools.py:96: error: Function is missing a type annotation  [no-untyped-def]
tests/unit/test_codestory_mcp/test_tools.py:100: error: Function is missing a type annotation  [no-untyped-def]
tests/unit/test_codestory_mcp/test_tools.py:108: error: Function is missing a type annotation  [no-untyped-def]
tests/unit/test_codestory_mcp/test_tools.py:117: error: Function is missing a type annotation  [no-untyped-def]
tests/unit/test_codestory_mcp/test_tools.py:126: error: Function is missing a type annotation  [no-untyped-def]
tests/unit/test_codestory_mcp/test_tools.py:134: error: Function is missing a type annotation  [no-untyped-def]
tests/unit/test_codestory_mcp/test_tools.py:137: error: Function is missing a type annotation  [no-untyped-def]
tests/unit/test_codestory_mcp/test_tools.py:146: error: Need type annotation for "future"  [var-annotated]
tests/unit/test_codestory_mcp/test_tools.py:171: error: Function is missing a type annotation  [no-untyped-def]
tests/unit/test_codestory_mcp/test_tools.py:174: error: Need type annotation for "future"  [var-annotated]
tests/unit/test_codestory_mcp/test_tools.py:191: error: Function is missing a return type annotation  [no-untyped-def]
tests/unit/test_codestory_mcp/test_tools.py:199: error: Function is missing a return type annotation  [no-untyped-def]
tests/unit/test_codestory_mcp/test_tools.py:209: error: Function is missing a return type annotation  [no-untyped-def]
tests/unit/test_codestory_mcp/test_tools.py:217: error: Function is missing a type annotation  [no-untyped-def]
tests/unit/test_codestory_mcp/test_tools.py:221: error: Function is missing a type annotation  [no-untyped-def]
tests/unit/test_codestory_mcp/test_tools.py:230: error: Function is missing a type annotation  [no-untyped-def]
tests/unit/test_codestory_mcp/test_tools.py:239: error: Function is missing a type annotation  [no-untyped-def]
tests/unit/test_codestory_mcp/test_tools.py:248: error: Need type annotation for "future"  [var-annotated]
tests/unit/test_codestory_mcp/test_tools.py:261: error: Function is missing a type annotation  [no-untyped-def]
tests/unit/test_codestory_mcp/test_tools.py:276: error: Need type annotation for "find_node_future"  [var-annotated]
tests/unit/test_codestory_mcp/test_tools.py:280: error: Need type annotation for "summary_future"  [var-annotated]
tests/unit/test_codestory_mcp/test_tools.py:304: error: Function is missing a return type annotation  [no-untyped-def]
tests/unit/test_codestory_mcp/test_tools.py:312: error: Function is missing a return type annotation  [no-untyped-def]
tests/unit/test_codestory_mcp/test_tools.py:320: error: Function is missing a return type annotation  [no-untyped-def]
tests/unit/test_codestory_mcp/test_tools.py:328: error: Function is missing a type annotation  [no-untyped-def]
tests/unit/test_codestory_mcp/test_tools.py:333: error: Function is missing a type annotation  [no-untyped-def]
tests/unit/test_codestory_mcp/test_tools.py:342: error: Function is missing a type annotation  [no-untyped-def]
tests/unit/test_codestory_mcp/test_tools.py:351: error: Function is missing a type annotation  [no-untyped-def]
tests/unit/test_codestory_mcp/test_tools.py:360: error: Function is missing a type annotation  [no-untyped-def]
tests/unit/test_codestory_mcp/test_tools.py:368: error: Function is missing a type annotation  [no-untyped-def]
tests/unit/test_codestory_mcp/test_tools.py:371: error: Function is missing a type annotation  [no-untyped-def]
tests/unit/test_codestory_mcp/test_tools.py:387: error: Function is missing a type annotation  [no-untyped-def]
tests/unit/test_codestory_mcp/test_tools.py:390: error: Function is missing a type annotation  [no-untyped-def]
tests/unit/test_codestory_mcp/test_tools.py:403: error: Function is missing a type annotation  [no-untyped-def]
tests/unit/test_codestory_mcp/test_tools.py:406: error: Function is missing a type annotation  [no-untyped-def]
tests/unit/test_codestory_mcp/test_tools.py:415: error: Need type annotation for "paths_future"  [var-annotated]
tests/unit/test_codestory_mcp/test_tools.py:419: error: Need type annotation for "explanation_future"  [var-annotated]
tests/unit/test_codestory_mcp/test_tools.py:455: error: Function is missing a return type annotation  [no-untyped-def]
tests/unit/test_codestory_mcp/test_tools.py:463: error: Function is missing a return type annotation  [no-untyped-def]
tests/unit/test_codestory_mcp/test_tools.py:471: error: Function is missing a type annotation  [no-untyped-def]
tests/unit/test_codestory_mcp/test_tools.py:476: error: Function is missing a type annotation  [no-untyped-def]
tests/unit/test_codestory_mcp/test_tools.py:485: error: Function is missing a type annotation  [no-untyped-def]
tests/unit/test_codestory_mcp/test_tools.py:494: error: Function is missing a type annotation  [no-untyped-def]
tests/unit/test_codestory_mcp/test_tools.py:517: error: Need type annotation for "future"  [var-annotated]
tests/unit/test_codestory_mcp/test_server.py:9: error: Skipping analyzing "codestory_mcp.server": module is installed, but missing library stubs or py.typed marker  [import-untyped]
tests/unit/test_codestory_mcp/test_server.py:10: error: Skipping analyzing "codestory_mcp.tools.base": module is installed, but missing library stubs or py.typed marker  [import-untyped]
tests/unit/test_codestory_mcp/test_server.py:14: error: Function is missing a return type annotation  [no-untyped-def]
tests/unit/test_codestory_mcp/test_server.py:31: error: Function is missing a return type annotation  [no-untyped-def]
tests/unit/test_codestory_mcp/test_server.py:40: error: Function is missing a return type annotation  [no-untyped-def]
tests/unit/test_codestory_mcp/test_server.py:49: error: Function is missing a return type annotation  [no-untyped-def]
tests/unit/test_codestory_mcp/test_server.py:60: error: Function is missing a type annotation  [no-untyped-def]
tests/unit/test_codestory_mcp/test_server.py:79: error: Function is missing a type annotation  [no-untyped-def]
tests/unit/test_codestory_mcp/test_server.py:99: error: Function is missing a type annotation  [no-untyped-def]
tests/unit/test_codestory_mcp/test_server.py:109: error: Need type annotation for "future"  [var-annotated]
tests/unit/test_codestory_mcp/test_server.py:124: error: Function is missing a type annotation  [no-untyped-def]
tests/unit/test_codestory_mcp/test_server.py:136: error: Need type annotation for "future"  [var-annotated]
tests/unit/test_codestory_mcp/test_server.py:151: error: Function is missing a type annotation  [no-untyped-def]
tests/unit/test_codestory_mcp/test_server.py:157: error: Need type annotation for "future"  [var-annotated]
tests/unit/test_codestory_mcp/test_server.py:176: error: Function is missing a type annotation  [no-untyped-def]
tests/unit/test_codestory_mcp/test_server.py:198: error: Function is missing a type annotation  [no-untyped-def]
tests/unit/test_codestory_mcp/test_server.py:204: error: Need type annotation for "future"  [var-annotated]
tests/unit/test_codestory_mcp/test_server.py:225: error: Function is missing a type annotation  [no-untyped-def]
tests/unit/test_codestory_mcp/test_server.py:250: error: Function is missing a type annotation  [no-untyped-def]
tests/unit/test_codestory_mcp/test_server.py:256: error: Need type annotation for "future"  [var-annotated]
tests/unit/test_codestory_mcp/test_server.py:274: error: Function is missing a type annotation  [no-untyped-def]
tests/unit/test_codestory_mcp/test_server.py:292: error: "BaseRoute" has no attribute "path"  [attr-defined]
tests/unit/test_codestory_mcp/test_adapters.py:10: error: Skipping analyzing "codestory_mcp.adapters.graph_service": module is installed, but missing library stubs or py.typed marker  [import-untyped]
tests/unit/test_codestory_mcp/test_adapters.py:16: error: Skipping analyzing "codestory_mcp.adapters.openai_service": module is installed, but missing library stubs or py.typed marker  [import-untyped]
tests/unit/test_codestory_mcp/test_adapters.py:20: error: Skipping analyzing "codestory_mcp.tools.base": module is installed, but missing library stubs or py.typed marker  [import-untyped]
tests/unit/test_codestory_mcp/test_adapters.py:26: error: Function is missing a return type annotation  [no-untyped-def]
tests/unit/test_codestory_mcp/test_adapters.py:26: note: Use "-> None" if function does not return a value
tests/unit/test_codestory_mcp/test_adapters.py:34: error: Function is missing a return type annotation  [no-untyped-def]
tests/unit/test_codestory_mcp/test_adapters.py:34: note: Use "-> None" if function does not return a value
tests/unit/test_codestory_mcp/test_adapters.py:42: error: Function is missing a return type annotation  [no-untyped-def]
tests/unit/test_codestory_mcp/test_adapters.py:42: note: Use "-> None" if function does not return a value
tests/unit/test_codestory_mcp/test_adapters.py:51: error: Function is missing a return type annotation  [no-untyped-def]
tests/unit/test_codestory_mcp/test_adapters.py:51: note: Use "-> None" if function does not return a value
tests/unit/test_codestory_mcp/test_adapters.py:64: error: Function is missing a return type annotation  [no-untyped-def]
tests/unit/test_codestory_mcp/test_adapters.py:64: note: Use "-> None" if function does not return a value
tests/unit/test_codestory_mcp/test_adapters.py:74: error: Function is missing a return type annotation  [no-untyped-def]
tests/unit/test_codestory_mcp/test_adapters.py:74: note: Use "-> None" if function does not return a value
tests/unit/test_codestory_mcp/test_adapters.py:82: error: Function is missing a return type annotation  [no-untyped-def]
tests/unit/test_codestory_mcp/test_adapters.py:82: note: Use "-> None" if function does not return a value
tests/unit/test_codestory_mcp/test_adapters.py:93: error: Function is missing a return type annotation  [no-untyped-def]
tests/unit/test_codestory_mcp/test_adapters.py:93: note: Use "-> None" if function does not return a value
tests/unit/test_codestory_mcp/test_adapters.py:107: error: Function is missing a return type annotation  [no-untyped-def]
tests/unit/test_codestory_mcp/test_adapters.py:118: error: Function is missing a return type annotation  [no-untyped-def]
tests/unit/test_codestory_mcp/test_adapters.py:126: error: Function is missing a return type annotation  [no-untyped-def]
tests/unit/test_codestory_mcp/test_adapters.py:136: error: Function is missing a type annotation  [no-untyped-def]
tests/unit/test_codestory_mcp/test_adapters.py:140: error: Function is missing a type annotation  [no-untyped-def]
tests/unit/test_codestory_mcp/test_adapters.py:148: error: Function is missing a type annotation  [no-untyped-def]
tests/unit/test_codestory_mcp/test_adapters.py:160: error: Function is missing a type annotation  [no-untyped-def]
tests/unit/test_codestory_mcp/test_adapters.py:185: error: Need type annotation for "future"  [var-annotated]
tests/unit/test_codestory_mcp/test_adapters.py:213: error: Function is missing a type annotation  [no-untyped-def]
tests/unit/test_codestory_mcp/test_adapters.py:221: error: Need type annotation for "future"  [var-annotated]
tests/unit/test_codestory_mcp/test_adapters.py:239: error: Function is missing a type annotation  [no-untyped-def]
tests/unit/test_codestory_mcp/test_adapters.py:242: error: Need type annotation for "future"  [var-annotated]
tests/unit/test_codestory_mcp/test_adapters.py:261: error: Function is missing a type annotation  [no-untyped-def]
tests/unit/test_codestory_mcp/test_adapters.py:279: error: Need type annotation for "future"  [var-annotated]
tests/unit/test_codestory_mcp/test_adapters.py:298: error: Function is missing a type annotation  [no-untyped-def]
tests/unit/test_codestory_mcp/test_adapters.py:306: error: Need type annotation for "future"  [var-annotated]
tests/unit/test_codestory_mcp/test_adapters.py:324: error: Function is missing a type annotation  [no-untyped-def]
tests/unit/test_codestory_mcp/test_adapters.py:359: error: Need type annotation for "future"  [var-annotated]
tests/unit/test_codestory_mcp/test_adapters.py:392: error: Function is missing a type annotation  [no-untyped-def]
tests/unit/test_codestory_mcp/test_adapters.py:404: error: Function is missing a return type annotation  [no-untyped-def]
tests/unit/test_codestory_mcp/test_adapters.py:412: error: Function is missing a return type annotation  [no-untyped-def]
tests/unit/test_codestory_mcp/test_adapters.py:420: error: Function is missing a type annotation  [no-untyped-def]
tests/unit/test_codestory_mcp/test_adapters.py:424: error: Function is missing a type annotation  [no-untyped-def]
tests/unit/test_codestory_mcp/test_adapters.py:431: error: Function is missing a type annotation  [no-untyped-def]
tests/unit/test_codestory_mcp/test_adapters.py:440: error: Function is missing a type annotation  [no-untyped-def]
tests/unit/test_codestory_mcp/test_adapters.py:448: error: Need type annotation for "future"  [var-annotated]
tests/unit/test_codestory_mcp/test_adapters.py:481: error: Function is missing a type annotation  [no-untyped-def]
tests/unit/test_codestory_mcp/test_adapters.py:484: error: Need type annotation for "future"  [var-annotated]
tests/unit/test_codestory_mcp/test_adapters.py:503: error: Function is missing a type annotation  [no-untyped-def]
tests/unit/test_codestory_mcp/test_adapters.py:511: error: Need type annotation for "future"  [var-annotated]
tests/unit/test_codestory_mcp/test_adapters.py:562: error: Function is missing a type annotation  [no-untyped-def]
tests/unit/test_codestory_mcp/test_adapters.py:565: error: Need type annotation for "embed_future"  [var-annotated]
tests/unit/test_codestory_mcp/test_adapters.py:587: error: Function is missing a return type annotation  [no-untyped-def]
tests/unit/test_codestory_mcp/test_adapters.py:587: note: Use "-> None" if function does not return a value
src/codestory_service/infrastructure/openai_adapter.py:15: error: Skipping analyzing "codestory.llm.client": module is installed, but missing library stubs or py.typed marker  [import-untyped]
src/codestory_service/infrastructure/openai_adapter.py:16: error: Skipping analyzing "codestory.llm.exceptions": module is installed, but missing library stubs or py.typed marker  [import-untyped]
src/codestory_service/infrastructure/neo4j_adapter.py:14: error: Skipping analyzing "codestory.graphdb.exceptions": module is installed, but missing library stubs or py.typed marker  [import-untyped]
src/codestory_service/infrastructure/neo4j_adapter.py:18: error: Skipping analyzing "codestory.graphdb.neo4j_connector": module is installed, but missing library stubs or py.typed marker  [import-untyped]
src/codestory_service/infrastructure/neo4j_adapter.py:439: error: The return type of "__init__" must be None  [misc]
src/codestory_service/infrastructure/neo4j_adapter.py:469: error: The return type of "__init__" must be None  [misc]
src/codestory_service/infrastructure/neo4j_adapter.py:471: error: Unused "type: ignore" comment  [unused-ignore]
src/codestory_service/infrastructure/msal_validator.py:84: error: Returning Any from function declared to return "dict[str, Any]"  [no-any-return]
src/codestory_service/infrastructure/msal_validator.py:97: error: Returning Any from function declared to return "dict[str, Any]"  [no-any-return]
src/codestory_service/infrastructure/celery_adapter.py:13: error: Skipping analyzing "codestory.ingestion_pipeline.celery_app": module is installed, but missing library stubs or py.typed marker  [import-untyped]
src/codestory_service/infrastructure/celery_adapter.py:14: error: Skipping analyzing "codestory.ingestion_pipeline.tasks": module is installed, but missing library stubs or py.typed marker  [import-untyped]
src/codestory_service/infrastructure/celery_adapter.py:209: error: Unexpected keyword argument "started_at" for "time"  [call-arg]
src/codestory_service/infrastructure/celery_adapter.py:209: error: Unexpected keyword argument "completed_at" for "time"  [call-arg]
src/codestory_service/infrastructure/celery_adapter.py:209: error: Unexpected keyword argument "duration" for "time"  [call-arg]
src/codestory_service/infrastructure/celery_adapter.py:209: error: Unexpected keyword argument "steps" for "time"  [call-arg]
src/codestory_service/infrastructure/celery_adapter.py:234: error: Missing named argument "source" for "IngestionJob"  [call-arg]
src/codestory_service/infrastructure/celery_adapter.py:234: error: Missing named argument "source_type" for "IngestionJob"  [call-arg]
src/codestory_service/infrastructure/celery_adapter.py:234: error: Missing named argument "branch" for "IngestionJob"  [call-arg]
src/codestory_service/infrastructure/celery_adapter.py:234: error: Missing named argument "started_at" for "IngestionJob"  [call-arg]
src/codestory_service/infrastructure/celery_adapter.py:234: error: Missing named argument "completed_at" for "IngestionJob"  [call-arg]
src/codestory_service/infrastructure/celery_adapter.py:234: error: Missing named argument "duration" for "IngestionJob"  [call-arg]
src/codestory_service/infrastructure/celery_adapter.py:234: error: Missing named argument "steps" for "IngestionJob"  [call-arg]
src/codestory_service/infrastructure/celery_adapter.py:237: error: Unexpected keyword argument "source" for "time"  [call-arg]
src/codestory_service/infrastructure/celery_adapter.py:237: error: Unexpected keyword argument "source_type" for "time"  [call-arg]
src/codestory_service/infrastructure/celery_adapter.py:237: error: Unexpected keyword argument "branch" for "time"  [call-arg]
src/codestory_service/infrastructure/celery_adapter.py:237: error: Unexpected keyword argument "started_at" for "time"  [call-arg]
src/codestory_service/infrastructure/celery_adapter.py:237: error: Unexpected keyword argument "completed_at" for "time"  [call-arg]
src/codestory_service/infrastructure/celery_adapter.py:237: error: Unexpected keyword argument "duration" for "time"  [call-arg]
src/codestory_service/infrastructure/celery_adapter.py:237: error: Unexpected keyword argument "steps" for "time"  [call-arg]
src/codestory_service/infrastructure/celery_adapter.py:257: error: Missing named argument "source" for "IngestionJob"  [call-arg]
src/codestory_service/infrastructure/celery_adapter.py:257: error: Missing named argument "source_type" for "IngestionJob"  [call-arg]
src/codestory_service/infrastructure/celery_adapter.py:257: error: Missing named argument "branch" for "IngestionJob"  [call-arg]
src/codestory_service/infrastructure/celery_adapter.py:257: error: Missing named argument "started_at" for "IngestionJob"  [call-arg]
src/codestory_service/infrastructure/celery_adapter.py:257: error: Missing named argument "completed_at" for "IngestionJob"  [call-arg]
src/codestory_service/infrastructure/celery_adapter.py:257: error: Missing named argument "duration" for "IngestionJob"  [call-arg]
src/codestory_service/infrastructure/celery_adapter.py:257: error: Missing named argument "steps" for "IngestionJob"  [call-arg]
src/codestory_service/infrastructure/celery_adapter.py:260: error: Unexpected keyword argument "source" for "time"  [call-arg]
src/codestory_service/infrastructure/celery_adapter.py:260: error: Unexpected keyword argument "source_type" for "time"  [call-arg]
src/codestory_service/infrastructure/celery_adapter.py:260: error: Unexpected keyword argument "branch" for "time"  [call-arg]
src/codestory_service/infrastructure/celery_adapter.py:260: error: Unexpected keyword argument "started_at" for "time"  [call-arg]
src/codestory_service/infrastructure/celery_adapter.py:260: error: Unexpected keyword argument "completed_at" for "time"  [call-arg]
src/codestory_service/infrastructure/celery_adapter.py:260: error: Unexpected keyword argument "duration" for "time"  [call-arg]
src/codestory_service/infrastructure/celery_adapter.py:260: error: Unexpected keyword argument "steps" for "time"  [call-arg]
src/codestory_service/infrastructure/celery_adapter.py:278: error: Missing named argument "source" for "IngestionJob"  [call-arg]
src/codestory_service/infrastructure/celery_adapter.py:278: error: Missing named argument "source_type" for "IngestionJob"  [call-arg]
src/codestory_service/infrastructure/celery_adapter.py:278: error: Missing named argument "branch" for "IngestionJob"  [call-arg]
src/codestory_service/infrastructure/celery_adapter.py:278: error: Missing named argument "started_at" for "IngestionJob"  [call-arg]
src/codestory_service/infrastructure/celery_adapter.py:278: error: Missing named argument "completed_at" for "IngestionJob"  [call-arg]
src/codestory_service/infrastructure/celery_adapter.py:278: error: Missing named argument "duration" for "IngestionJob"  [call-arg]
src/codestory_service/infrastructure/celery_adapter.py:278: error: Missing named argument "steps" for "IngestionJob"  [call-arg]
src/codestory_service/infrastructure/celery_adapter.py:281: error: Unexpected keyword argument "source" for "time"  [call-arg]
src/codestory_service/infrastructure/celery_adapter.py:281: error: Unexpected keyword argument "source_type" for "time"  [call-arg]
src/codestory_service/infrastructure/celery_adapter.py:281: error: Unexpected keyword argument "branch" for "time"  [call-arg]
src/codestory_service/infrastructure/celery_adapter.py:281: error: Unexpected keyword argument "started_at" for "time"  [call-arg]
src/codestory_service/infrastructure/celery_adapter.py:281: error: Unexpected keyword argument "completed_at" for "time"  [call-arg]
src/codestory_service/infrastructure/celery_adapter.py:281: error: Unexpected keyword argument "duration" for "time"  [call-arg]
src/codestory_service/infrastructure/celery_adapter.py:281: error: Unexpected keyword argument "steps" for "time"  [call-arg]
src/codestory_service/infrastructure/celery_adapter.py:299: error: Missing named argument "source" for "IngestionJob"  [call-arg]
src/codestory_service/infrastructure/celery_adapter.py:299: error: Missing named argument "source_type" for "IngestionJob"  [call-arg]
src/codestory_service/infrastructure/celery_adapter.py:299: error: Missing named argument "branch" for "IngestionJob"  [call-arg]
src/codestory_service/infrastructure/celery_adapter.py:299: error: Missing named argument "started_at" for "IngestionJob"  [call-arg]
src/codestory_service/infrastructure/celery_adapter.py:299: error: Missing named argument "completed_at" for "IngestionJob"  [call-arg]
src/codestory_service/infrastructure/celery_adapter.py:299: error: Missing named argument "duration" for "IngestionJob"  [call-arg]
src/codestory_service/infrastructure/celery_adapter.py:299: error: Missing named argument "steps" for "IngestionJob"  [call-arg]
src/codestory_service/infrastructure/celery_adapter.py:302: error: Unexpected keyword argument "source" for "time"  [call-arg]
src/codestory_service/infrastructure/celery_adapter.py:302: error: Unexpected keyword argument "source_type" for "time"  [call-arg]
src/codestory_service/infrastructure/celery_adapter.py:302: error: Unexpected keyword argument "branch" for "time"  [call-arg]
src/codestory_service/infrastructure/celery_adapter.py:302: error: Unexpected keyword argument "started_at" for "time"  [call-arg]
src/codestory_service/infrastructure/celery_adapter.py:302: error: Unexpected keyword argument "completed_at" for "time"  [call-arg]
src/codestory_service/infrastructure/celery_adapter.py:302: error: Unexpected keyword argument "duration" for "time"  [call-arg]
src/codestory_service/infrastructure/celery_adapter.py:302: error: Unexpected keyword argument "steps" for "time"  [call-arg]
src/codestory_service/infrastructure/celery_adapter.py:320: error: Missing named argument "source" for "IngestionJob"  [call-arg]
src/codestory_service/infrastructure/celery_adapter.py:320: error: Missing named argument "source_type" for "IngestionJob"  [call-arg]
src/codestory_service/infrastructure/celery_adapter.py:320: error: Missing named argument "branch" for "IngestionJob"  [call-arg]
src/codestory_service/infrastructure/celery_adapter.py:320: error: Missing named argument "started_at" for "IngestionJob"  [call-arg]
src/codestory_service/infrastructure/celery_adapter.py:320: error: Missing named argument "completed_at" for "IngestionJob"  [call-arg]
src/codestory_service/infrastructure/celery_adapter.py:320: error: Missing named argument "duration" for "IngestionJob"  [call-arg]
src/codestory_service/infrastructure/celery_adapter.py:320: error: Missing named argument "steps" for "IngestionJob"  [call-arg]
src/codestory_service/infrastructure/celery_adapter.py:323: error: Unexpected keyword argument "source" for "time"  [call-arg]
src/codestory_service/infrastructure/celery_adapter.py:323: error: Unexpected keyword argument "source_type" for "time"  [call-arg]
src/codestory_service/infrastructure/celery_adapter.py:323: error: Unexpected keyword argument "branch" for "time"  [call-arg]
src/codestory_service/infrastructure/celery_adapter.py:323: error: Unexpected keyword argument "started_at" for "time"  [call-arg]
src/codestory_service/infrastructure/celery_adapter.py:323: error: Unexpected keyword argument "completed_at" for "time"  [call-arg]
src/codestory_service/infrastructure/celery_adapter.py:323: error: Unexpected keyword argument "duration" for "time"  [call-arg]
src/codestory_service/infrastructure/celery_adapter.py:323: error: Unexpected keyword argument "steps" for "time"  [call-arg]
src/codestory_service/infrastructure/celery_adapter.py:394: error: Missing named argument "source" for "IngestionJob"  [call-arg]
src/codestory_service/infrastructure/celery_adapter.py:394: error: Missing named argument "source_type" for "IngestionJob"  [call-arg]
src/codestory_service/infrastructure/celery_adapter.py:394: error: Missing named argument "branch" for "IngestionJob"  [call-arg]
src/codestory_service/infrastructure/celery_adapter.py:394: error: Missing named argument "started_at" for "IngestionJob"  [call-arg]
src/codestory_service/infrastructure/celery_adapter.py:394: error: Missing named argument "completed_at" for "IngestionJob"  [call-arg]
src/codestory_service/infrastructure/celery_adapter.py:394: error: Missing named argument "duration" for "IngestionJob"  [call-arg]
src/codestory_service/infrastructure/celery_adapter.py:394: error: Missing named argument "steps" for "IngestionJob"  [call-arg]
src/codestory_service/infrastructure/celery_adapter.py:397: error: Unexpected keyword argument "source" for "time"  [call-arg]
src/codestory_service/infrastructure/celery_adapter.py:397: error: Unexpected keyword argument "source_type" for "time"  [call-arg]
src/codestory_service/infrastructure/celery_adapter.py:397: error: Unexpected keyword argument "branch" for "time"  [call-arg]
src/codestory_service/infrastructure/celery_adapter.py:397: error: Unexpected keyword argument "started_at" for "time"  [call-arg]
src/codestory_service/infrastructure/celery_adapter.py:397: error: Unexpected keyword argument "completed_at" for "time"  [call-arg]
src/codestory_service/infrastructure/celery_adapter.py:397: error: Unexpected keyword argument "duration" for "time"  [call-arg]
src/codestory_service/infrastructure/celery_adapter.py:397: error: Unexpected keyword argument "steps" for "time"  [call-arg]
src/codestory_service/infrastructure/celery_adapter.py:452: error: Item "list[JobStatus]" of "list[JobStatus] | None" has no attribute "HTTP_500_INTERNAL_SERVER_ERROR"  [union-attr]
src/codestory_service/infrastructure/celery_adapter.py:452: error: Item "None" of "list[JobStatus] | None" has no attribute "HTTP_500_INTERNAL_SERVER_ERROR"  [union-attr]
src/codestory_service/application/config_service.py:15: error: Skipping analyzing "codestory.config.settings": module is installed, but missing library stubs or py.typed marker  [import-untyped]
src/codestory_service/application/config_service.py:16: error: Skipping analyzing "codestory.config.writer": module is installed, but missing library stubs or py.typed marker  [import-untyped]
src/codestory_service/application/config_service.py:109: error: "None" has no attribute "ping"  [attr-defined]
src/codestory_service/application/config_service.py:125: error: Incompatible types in "await" (actual type "None", expected type "Awaitable[Any]")  [misc]
src/codestory_service/application/config_service.py:127: error: Statement is unreachable  [unreachable]
src/codestory_service/application/config_service.py:133: error: Statement is unreachable  [unreachable]
src/codestory_service/application/config_service.py:300: error: "ConfigWriter" has no attribute "update_setting"  [attr-defined]
src/codestory_service/application/config_service.py:303: error: "ConfigWriter" has no attribute "update_setting"  [attr-defined]
src/codestory_mcp/server.py:21: error: Skipping analyzing "codestory_mcp.auth.entra_validator": module is installed, but missing library stubs or py.typed marker  [import-untyped]
src/codestory_mcp/server.py:22: error: Skipping analyzing "codestory_mcp.tools": module is installed, but missing library stubs or py.typed marker  [import-untyped]
src/codestory_mcp/server.py:23: error: Skipping analyzing "codestory_mcp.tools.base": module is installed, but missing library stubs or py.typed marker  [import-untyped]
src/codestory_mcp/server.py:24: error: Skipping analyzing "codestory_mcp.utils.config": module is installed, but missing library stubs or py.typed marker  [import-untyped]
src/codestory_mcp/server.py:25: error: Skipping analyzing "codestory_mcp.utils.metrics": module is installed, but missing library stubs or py.typed marker  [import-untyped]
src/codestory_mcp/server.py:69: error: Returning Any from function declared to return "dict[str, Any]"  [no-any-return]
src/codestory_mcp/server.py:117: error: Returning Any from function declared to return "dict[str, Any]"  [no-any-return]
src/codestory_mcp/server.py:209: error: Missing return statement  [empty-body]
src/codestory_mcp/tools/summarize_node.py:11: error: Skipping analyzing "codestory_mcp.adapters.graph_service": module is installed, but missing library stubs or py.typed marker  [import-untyped]
src/codestory_mcp/tools/summarize_node.py:12: error: Skipping analyzing "codestory_mcp.adapters.openai_service": module is installed, but missing library stubs or py.typed marker  [import-untyped]
src/codestory_mcp/tools/summarize_node.py:13: error: Skipping analyzing "codestory_mcp.tools": module is installed, but missing library stubs or py.typed marker  [import-untyped]
src/codestory_mcp/tools/summarize_node.py:14: error: Skipping analyzing "codestory_mcp.tools.base": module is installed, but missing library stubs or py.typed marker  [import-untyped]
src/codestory_mcp/tools/summarize_node.py:15: error: Skipping analyzing "codestory_mcp.utils.metrics": module is installed, but missing library stubs or py.typed marker  [import-untyped]
src/codestory_mcp/tools/similar_code.py:11: error: Skipping analyzing "codestory_mcp.adapters.openai_service": module is installed, but missing library stubs or py.typed marker  [import-untyped]
src/codestory_mcp/tools/similar_code.py:12: error: Skipping analyzing "codestory_mcp.tools": module is installed, but missing library stubs or py.typed marker  [import-untyped]
src/codestory_mcp/tools/similar_code.py:13: error: Skipping analyzing "codestory_mcp.tools.base": module is installed, but missing library stubs or py.typed marker  [import-untyped]
src/codestory_mcp/tools/similar_code.py:14: error: Skipping analyzing "codestory_mcp.utils.metrics": module is installed, but missing library stubs or py.typed marker  [import-untyped]
src/codestory_mcp/tools/similar_code.py:80: error: Unused "type: ignore" comment  [unused-ignore]
src/codestory_mcp/tools/search_graph.py:11: error: Skipping analyzing "codestory_mcp.adapters.graph_service": module is installed, but missing library stubs or py.typed marker  [import-untyped]
src/codestory_mcp/tools/search_graph.py:12: error: Skipping analyzing "codestory_mcp.tools": module is installed, but missing library stubs or py.typed marker  [import-untyped]
src/codestory_mcp/tools/search_graph.py:13: error: Skipping analyzing "codestory_mcp.tools.base": module is installed, but missing library stubs or py.typed marker  [import-untyped]
src/codestory_mcp/tools/search_graph.py:14: error: Skipping analyzing "codestory_mcp.utils.metrics": module is installed, but missing library stubs or py.typed marker  [import-untyped]
src/codestory_mcp/tools/search_graph.py:15: error: Skipping analyzing "codestory_mcp.utils.serializers": module is installed, but missing library stubs or py.typed marker  [import-untyped]
src/codestory_mcp/tools/search_graph.py:95: error: Unused "type: ignore" comment  [unused-ignore]
src/codestory_mcp/tools/search_graph.py:105: error: Returning Any from function declared to return "dict[str, Any]"  [no-any-return]
src/codestory_mcp/tools/path_to.py:11: error: Skipping analyzing "codestory_mcp.adapters.graph_service": module is installed, but missing library stubs or py.typed marker  [import-untyped]
src/codestory_mcp/tools/path_to.py:12: error: Skipping analyzing "codestory_mcp.adapters.openai_service": module is installed, but missing library stubs or py.typed marker  [import-untyped]
src/codestory_mcp/tools/path_to.py:13: error: Skipping analyzing "codestory_mcp.tools": module is installed, but missing library stubs or py.typed marker  [import-untyped]
src/codestory_mcp/tools/path_to.py:14: error: Skipping analyzing "codestory_mcp.tools.base": module is installed, but missing library stubs or py.typed marker  [import-untyped]
src/codestory_mcp/tools/path_to.py:15: error: Skipping analyzing "codestory_mcp.utils.metrics": module is installed, but missing library stubs or py.typed marker  [import-untyped]
src/codestory_mcp/tools/path_to.py:16: error: Skipping analyzing "codestory_mcp.utils.serializers": module is installed, but missing library stubs or py.typed marker  [import-untyped]
src/codestory_mcp/tools/path_to.py:139: error: Unused "type: ignore" comment  [unused-ignore]
src/codestory_mcp/tools/path_to.py:142: error: Unused "type: ignore" comment  [unused-ignore]
src/codestory_mcp/tools/path_to.py:157: error: Returning Any from function declared to return "dict[str, Any]"  [no-any-return]
src/codestory_mcp/adapters/openai_service.py:13: error: Skipping analyzing "codestory.llm.client": module is installed, but missing library stubs or py.typed marker  [import-untyped]
src/codestory_mcp/adapters/openai_service.py:14: error: Skipping analyzing "codestory.llm.models": module is installed, but missing library stubs or py.typed marker  [import-untyped]
src/codestory_mcp/adapters/openai_service.py:15: error: Skipping analyzing "codestory_mcp.tools.base": module is installed, but missing library stubs or py.typed marker  [import-untyped]
src/codestory_mcp/adapters/openai_service.py:16: error: Skipping analyzing "codestory_mcp.utils.metrics": module is installed, but missing library stubs or py.typed marker  [import-untyped]
src/codestory_mcp/adapters/openai_service.py:108: error: Returning Any from function declared to return "str"  [no-any-return]
src/codestory_mcp/adapters/openai_service.py:199: error: Returning Any from function declared to return "str"  [no-any-return]
src/codestory_mcp/adapters/graph_service.py:15: error: Skipping analyzing "codestory_mcp.tools.base": module is installed, but missing library stubs or py.typed marker  [import-untyped]
src/codestory_mcp/adapters/graph_service.py:16: error: Skipping analyzing "codestory_mcp.utils.config": module is installed, but missing library stubs or py.typed marker  [import-untyped]
src/codestory_mcp/adapters/graph_service.py:17: error: Skipping analyzing "codestory_mcp.utils.metrics": module is installed, but missing library stubs or py.typed marker  [import-untyped]
src/codestory_mcp/adapters/graph_service.py:171: error: Incompatible return value type (got "MockNode", expected "Node")  [return-value]
src/codestory_mcp/adapters/graph_service.py:319: error: Returning Any from function declared to return "dict[str, Any]"  [no-any-return]
src/codestory/mcp/main.py:8: error: Skipping analyzing "codestory.config.settings": module is installed, but missing library stubs or py.typed marker  [import-untyped]
src/codestory/ingestion_pipeline/tasks.py:11: error: Skipping analyzing "celery": module is installed, but missing library stubs or py.typed marker  [import-untyped]
src/codestory/ingestion_pipeline/tasks.py:12: error: Skipping analyzing "celery.result": module is installed, but missing library stubs or py.typed marker  [import-untyped]
src/codestory/ingestion_pipeline/tasks.py:331: error: Skipping analyzing "celery.exceptions": module is installed, but missing library stubs or py.typed marker  [import-untyped]
src/codestory/config/cli.py:32: error: Function is missing a return type annotation  [no-untyped-def]
src/codestory/config/cli.py:58: error: Function is missing a return type annotation  [no-untyped-def]
src/codestory/config/cli.py:105: error: Function is missing a return type annotation  [no-untyped-def]
src/codestory/config/cli.py:157: error: Function is missing a return type annotation  [no-untyped-def]
patch_adapters.py:22: error: Function is missing a return type annotation  [no-untyped-def]
patch_adapters.py:25: error: Function is missing a return type annotation  [no-untyped-def]
patch_adapters.py:34: error: Function is missing a return type annotation  [no-untyped-def]
patch_adapters.py:37: error: Function is missing a return type annotation  [no-untyped-def]
patch_adapters.py:53: error: Function is missing a return type annotation  [no-untyped-def]
patch_adapters.py:79: error: Cannot assign to a method  [method-assign]
patch_adapters.py:84: error: Function is missing a return type annotation  [no-untyped-def]
patch_adapters.py:88: error: Function is missing a return type annotation  [no-untyped-def]
patch_adapters.py:118: error: Cannot assign to a method  [method-assign]
patch_adapters.py:121: error: Function is missing a return type annotation  [no-untyped-def]
patch_adapters.py:130: error: Function is missing a return type annotation  [no-untyped-def]
patch_adapters.py:130: note: Use "-> None" if function does not return a value
src/codestory_service/use_real_adapters.py:15: error: Too many arguments for "getLogger"  [call-arg]
src/codestory_service/application/ingestion_service.py:68: error: "None" has no attribute "ping"  [attr-defined]
src/codestory_service/application/ingestion_service.py:88: error: Statement is unreachable  [unreachable]
src/codestory_service/application/ingestion_service.py:119: error: Statement is unreachable  [unreachable]
src/codestory_service/application/ingestion_service.py:185: error: Skipping analyzing "codestory.ingestion_pipeline.step": module is installed, but missing library stubs or py.typed marker  [import-untyped]
src/codestory_service/application/ingestion_service.py:194: error: Argument "timestamp" to "JobProgressEvent" has incompatible type "int | None"; expected "float"  [arg-type]
src/codestory_service/application/ingestion_service.py:265: error: Argument "timestamp" to "JobProgressEvent" has incompatible type "int | None"; expected "float"  [arg-type]
src/codestory_service/application/ingestion_service.py:325: error: Item "list[JobStatus]" of "list[JobStatus] | None" has no attribute "HTTP_500_INTERNAL_SERVER_ERROR"  [union-attr]
src/codestory_service/application/ingestion_service.py:325: error: Item "None" of "list[JobStatus] | None" has no attribute "HTTP_500_INTERNAL_SERVER_ERROR"  [union-attr]
src/codestory_service/application/graph_service.py:187: error: Argument "query_type" to "CypherQuery" has incompatible type "str"; expected "QueryType"  [arg-type]
src/codestory_service/application/graph_service.py:199: error: "OpenAIAdapter" has no attribute "answer_question"  [attr-defined]
src/codestory_service/application/graph_service.py:202: error: Returning Any from function declared to return "AskAnswer"  [no-any-return]
src/codestory_service/application/graph_service.py:348: error: Argument "query_type" to "CypherQuery" has incompatible type "str"; expected "QueryType"  [arg-type]
src/codestory_service/application/graph_service.py:1149: error: Argument "query_type" to "CypherQuery" has incompatible type "str"; expected "QueryType"  [arg-type]
src/codestory_service/application/graph_service.py:1158: error: Argument "query_type" to "CypherQuery" has incompatible type "str"; expected "QueryType"  [arg-type]
src/codestory_service/api/health.py:182: error: Missing named argument "error_package" for "HealthReport"  [call-arg]
src/codestory_service/api/health.py:210: error: Missing named argument "error_package" for "HealthReport"  [call-arg]
src/codestory_service/api/health.py:299: error: Skipping analyzing "codestory.config.settings": module is installed, but missing library stubs or py.typed marker  [import-untyped]
src/codestory_service/api/health.py:438: error: Function is missing a type annotation for one or more arguments  [no-untyped-def]
src/codestory_service/api/health.py:511: error: Function is missing a type annotation for one or more arguments  [no-untyped-def]
src/codestory_service/api/health.py:515: error: Returning Any from function declared to return "None"  [no-any-return]
src/codestory_service/api/health.py:518: error: No return value expected  [return-value]
src/codestory_service/api/health.py:527: error: No return value expected  [return-value]
src/codestory_service/api/health.py:615: error: Argument after ** must be a mapping, not "None"  [arg-type]
src/codestory_service/api/health.py:616: error: Argument after ** must be a mapping, not "None"  [arg-type]
src/codestory_service/api/health.py:617: error: Argument after ** must be a mapping, not "None"  [arg-type]
src/codestory_service/api/health.py:643: error: Missing named argument "error_package" for "HealthReport"  [call-arg]
src/codestory_service/api/ingest.py:116: error: Item "list[JobStatus]" of "list[JobStatus] | None" has no attribute "HTTP_500_INTERNAL_SERVER_ERROR"  [union-attr]
src/codestory_service/api/ingest.py:116: error: Item "None" of "list[JobStatus] | None" has no attribute "HTTP_500_INTERNAL_SERVER_ERROR"  [union-attr]
src/codestory_service/api/graph.py:274: error: Argument "filter" to "VisualizationRequest" has incompatible type "dict[str, int | list[str] | str | None] | None"; expected "NodeFilter | None"  [arg-type]
src/codestory_service/api/auth.py:91: error: Missing named argument "email" for "UserInfo"  [call-arg]
src/codestory_service/main.py:148: error: Function is missing a return type annotation  [no-untyped-def]
src/codestory_service/main.py:151: error: Incompatible default for argument "request" (default has type "None", argument has type "Request")  [assignment]
src/codestory_service/main.py:151: note: PEP 484 prohibits implicit Optional. Accordingly, mypy has changed its default to no_implicit_optional=True
src/codestory_service/main.py:151: note: Use https://github.com/hauntsaninja/no_implicit_optional to automatically upgrade your codebase
src/codestory_service/main.py:158: error: Skipping analyzing "codestory_service.domain.graph": module is installed, but missing library stubs or py.typed marker  [import-untyped]
src/codestory_service/main.py:220: error: Skipping analyzing "codestory.config.settings": module is installed, but missing library stubs or py.typed marker  [import-untyped]
Found 1428 errors in 161 files (checked 243 source files)
