tests/unit/test_llm/test_llm_models.py:3: error: Skipping analyzing "codestory.llm.models": module is installed, but missing library stubs or py.typed marker  [import-untyped]
tests/unit/test_llm/test_llm_models.py:21: error: Function is missing a return type annotation  [no-untyped-def]
tests/unit/test_llm/test_llm_models.py:21: note: Use "-> None" if function does not return a value
tests/unit/test_llm/test_llm_models.py:30: error: Function is missing a return type annotation  [no-untyped-def]
tests/unit/test_llm/test_llm_models.py:30: note: Use "-> None" if function does not return a value
tests/unit/test_llm/test_llm_models.py:51: error: Function is missing a return type annotation  [no-untyped-def]
tests/unit/test_llm/test_llm_models.py:51: note: Use "-> None" if function does not return a value
tests/unit/test_llm/test_llm_models.py:60: error: Function is missing a return type annotation  [no-untyped-def]
tests/unit/test_llm/test_llm_models.py:60: note: Use "-> None" if function does not return a value
tests/unit/test_llm/test_llm_models.py:76: error: Function is missing a return type annotation  [no-untyped-def]
tests/unit/test_llm/test_llm_models.py:76: note: Use "-> None" if function does not return a value
tests/unit/test_llm/test_llm_models.py:85: error: Function is missing a return type annotation  [no-untyped-def]
tests/unit/test_llm/test_llm_models.py:85: note: Use "-> None" if function does not return a value
tests/unit/test_llm/test_llm_models.py:94: error: Function is missing a return type annotation  [no-untyped-def]
tests/unit/test_llm/test_llm_models.py:94: note: Use "-> None" if function does not return a value
tests/unit/test_llm/test_llm_models.py:102: error: Function is missing a return type annotation  [no-untyped-def]
tests/unit/test_llm/test_llm_models.py:102: note: Use "-> None" if function does not return a value
tests/unit/test_llm/test_llm_models.py:110: error: Function is missing a return type annotation  [no-untyped-def]
tests/unit/test_llm/test_llm_models.py:110: note: Use "-> None" if function does not return a value
tests/unit/test_llm/test_llm_models.py:136: error: Function is missing a return type annotation  [no-untyped-def]
tests/unit/test_llm/test_llm_models.py:136: note: Use "-> None" if function does not return a value
tests/unit/test_llm/test_llm_models.py:165: error: Function is missing a return type annotation  [no-untyped-def]
tests/unit/test_llm/test_llm_models.py:165: note: Use "-> None" if function does not return a value
tests/unit/test_llm/test_llm_models.py:185: error: Function is missing a return type annotation  [no-untyped-def]
tests/unit/test_llm/test_llm_models.py:185: note: Use "-> None" if function does not return a value
tests/unit/test_llm/test_llm_models.py:206: error: Function is missing a return type annotation  [no-untyped-def]
tests/unit/test_llm/test_llm_models.py:206: note: Use "-> None" if function does not return a value
tests/unit/test_llm/test_llm_models.py:228: error: Function is missing a return type annotation  [no-untyped-def]
tests/unit/test_llm/test_llm_models.py:228: note: Use "-> None" if function does not return a value
tests/unit/test_llm/test_llm_exceptions.py:3: error: Skipping analyzing "codestory.llm.exceptions": module is installed, but missing library stubs or py.typed marker  [import-untyped]
tests/unit/test_llm/test_llm_exceptions.py:14: error: Function is missing a return type annotation  [no-untyped-def]
tests/unit/test_llm/test_llm_exceptions.py:14: note: Use "-> None" if function does not return a value
tests/unit/test_llm/test_llm_exceptions.py:36: error: Function is missing a return type annotation  [no-untyped-def]
tests/unit/test_llm/test_llm_exceptions.py:36: note: Use "-> None" if function does not return a value
tests/unit/test_llm/test_llm_exceptions.py:43: error: Function is missing a return type annotation  [no-untyped-def]
tests/unit/test_llm/test_llm_exceptions.py:43: note: Use "-> None" if function does not return a value
tests/unit/test_llm/test_llm_exceptions.py:55: error: Function is missing a return type annotation  [no-untyped-def]
tests/unit/test_llm/test_llm_exceptions.py:55: note: Use "-> None" if function does not return a value
tests/unit/test_llm/test_llm_exceptions.py:62: error: Function is missing a return type annotation  [no-untyped-def]
tests/unit/test_llm/test_llm_exceptions.py:62: note: Use "-> None" if function does not return a value
tests/unit/test_llm/test_llm_exceptions.py:69: error: Function is missing a return type annotation  [no-untyped-def]
tests/unit/test_llm/test_llm_exceptions.py:69: note: Use "-> None" if function does not return a value
tests/unit/test_llm/test_llm_exceptions.py:76: error: Function is missing a return type annotation  [no-untyped-def]
tests/unit/test_llm/test_llm_exceptions.py:76: note: Use "-> None" if function does not return a value
tests/unit/test_graphdb/test_exceptions.py:3: error: Skipping analyzing "codestory.graphdb.exceptions": module is installed, but missing library stubs or py.typed marker  [import-untyped]
tests/unit/test_graphdb/test_exceptions.py:12: error: Function is missing a return type annotation  [no-untyped-def]
tests/unit/test_graphdb/test_exceptions.py:12: note: Use "-> None" if function does not return a value
tests/unit/test_graphdb/test_exceptions.py:27: error: Function is missing a return type annotation  [no-untyped-def]
tests/unit/test_graphdb/test_exceptions.py:27: note: Use "-> None" if function does not return a value
tests/unit/test_graphdb/test_exceptions.py:52: error: Function is missing a return type annotation  [no-untyped-def]
tests/unit/test_graphdb/test_exceptions.py:52: note: Use "-> None" if function does not return a value
tests/unit/test_graphdb/test_exceptions.py:88: error: Function is missing a return type annotation  [no-untyped-def]
tests/unit/test_graphdb/test_exceptions.py:88: note: Use "-> None" if function does not return a value
tests/unit/test_graphdb/test_exceptions.py:112: error: Function is missing a return type annotation  [no-untyped-def]
tests/unit/test_graphdb/test_exceptions.py:112: note: Use "-> None" if function does not return a value
tests/unit/test_cli/test_output_formatting.py:6: error: Function is missing a return type annotation  [no-untyped-def]
tests/unit/test_cli/test_output_formatting.py:6: note: Use "-> None" if function does not return a value
tests/unit/test_cli/test_output_formatting.py:27: error: Function is missing a return type annotation  [no-untyped-def]
tests/unit/test_cli/test_output_formatting.py:27: note: Use "-> None" if function does not return a value
tests/integration/test_config.py:9: error: Skipping analyzing "codestory.config.settings": module is installed, but missing library stubs or py.typed marker  [import-untyped]
tests/fixtures/test_config_init.py:57: error: Function is missing a return type annotation  [no-untyped-def]
src/codestory_mcp/auth/scope_manager.py:6: error: Skipping analyzing "codestory_mcp.utils.config": module is installed, but missing library stubs or py.typed marker  [import-untyped]
src/codestory/ingestion_pipeline/worker.py:3: error: Skipping analyzing "celery": module is installed, but missing library stubs or py.typed marker  [import-untyped]
src/codestory/ingestion_pipeline/worker.py:5: error: Skipping analyzing "codestory.config.settings": module is installed, but missing library stubs or py.typed marker  [import-untyped]
src/codestory/cli/run.py:13: error: Skipping analyzing "codestory.cli.main": module is installed, but missing library stubs or py.typed marker  [import-untyped]
tests/unit/test_graphdb/test_models.py:5: error: Skipping analyzing "codestory.graphdb.models": module is installed, but missing library stubs or py.typed marker  [import-untyped]
tests/unit/test_graphdb/test_models.py:27: error: Function is missing a return type annotation  [no-untyped-def]
tests/unit/test_graphdb/test_models.py:27: note: Use "-> None" if function does not return a value
tests/unit/test_graphdb/test_models.py:39: error: Function is missing a return type annotation  [no-untyped-def]
tests/unit/test_graphdb/test_models.py:39: note: Use "-> None" if function does not return a value
tests/unit/test_graphdb/test_models.py:49: error: Function is missing a return type annotation  [no-untyped-def]
tests/unit/test_graphdb/test_models.py:49: note: Use "-> None" if function does not return a value
tests/unit/test_graphdb/test_models.py:82: error: Function is missing a return type annotation  [no-untyped-def]
tests/unit/test_graphdb/test_models.py:82: note: Use "-> None" if function does not return a value
tests/unit/test_graphdb/test_models.py:121: error: Function is missing a return type annotation  [no-untyped-def]
tests/unit/test_graphdb/test_models.py:121: note: Use "-> None" if function does not return a value
tests/unit/test_graphdb/test_models.py:154: error: Function is missing a return type annotation  [no-untyped-def]
tests/unit/test_graphdb/test_models.py:154: note: Use "-> None" if function does not return a value
tests/unit/test_graphdb/test_models.py:166: error: Function is missing a return type annotation  [no-untyped-def]
tests/unit/test_graphdb/test_models.py:166: note: Use "-> None" if function does not return a value
tests/unit/test_graphdb/test_models.py:197: error: Function is missing a return type annotation  [no-untyped-def]
tests/unit/test_graphdb/test_models.py:197: note: Use "-> None" if function does not return a value
tests/unit/test_graphdb/test_models.py:225: error: Function is missing a return type annotation  [no-untyped-def]
tests/unit/test_graphdb/test_models.py:225: note: Use "-> None" if function does not return a value
tests/unit/test_graphdb/test_models.py:238: error: Function is missing a return type annotation  [no-untyped-def]
tests/unit/test_graphdb/test_models.py:238: note: Use "-> None" if function does not return a value
tests/unit/test_graphdb/test_models.py:256: error: Function is missing a return type annotation  [no-untyped-def]
tests/unit/test_graphdb/test_models.py:256: note: Use "-> None" if function does not return a value
tests/unit/test_graphdb/test_models.py:277: error: Function is missing a return type annotation  [no-untyped-def]
tests/unit/test_graphdb/test_models.py:277: note: Use "-> None" if function does not return a value
tests/unit/test_graphdb/test_models.py:298: error: Function is missing a return type annotation  [no-untyped-def]
tests/unit/test_graphdb/test_models.py:298: note: Use "-> None" if function does not return a value
tests/unit/test_graphdb/test_models.py:310: error: Function is missing a return type annotation  [no-untyped-def]
tests/unit/test_graphdb/test_models.py:310: note: Use "-> None" if function does not return a value
tests/unit/test_graphdb/test_models.py:320: error: Function is missing a return type annotation  [no-untyped-def]
tests/unit/test_graphdb/test_models.py:320: note: Use "-> None" if function does not return a value
tests/unit/test_graphdb/test_models.py:339: error: Function is missing a return type annotation  [no-untyped-def]
tests/unit/test_graphdb/test_models.py:339: note: Use "-> None" if function does not return a value
tests/unit/test_graphdb/test_models.py:349: error: Function is missing a return type annotation  [no-untyped-def]
tests/unit/test_graphdb/test_models.py:349: note: Use "-> None" if function does not return a value
tests/unit/test_graphdb/test_models.py:359: error: Function is missing a return type annotation  [no-untyped-def]
tests/unit/test_graphdb/test_models.py:359: note: Use "-> None" if function does not return a value
tests/integration/test_ingestion_pipeline/test_pipeline_manager.py:6: error: Skipping analyzing "codestory.graphdb.neo4j_connector": module is installed, but missing library stubs or py.typed marker  [import-untyped]
tests/integration/test_ingestion_pipeline/test_pipeline_manager.py:7: error: Skipping analyzing "codestory.ingestion_pipeline.step": module is installed, but missing library stubs or py.typed marker  [import-untyped]
tests/integration/test_ingestion_pipeline/test_pipeline_manager.py:16: error: Need type annotation for "steps_status" (hint: "steps_status: dict[<type>, <type>] = ...")  [var-annotated]
tests/integration/test_ingestion_pipeline/test_pipeline_manager.py:17: error: Need type annotation for "steps_results" (hint: "steps_results: dict[<type>, <type>] = ...")  [var-annotated]
tests/integration/test_ingestion_pipeline/test_pipeline_manager.py:18: error: Need type annotation for "steps_errors" (hint: "steps_errors: dict[<type>, <type>] = ...")  [var-annotated]
tests/integration/test_ingestion_pipeline/test_pipeline_manager.py:19: error: Need type annotation for "dependency_graph" (hint: "dependency_graph: dict[<type>, <type>] = ...")  [var-annotated]
tests/integration/test_ingestion_pipeline/test_pipeline_manager.py:20: error: Need type annotation for "_step_instances" (hint: "_step_instances: dict[<type>, <type>] = ...")  [var-annotated]
tests/integration/test_ingestion_pipeline/test_pipeline_manager.py:53: error: Right operand of "and" is never evaluated  [unreachable]
tests/integration/test_ingestion_pipeline/test_pipeline_manager.py:63: error: Incompatible types in assignment (expression has type "Thread", variable has type "None")  [assignment]
tests/integration/test_ingestion_pipeline/test_pipeline_manager.py:64: error: "None" has no attribute "daemon"  [attr-defined]
tests/integration/test_ingestion_pipeline/test_pipeline_manager.py:65: error: "None" has no attribute "start"  [attr-defined]
tests/integration/test_ingestion_pipeline/test_pipeline_manager.py:176: error: Returning Any from function declared to return "str"  [no-any-return]
tests/integration/test_ingestion_pipeline/test_pipeline_manager.py:258: error: Right operand of "and" is never evaluated  [unreachable]
tests/integration/test_ingestion_pipeline/test_pipeline_manager.py:259: error: Statement is unreachable  [unreachable]
src/codestory_filesystem/step.py:13: error: Skipping analyzing "celery": module is installed, but missing library stubs or py.typed marker  [import-untyped]
src/codestory_filesystem/step.py:15: error: Skipping analyzing "codestory.config.settings": module is installed, but missing library stubs or py.typed marker  [import-untyped]
src/codestory_filesystem/step.py:16: error: Skipping analyzing "codestory.graphdb.neo4j_connector": module is installed, but missing library stubs or py.typed marker  [import-untyped]
src/codestory_filesystem/step.py:17: error: Skipping analyzing "codestory.ingestion_pipeline.step": module is installed, but missing library stubs or py.typed marker  [import-untyped]
src/codestory_filesystem/step.py:146: error: Skipping analyzing "codestory.ingestion_pipeline.celery_app": module is installed, but missing library stubs or py.typed marker  [import-untyped]
src/codestory_filesystem/step.py:178: error: Skipping analyzing "celery.result": module is installed, but missing library stubs or py.typed marker  [import-untyped]
src/codestory_docgrapher/utils/path_matcher.py:12: error: Skipping analyzing "codestory.graphdb.neo4j_connector": module is installed, but missing library stubs or py.typed marker  [import-untyped]
tests/unit/test_cli/test_main.py:9: error: Skipping analyzing "codestory.cli.client": module is installed, but missing library stubs or py.typed marker  [import-untyped]
tests/unit/test_cli/test_main.py:10: error: Skipping analyzing "codestory.cli.main": module is installed, but missing library stubs or py.typed marker  [import-untyped]
tests/unit/test_cli/test_main.py:14: error: Function is missing a return type annotation  [no-untyped-def]
tests/unit/test_cli/test_main.py:21: error: Cannot assign to a method  [method-assign]
tests/unit/test_cli/test_main.py:26: error: Cannot assign to a method  [method-assign]
tests/unit/test_cli/test_main.py:181: error: Statement is unreachable  [unreachable]
tests/unit/test_cli/test_main.py:184: error: Statement is unreachable  [unreachable]
tests/unit/test_cli/test_commands/test_visualize.py:9: error: Skipping analyzing "codestory.cli.main": module is installed, but missing library stubs or py.typed marker  [import-untyped]
tests/unit/test_cli/test_commands/test_visualize.py:202: error: Function is missing a type annotation  [no-untyped-def]
tests/unit/test_cli/test_commands/test_query.py:10: error: Skipping analyzing "codestory.cli.main": module is installed, but missing library stubs or py.typed marker  [import-untyped]
tests/unit/test_cli/test_commands/test_query.py:284: error: Function is missing a type annotation  [no-untyped-def]
tests/unit/test_cli/test_commands/test_ingest.py:9: error: Skipping analyzing "codestory.cli.commands": module is installed, but missing library stubs or py.typed marker  [import-untyped]
tests/unit/test_cli/test_commands/test_ingest.py:10: error: Skipping analyzing "codestory.cli.main": module is installed, but missing library stubs or py.typed marker  [import-untyped]
tests/integration/test_cli/test_visualize_integration.py:9: error: Skipping analyzing "codestory.cli.main": module is installed, but missing library stubs or py.typed marker  [import-untyped]
src/codestory_blarify/step.py:14: error: Skipping analyzing "celery": module is installed, but missing library stubs or py.typed marker  [import-untyped]
src/codestory_blarify/step.py:15: error: Skipping analyzing "celery.app.control": module is installed, but missing library stubs or py.typed marker  [import-untyped]
src/codestory_blarify/step.py:16: error: Skipping analyzing "celery.result": module is installed, but missing library stubs or py.typed marker  [import-untyped]
src/codestory_blarify/step.py:19: error: Skipping analyzing "codestory.config.settings": module is installed, but missing library stubs or py.typed marker  [import-untyped]
src/codestory_blarify/step.py:20: error: Skipping analyzing "codestory.graphdb.neo4j_connector": module is installed, but missing library stubs or py.typed marker  [import-untyped]
src/codestory_blarify/step.py:21: error: Skipping analyzing "codestory.ingestion_pipeline.step": module is installed, but missing library stubs or py.typed marker  [import-untyped]
tests/unit/test_codestory_service/test_settings.py:9: error: Skipping analyzing "codestory_service.settings": module is installed, but missing library stubs or py.typed marker  [import-untyped]
tests/unit/test_codestory_service/test_settings.py:12: error: Function is missing a return type annotation  [no-untyped-def]
tests/unit/test_codestory_service/test_settings.py:12: note: Use "-> None" if function does not return a value
tests/unit/test_codestory_service/test_settings.py:26: error: Function is missing a return type annotation  [no-untyped-def]
tests/unit/test_codestory_service/test_settings.py:26: note: Use "-> None" if function does not return a value
tests/unit/test_codestory_service/test_settings.py:49: error: Function is missing a return type annotation  [no-untyped-def]
tests/unit/test_codestory_service/test_settings.py:49: note: Use "-> None" if function does not return a value
tests/unit/test_codestory_service/test_settings.py:80: error: Function is missing a return type annotation  [no-untyped-def]
tests/unit/test_codestory_service/test_settings.py:80: note: Use "-> None" if function does not return a value
tests/unit/test_codestory_service/test_settings.py:102: error: Function is missing a return type annotation  [no-untyped-def]
tests/unit/test_codestory_service/test_settings.py:102: note: Use "-> None" if function does not return a value
src/codestory_mcp/main.py:11: error: Skipping analyzing "codestory_mcp.server": module is installed, but missing library stubs or py.typed marker  [import-untyped]
src/codestory_mcp/main.py:14: error: Skipping analyzing "codestory_mcp.utils.config": module is installed, but missing library stubs or py.typed marker  [import-untyped]
tests/unit/test_config_writer.py:11: error: Skipping analyzing "codestory.config": module is installed, but missing library stubs or py.typed marker  [import-untyped]
tests/unit/test_config_writer.py:16: error: Skipping analyzing "codestory.config.exceptions": module is installed, but missing library stubs or py.typed marker  [import-untyped]
tests/unit/test_config_writer.py:20: error: Function is missing a return type annotation  [no-untyped-def]
tests/unit/test_config_writer.py:37: error: Function is missing a return type annotation  [no-untyped-def]
tests/unit/test_config_writer.py:55: error: Function is missing a type annotation  [no-untyped-def]
tests/unit/test_config_writer.py:77: error: Function is missing a type annotation  [no-untyped-def]
tests/unit/test_config_writer.py:121: error: Function is missing a return type annotation  [no-untyped-def]
tests/unit/test_config_writer.py:141: error: Function is missing a type annotation  [no-untyped-def]
tests/unit/test_config_writer.py:180: error: Function is missing a return type annotation  [no-untyped-def]
tests/unit/test_config_writer.py:180: note: Use "-> None" if function does not return a value
tests/unit/test_config_writer.py:215: error: Function is missing a return type annotation  [no-untyped-def]
tests/unit/test_config_writer.py:215: note: Use "-> None" if function does not return a value
tests/unit/test_config_writer.py:250: error: Function is missing a return type annotation  [no-untyped-def]
tests/unit/test_config_writer.py:250: note: Use "-> None" if function does not return a value
tests/unit/test_config_writer.py:258: error: Skipping analyzing "codestory.config.settings": module is installed, but missing library stubs or py.typed marker  [import-untyped]
tests/unit/test_llm/test_metrics.py:8: error: Skipping analyzing "codestory.llm.metrics": module is installed, but missing library stubs or py.typed marker  [import-untyped]
tests/unit/test_llm/test_metrics.py:13: error: Function is missing a return type annotation  [no-untyped-def]
tests/unit/test_llm/test_metrics.py:63: error: Function is missing a type annotation  [no-untyped-def]
tests/unit/test_llm/test_metrics.py:94: error: Function is missing a type annotation  [no-untyped-def]
tests/unit/test_llm/test_metrics.py:147: error: Function is missing a type annotation  [no-untyped-def]
tests/unit/test_llm/test_metrics.py:171: error: Function is missing a type annotation  [no-untyped-def]
tests/unit/test_llm/test_metrics.py:191: error: Function is missing a type annotation  [no-untyped-def]
tests/unit/test_llm/test_metrics.py:236: error: Function is missing a type annotation  [no-untyped-def]
tests/unit/test_llm/test_metrics.py:290: error: Function is missing a type annotation  [no-untyped-def]
tests/unit/test_llm/test_metrics.py:299: error: Function is missing a type annotation  [no-untyped-def]
tests/unit/test_llm/test_metrics.py:341: error: Function is missing a type annotation  [no-untyped-def]
tests/unit/test_llm/test_metrics.py:350: error: Function is missing a type annotation  [no-untyped-def]
tests/unit/test_ingestion_pipeline/test_manager.py:12: error: Skipping analyzing "codestory.ingestion_pipeline.manager": module is installed, but missing library stubs or py.typed marker  [import-untyped]
tests/unit/test_ingestion_pipeline/test_manager.py:13: error: Skipping analyzing "codestory.ingestion_pipeline.step": module is installed, but missing library stubs or py.typed marker  [import-untyped]
tests/unit/test_ingestion_pipeline/test_manager.py:25: error: Function is missing a return type annotation  [no-untyped-def]
tests/unit/test_ingestion_pipeline/test_manager.py:45: error: Function is missing a return type annotation  [no-untyped-def]
tests/unit/test_ingestion_pipeline/test_manager.py:68: error: Function is missing a return type annotation  [no-untyped-def]
tests/unit/test_ingestion_pipeline/test_manager.py:78: error: Function is missing a type annotation  [no-untyped-def]
tests/unit/test_ingestion_pipeline/test_manager.py:91: error: Function is missing a type annotation  [no-untyped-def]
tests/unit/test_ingestion_pipeline/test_manager.py:112: error: Function is missing a type annotation  [no-untyped-def]
tests/unit/test_ingestion_pipeline/test_manager.py:126: error: Function is missing a type annotation  [no-untyped-def]
tests/unit/test_ingestion_pipeline/test_manager.py:138: error: Function is missing a type annotation  [no-untyped-def]
tests/unit/test_ingestion_pipeline/test_manager.py:151: error: Function is missing a type annotation  [no-untyped-def]
tests/unit/test_ingestion_pipeline/test_manager.py:175: error: Function is missing a type annotation  [no-untyped-def]
tests/unit/test_ingestion_pipeline/test_manager.py:213: error: Function is missing a type annotation  [no-untyped-def]
tests/unit/test_ingestion_pipeline/test_manager.py:253: error: Function is missing a type annotation  [no-untyped-def]
tests/unit/test_graphdb/test_schema.py:7: error: Skipping analyzing "codestory.graphdb.exceptions": module is installed, but missing library stubs or py.typed marker  [import-untyped]
tests/unit/test_graphdb/test_schema.py:8: error: Skipping analyzing "codestory.graphdb.schema": module is installed, but missing library stubs or py.typed marker  [import-untyped]
tests/unit/test_graphdb/test_schema.py:20: error: Function is missing a return type annotation  [no-untyped-def]
tests/unit/test_graphdb/test_schema.py:39: error: Function is missing a return type annotation  [no-untyped-def]
tests/unit/test_graphdb/test_schema.py:39: note: Use "-> None" if function does not return a value
tests/unit/test_graphdb/test_schema.py:58: error: Function is missing a return type annotation  [no-untyped-def]
tests/unit/test_graphdb/test_schema.py:58: note: Use "-> None" if function does not return a value
tests/unit/test_graphdb/test_schema.py:90: error: Function is missing a return type annotation  [no-untyped-def]
tests/unit/test_graphdb/test_schema.py:90: note: Use "-> None" if function does not return a value
tests/unit/test_graphdb/test_schema.py:104: error: Function is missing a return type annotation  [no-untyped-def]
tests/unit/test_graphdb/test_schema.py:104: note: Use "-> None" if function does not return a value
tests/unit/test_graphdb/test_schema.py:134: error: Function is missing a return type annotation  [no-untyped-def]
tests/unit/test_graphdb/test_schema.py:134: note: Use "-> None" if function does not return a value
tests/unit/test_graphdb/test_schema.py:167: error: Function is missing a return type annotation  [no-untyped-def]
tests/unit/test_graphdb/test_schema.py:167: note: Use "-> None" if function does not return a value
tests/unit/test_graphdb/test_export.py:11: error: Skipping analyzing "codestory.graphdb.exceptions": module is installed, but missing library stubs or py.typed marker  [import-untyped]
tests/unit/test_graphdb/test_export.py:12: error: Skipping analyzing "codestory.graphdb.export": module is installed, but missing library stubs or py.typed marker  [import-untyped]
tests/unit/test_graphdb/test_export.py:18: error: Skipping analyzing "codestory.graphdb.neo4j_connector": module is installed, but missing library stubs or py.typed marker  [import-untyped]
tests/unit/test_graphdb/test_export.py:22: error: Function is missing a return type annotation  [no-untyped-def]
tests/unit/test_graphdb/test_export.py:35: error: Function is missing a type annotation  [no-untyped-def]
tests/unit/test_graphdb/test_export.py:66: error: Function is missing a type annotation  [no-untyped-def]
tests/unit/test_graphdb/test_export.py:99: error: Function is missing a type annotation  [no-untyped-def]
tests/unit/test_graphdb/test_export.py:121: error: Function is missing a type annotation  [no-untyped-def]
tests/unit/test_graphdb/test_export.py:141: error: Function is missing a type annotation  [no-untyped-def]
tests/unit/test_graphdb/test_export.py:153: error: Function is missing a type annotation  [no-untyped-def]
tests/unit/test_graphdb/test_export.py:188: error: Function is missing a type annotation  [no-untyped-def]
tests/unit/test_graphdb/test_export.py:215: error: Function is missing a type annotation  [no-untyped-def]
tests/unit/test_config/test_settings_imports.py:6: error: Function is missing a return type annotation  [no-untyped-def]
tests/unit/test_config/test_settings_imports.py:6: note: Use "-> None" if function does not return a value
tests/unit/test_config/test_settings_imports.py:10: error: Skipping analyzing "codestory.ingestion_pipeline.celery_app": module is installed, but missing library stubs or py.typed marker  [import-untyped]
tests/unit/test_config/test_settings_imports.py:18: error: Function is missing a return type annotation  [no-untyped-def]
tests/unit/test_config/test_settings_imports.py:18: note: Use "-> None" if function does not return a value
tests/unit/test_config/test_settings_imports.py:20: error: Skipping analyzing "codestory.config.settings": module is installed, but missing library stubs or py.typed marker  [import-untyped]
tests/unit/test_config/test_settings_imports.py:40: error: Function is missing a return type annotation  [no-untyped-def]
tests/unit/test_config/test_settings_imports.py:40: note: Use "-> None" if function does not return a value
tests/unit/test_codestory_mcp/test_serializers.py:7: error: Skipping analyzing "codestory_mcp.utils.serializers": module is installed, but missing library stubs or py.typed marker  [import-untyped]
tests/unit/test_codestory_mcp/test_serializers.py:14: error: Function is missing a return type annotation  [no-untyped-def]
tests/unit/test_codestory_mcp/test_serializers.py:28: error: Function is missing a type annotation  [no-untyped-def]
tests/unit/test_codestory_mcp/test_serializers.py:35: error: Function is missing a type annotation  [no-untyped-def]
tests/unit/test_codestory_mcp/test_serializers.py:45: error: Function is missing a type annotation  [no-untyped-def]
tests/unit/test_codestory_mcp/test_serializers.py:58: error: Function is missing a type annotation  [no-untyped-def]
tests/unit/test_codestory_mcp/test_serializers.py:64: error: Function is missing a type annotation  [no-untyped-def]
tests/unit/test_codestory_mcp/test_serializers.py:72: error: Function is missing a type annotation  [no-untyped-def]
tests/unit/test_codestory_mcp/test_serializers.py:81: error: Function is missing a type annotation  [no-untyped-def]
tests/unit/test_codestory_mcp/test_serializers.py:88: error: Function is missing a type annotation  [no-untyped-def]
tests/unit/test_codestory_mcp/test_serializers.py:95: error: Function is missing a type annotation  [no-untyped-def]
tests/unit/test_codestory_mcp/test_serializers.py:110: error: Function is missing a type annotation  [no-untyped-def]
tests/unit/test_codestory_mcp/test_serializers.py:117: error: Function is missing a type annotation  [no-untyped-def]
tests/unit/test_codestory_mcp/test_serializers.py:124: error: Function is missing a type annotation  [no-untyped-def]
tests/unit/test_codestory_mcp/test_serializers.py:146: error: Function is missing a return type annotation  [no-untyped-def]
tests/unit/test_codestory_mcp/test_serializers.py:157: error: Function is missing a type annotation  [no-untyped-def]
tests/unit/test_codestory_mcp/test_serializers.py:164: error: Function is missing a type annotation  [no-untyped-def]
tests/unit/test_codestory_mcp/test_serializers.py:175: error: Function is missing a return type annotation  [no-untyped-def]
tests/unit/test_codestory_mcp/test_serializers.py:193: error: Function is missing a type annotation  [no-untyped-def]
tests/unit/test_codestory_mcp/test_serializers.py:200: error: Function is missing a type annotation  [no-untyped-def]
tests/unit/test_codestory_mcp/test_serializers.py:210: error: Function is missing a type annotation  [no-untyped-def]
tests/unit/test_codestory_mcp/test_serializers.py:222: error: Function is missing a type annotation  [no-untyped-def]
tests/unit/test_codestory_mcp/test_serializers.py:230: error: Function is missing a type annotation  [no-untyped-def]
tests/unit/test_codestory_mcp/test_serializers.py:239: error: Function is missing a return type annotation  [no-untyped-def]
tests/unit/test_codestory_mcp/test_serializers.py:246: error: Function is missing a type annotation  [no-untyped-def]
tests/unit/test_codestory_mcp/test_serializers.py:253: error: Function is missing a type annotation  [no-untyped-def]
tests/unit/test_codestory_mcp/test_serializers.py:264: error: Function is missing a type annotation  [no-untyped-def]
tests/unit/test_codestory_mcp/test_serializers.py:268: error: Function is missing a type annotation  [no-untyped-def]
tests/unit/test_codestory_mcp/test_config.py:8: error: Skipping analyzing "codestory_mcp.utils.config": module is installed, but missing library stubs or py.typed marker  [import-untyped]
tests/unit/test_codestory_mcp/test_config.py:11: error: Function is missing a return type annotation  [no-untyped-def]
tests/unit/test_codestory_mcp/test_config.py:11: note: Use "-> None" if function does not return a value
tests/unit/test_codestory_mcp/test_config.py:32: error: Function is missing a return type annotation  [no-untyped-def]
tests/unit/test_codestory_mcp/test_config.py:32: note: Use "-> None" if function does not return a value
tests/unit/test_codestory_mcp/test_config.py:82: error: Function is missing a type annotation  [no-untyped-def]
tests/unit/test_codestory_mcp/test_config.py:91: error: Function is missing a return type annotation  [no-untyped-def]
tests/unit/test_codestory_mcp/test_config.py:91: note: Use "-> None" if function does not return a value
tests/unit/test_codestory_mcp/test_auth.py:7: error: Skipping analyzing "codestory_mcp.auth.entra_validator": module is installed, but missing library stubs or py.typed marker  [import-untyped]
tests/unit/test_codestory_mcp/test_auth.py:12: error: Skipping analyzing "codestory_mcp.auth.scope_manager": module is installed, but missing library stubs or py.typed marker  [import-untyped]
tests/unit/test_codestory_mcp/test_auth.py:18: error: Function is missing a return type annotation  [no-untyped-def]
tests/unit/test_codestory_mcp/test_auth.py:18: note: Use "-> None" if function does not return a value
tests/unit/test_codestory_mcp/test_auth.py:27: error: Function is missing a return type annotation  [no-untyped-def]
tests/unit/test_codestory_mcp/test_auth.py:27: note: Use "-> None" if function does not return a value
tests/unit/test_codestory_mcp/test_auth.py:37: error: Function is missing a return type annotation  [no-untyped-def]
tests/unit/test_codestory_mcp/test_auth.py:37: note: Use "-> None" if function does not return a value
tests/unit/test_codestory_mcp/test_auth.py:46: error: Function is missing a return type annotation  [no-untyped-def]
tests/unit/test_codestory_mcp/test_auth.py:46: note: Use "-> None" if function does not return a value
tests/unit/test_codestory_mcp/test_auth.py:57: error: Function is missing a return type annotation  [no-untyped-def]
tests/unit/test_codestory_mcp/test_auth.py:57: note: Use "-> None" if function does not return a value
tests/unit/test_codestory_mcp/test_auth.py:67: error: Function is missing a return type annotation  [no-untyped-def]
tests/unit/test_codestory_mcp/test_auth.py:67: note: Use "-> None" if function does not return a value
tests/unit/test_codestory_mcp/test_auth.py:86: error: Function is missing a return type annotation  [no-untyped-def]
tests/unit/test_codestory_mcp/test_auth.py:92: error: Function is missing a return type annotation  [no-untyped-def]
tests/unit/test_codestory_mcp/test_auth.py:98: error: Function is missing a type annotation  [no-untyped-def]
tests/unit/test_codestory_mcp/test_auth.py:102: error: Function is missing a type annotation  [no-untyped-def]
tests/unit/test_codestory_mcp/test_auth.py:113: error: Function is missing a type annotation  [no-untyped-def]
tests/unit/test_codestory_mcp/test_auth.py:149: error: Function is missing a type annotation  [no-untyped-def]
tests/unit/test_codestory_mcp/test_auth.py:163: error: Function is missing a type annotation  [no-untyped-def]
tests/unit/test_codestory_mcp/test_auth.py:177: error: Function is missing a type annotation  [no-untyped-def]
tests/unit/test_cli/conftest.py:11: error: Skipping analyzing "codestory.cli.client": module is installed, but missing library stubs or py.typed marker  [import-untyped]
tests/unit/test_cli/test_commands/test_service.py:10: error: Skipping analyzing "codestory.cli.client.service_client": module is installed, but missing library stubs or py.typed marker  [import-untyped]
tests/unit/test_cli/test_commands/test_service.py:11: error: Skipping analyzing "codestory.cli.commands.service": module is installed, but missing library stubs or py.typed marker  [import-untyped]
tests/unit/test_cli/test_commands/test_service.py:18: error: Function is missing a return type annotation  [no-untyped-def]
tests/unit/test_cli/test_commands/test_service.py:34: error: Function is missing a return type annotation  [no-untyped-def]
tests/unit/test_cli/test_commands/test_service.py:39: error: Function is missing a type annotation  [no-untyped-def]
tests/unit/test_cli/test_commands/test_service.py:44: error: Function is missing a return type annotation  [no-untyped-def]
tests/unit/test_cli/test_commands/test_service.py:44: note: Use "-> None" if function does not return a value
tests/unit/test_cli/test_commands/test_service.py:52: error: Function is missing a type annotation  [no-untyped-def]
tests/unit/test_cli/test_commands/test_service.py:67: error: Function is missing a type annotation  [no-untyped-def]
tests/unit/test_cli/test_commands/test_service.py:97: error: Function is missing a type annotation  [no-untyped-def]
tests/unit/test_cli/test_commands/test_service.py:129: error: Function is missing a type annotation  [no-untyped-def]
tests/unit/test_cli/test_commands/test_service.py:159: error: Function is missing a type annotation  [no-untyped-def]
tests/unit/test_cli/test_commands/test_service.py:185: error: Function is missing a type annotation  [no-untyped-def]
tests/unit/test_cli/test_commands/test_service.py:221: error: Function is missing a type annotation  [no-untyped-def]
tests/unit/test_cli/test_commands/test_repository_mounting.py:11: error: Skipping analyzing "codestory.cli.client.service_client": module is installed, but missing library stubs or py.typed marker  [import-untyped]
tests/unit/test_cli/test_commands/test_repository_mounting.py:12: error: Skipping analyzing "codestory.cli.commands": module is installed, but missing library stubs or py.typed marker  [import-untyped]
tests/unit/test_cli/test_commands/test_repository_mounting.py:16: error: Function is missing a return type annotation  [no-untyped-def]
tests/unit/test_cli/test_commands/test_repository_mounting.py:24: error: Function is missing a return type annotation  [no-untyped-def]
tests/unit/test_cli/test_commands/test_repository_mounting.py:40: error: Function is missing a return type annotation  [no-untyped-def]
tests/unit/test_cli/test_commands/test_repository_mounting.py:40: note: Use "-> None" if function does not return a value
tests/unit/test_cli/test_commands/test_repository_mounting.py:78: error: Function is missing a return type annotation  [no-untyped-def]
tests/unit/test_cli/test_commands/test_repository_mounting.py:78: note: Use "-> None" if function does not return a value
tests/unit/test_cli/test_commands/test_repository_mounting.py:146: error: Function is missing a return type annotation  [no-untyped-def]
tests/unit/test_cli/test_commands/test_repository_mounting.py:146: note: Use "-> None" if function does not return a value
tests/unit/test_cli/test_commands/test_database.py:8: error: Skipping analyzing "codestory.cli.client": module is installed, but missing library stubs or py.typed marker  [import-untyped]
tests/unit/test_cli/test_commands/test_database.py:9: error: Skipping analyzing "codestory.cli.commands.database": module is installed, but missing library stubs or py.typed marker  [import-untyped]
tests/unit/test_cli/test_commands/test_database.py:13: error: Function is missing a return type annotation  [no-untyped-def]
tests/unit/test_cli/test_commands/test_database.py:25: error: Function is missing a return type annotation  [no-untyped-def]
tests/unit/test_cli/test_commands/test_database.py:31: error: Function is missing a type annotation  [no-untyped-def]
tests/unit/test_cli/test_commands/test_database.py:38: error: Function is missing a return type annotation  [no-untyped-def]
tests/unit/test_cli/test_commands/test_database.py:38: note: Use "-> None" if function does not return a value
tests/unit/test_cli/test_commands/test_database.py:46: error: Function is missing a type annotation  [no-untyped-def]
tests/unit/test_cli/test_commands/test_database.py:56: error: Function is missing a type annotation  [no-untyped-def]
tests/unit/test_cli/test_commands/backup/test_auto_mount.py:12: error: Skipping analyzing "codestory.cli.client.service_client": module is installed, but missing library stubs or py.typed marker  [import-untyped]
tests/unit/test_cli/test_commands/backup/test_auto_mount.py:13: error: Skipping analyzing "codestory.cli.commands.ingest": module is installed, but missing library stubs or py.typed marker  [import-untyped]
tests/unit/test_cli/test_commands/backup/test_auto_mount.py:17: error: Function is missing a return type annotation  [no-untyped-def]
tests/unit/test_cli/test_commands/backup/test_auto_mount.py:25: error: Function is missing a return type annotation  [no-untyped-def]
tests/unit/test_cli/test_commands/backup/test_auto_mount.py:41: error: Function is missing a type annotation  [no-untyped-def]
tests/unit/test_cli/test_commands/backup/test_auto_mount.py:72: error: Function is missing a type annotation  [no-untyped-def]
tests/unit/test_cli/test_commands/backup/test_auto_mount.py:132: error: Function is missing a type annotation  [no-untyped-def]
tests/unit/test_cli/test_commands/backup/test_auto_mount.py:161: error: Function is missing a type annotation  [no-untyped-def]
tests/unit/test_cli/test_commands/backup/test_auto_mount.py:193: error: Function is missing a type annotation  [no-untyped-def]
tests/unit/test_cli/test_commands/backup/test_auto_mount.py:231: error: Function is missing a type annotation  [no-untyped-def]
tests/integration/test_docker_network.py:105: error: Function is missing a type annotation  [no-untyped-def]
tests/integration/test_docker_network.py:134: error: Function is missing a type annotation  [no-untyped-def]
tests/integration/test_docker_network.py:153: error: Function is missing a type annotation  [no-untyped-def]
tests/integration/test_docker_network.py:175: error: Function is missing a type annotation  [no-untyped-def]
tests/integration/test_docker_connectivity.py:21: error: Function is missing a return type annotation  [no-untyped-def]
tests/integration/test_docker_connectivity.py:55: error: Function is missing a type annotation  [no-untyped-def]
tests/integration/test_docker_connectivity.py:64: error: Function is missing a type annotation  [no-untyped-def]
tests/integration/test_docker_connectivity.py:73: error: Function is missing a type annotation  [no-untyped-def]
tests/integration/test_docker_connectivity.py:83: error: Function is missing a type annotation  [no-untyped-def]
tests/integration/test_docker_connectivity.py:95: error: Function is missing a type annotation  [no-untyped-def]
tests/integration/test_docker_connectivity.py:106: error: Function is missing a type annotation  [no-untyped-def]
tests/integration/test_docker_connectivity.py:140: error: Function is missing a type annotation  [no-untyped-def]
tests/integration/test_docker_connectivity.py:157: error: Function is missing a return type annotation  [no-untyped-def]
tests/integration/test_docker_connectivity.py:157: note: Use "-> None" if function does not return a value
tests/integration/test_llm/test_client_integration.py:9: error: Skipping analyzing "codestory.config.settings": module is installed, but missing library stubs or py.typed marker  [import-untyped]
tests/integration/test_llm/test_client_integration.py:10: error: Skipping analyzing "codestory.llm.client": module is installed, but missing library stubs or py.typed marker  [import-untyped]
tests/integration/test_llm/test_client_integration.py:11: error: Skipping analyzing "codestory.llm.models": module is installed, but missing library stubs or py.typed marker  [import-untyped]
tests/integration/test_llm/test_client_integration.py:18: error: Function is missing a type annotation  [no-untyped-def]
tests/integration/test_llm/test_client_integration.py:39: error: Function is missing a type annotation  [no-untyped-def]
tests/integration/test_llm/test_client_integration.py:52: error: Function is missing a type annotation  [no-untyped-def]
tests/integration/test_llm/test_client_integration.py:85: error: Function is missing a type annotation  [no-untyped-def]
tests/integration/test_llm/test_client_integration.py:133: error: Function is missing a type annotation  [no-untyped-def]
tests/integration/test_llm/test_client_integration.py:180: error: Function is missing a type annotation  [no-untyped-def]
tests/integration/test_llm/test_client_integration.py:239: error: Function is missing a type annotation  [no-untyped-def]
tests/integration/test_llm/test_client_integration.py:263: error: Function is missing a type annotation  [no-untyped-def]
tests/integration/test_llm/conftest.py:9: error: Skipping analyzing "codestory.config.settings": module is installed, but missing library stubs or py.typed marker  [import-untyped]
tests/integration/test_llm/conftest.py:10: error: Skipping analyzing "codestory.llm.client": module is installed, but missing library stubs or py.typed marker  [import-untyped]
tests/integration/test_llm/conftest.py:13: error: Function is missing a type annotation  [no-untyped-def]
tests/integration/test_llm/conftest.py:30: error: Function is missing a type annotation  [no-untyped-def]
tests/integration/test_llm/conftest.py:36: error: Function is missing a type annotation  [no-untyped-def]
tests/integration/test_llm/conftest.py:102: error: Function is missing a type annotation for one or more arguments  [no-untyped-def]
tests/integration/test_llm/conftest.py:139: error: Function is missing a type annotation for one or more arguments  [no-untyped-def]
tests/integration/test_ingestion_pipeline/test_task_registration.py:9: error: Skipping analyzing "codestory.ingestion_pipeline.celery_app": module is installed, but missing library stubs or py.typed marker  [import-untyped]
tests/integration/test_ingestion_pipeline/test_task_registration.py:10: error: Skipping analyzing "codestory_filesystem.step": module is installed, but missing library stubs or py.typed marker  [import-untyped]
tests/integration/test_ingestion_pipeline/test_task_registration.py:15: error: Function is missing a return type annotation  [no-untyped-def]
tests/integration/test_ingestion_pipeline/test_task_registration.py:15: note: Use "-> None" if function does not return a value
tests/integration/test_ingestion_pipeline/test_task_registration.py:29: error: Function is missing a return type annotation  [no-untyped-def]
tests/integration/test_ingestion_pipeline/test_task_registration.py:29: note: Use "-> None" if function does not return a value
tests/integration/test_ingestion_pipeline/test_task_registration.py:50: error: Function is missing a return type annotation  [no-untyped-def]
tests/integration/test_ingestion_pipeline/test_task_registration.py:50: note: Use "-> None" if function does not return a value
tests/integration/test_ingestion_pipeline/test_task_registration.py:56: error: Skipping analyzing "codestory.ingestion_pipeline.tasks": module is installed, but missing library stubs or py.typed marker  [import-untyped]
tests/integration/test_ingestion_pipeline/test_task_registration.py:69: error: Function is missing a return type annotation  [no-untyped-def]
tests/integration/test_ingestion_pipeline/test_task_registration.py:69: note: Use "-> None" if function does not return a value
tests/integration/test_ingestion_pipeline/test_summarizer_integration.py:20: error: Skipping analyzing "codestory.graphdb.neo4j_connector": module is installed, but missing library stubs or py.typed marker  [import-untyped]
tests/integration/test_ingestion_pipeline/test_summarizer_integration.py:21: error: Skipping analyzing "codestory.ingestion_pipeline.step": module is installed, but missing library stubs or py.typed marker  [import-untyped]
tests/integration/test_ingestion_pipeline/test_summarizer_integration.py:22: error: Skipping analyzing "codestory.llm.models": module is installed, but missing library stubs or py.typed marker  [import-untyped]
tests/integration/test_ingestion_pipeline/test_summarizer_integration.py:29: error: Skipping analyzing "codestory_summarizer.step": module is installed, but missing library stubs or py.typed marker  [import-untyped]
tests/integration/test_ingestion_pipeline/test_summarizer_integration.py:33: error: Function is missing a type annotation  [no-untyped-def]
tests/integration/test_ingestion_pipeline/test_summarizer_integration.py:214: error: Function is missing a return type annotation  [no-untyped-def]
tests/integration/test_ingestion_pipeline/test_summarizer_integration.py:220: error: Function is missing a type annotation  [no-untyped-def]
tests/integration/test_ingestion_pipeline/test_summarizer_integration.py:266: error: Function is missing a return type annotation  [no-untyped-def]
tests/integration/test_ingestion_pipeline/test_summarizer_integration.py:351: error: Function is missing a return type annotation  [no-untyped-def]
tests/integration/test_ingestion_pipeline/test_summarizer_integration.py:371: error: Function is missing a type annotation  [no-untyped-def]
tests/integration/test_ingestion_pipeline/test_summarizer_integration.py:417: error: Value of type "Any | None" is not indexable  [index]
tests/integration/test_ingestion_pipeline/test_summarizer_integration.py:465: error: Function is missing a type annotation  [no-untyped-def]
tests/integration/test_ingestion_pipeline/test_summarizer_integration.py:475: error: Function is missing a type annotation  [no-untyped-def]
tests/integration/test_ingestion_pipeline/test_summarizer_integration.py:768: error: Function is missing a type annotation  [no-untyped-def]
tests/integration/test_ingestion_pipeline/test_summarizer_integration.py:777: error: Function is missing a type annotation  [no-untyped-def]
tests/integration/test_ingestion_pipeline/test_summarizer_integration.py:845: error: Function is missing a type annotation  [no-untyped-def]
tests/integration/test_ingestion_pipeline/test_retry_and_failure.py:13: error: Skipping analyzing "codestory.ingestion_pipeline.manager": module is installed, but missing library stubs or py.typed marker  [import-untyped]
tests/integration/test_ingestion_pipeline/test_retry_and_failure.py:14: error: Skipping analyzing "codestory.ingestion_pipeline.step": module is installed, but missing library stubs or py.typed marker  [import-untyped]
tests/integration/test_ingestion_pipeline/test_retry_and_failure.py:18: error: Function is missing a type annotation  [no-untyped-def]
tests/integration/test_ingestion_pipeline/test_retry_and_failure.py:27: error: Function is missing a type annotation  [no-untyped-def]
tests/integration/test_ingestion_pipeline/test_retry_and_failure.py:33: error: Function is missing a type annotation  [no-untyped-def]
tests/integration/test_ingestion_pipeline/test_retry_and_failure.py:52: error: Skipping analyzing "codestory_filesystem.step": module is installed, but missing library stubs or py.typed marker  [import-untyped]
tests/integration/test_ingestion_pipeline/test_retry_and_failure.py:85: error: Function is missing a type annotation  [no-untyped-def]
tests/integration/test_ingestion_pipeline/test_retry_and_failure.py:93: error: Function is missing a type annotation  [no-untyped-def]
tests/integration/test_ingestion_pipeline/test_retry_and_failure.py:97: error: Function is missing a type annotation  [no-untyped-def]
tests/integration/test_ingestion_pipeline/test_resource_throttling.py:10: error: Function is missing a return type annotation  [no-untyped-def]
tests/integration/test_ingestion_pipeline/test_resource_throttling.py:10: note: Use "-> None" if function does not return a value
tests/integration/test_ingestion_pipeline/test_resource_throttling.py:39: error: Function is missing a type annotation  [no-untyped-def]
tests/integration/test_ingestion_pipeline/test_resource_throttling.py:45: error: Function is missing a return type annotation  [no-untyped-def]
tests/integration/test_ingestion_pipeline/test_progress_tracking.py:16: error: Skipping analyzing "codestory.ingestion_pipeline.manager": module is installed, but missing library stubs or py.typed marker  [import-untyped]
tests/integration/test_ingestion_pipeline/test_progress_tracking.py:17: error: Skipping analyzing "codestory.ingestion_pipeline.step": module is installed, but missing library stubs or py.typed marker  [import-untyped]
tests/integration/test_ingestion_pipeline/test_progress_tracking.py:18: error: Skipping analyzing "codestory_blarify.step": module is installed, but missing library stubs or py.typed marker  [import-untyped]
tests/integration/test_ingestion_pipeline/test_progress_tracking.py:19: error: Skipping analyzing "codestory_filesystem.step": module is installed, but missing library stubs or py.typed marker  [import-untyped]
tests/integration/test_ingestion_pipeline/test_progress_tracking.py:20: error: Skipping analyzing "codestory_summarizer.step": module is installed, but missing library stubs or py.typed marker  [import-untyped]
tests/integration/test_ingestion_pipeline/test_pipeline_integration.py:20: error: Skipping analyzing "codestory.graphdb.neo4j_connector": module is installed, but missing library stubs or py.typed marker  [import-untyped]
tests/integration/test_ingestion_pipeline/test_pipeline_integration.py:21: error: Skipping analyzing "codestory.ingestion_pipeline.manager": module is installed, but missing library stubs or py.typed marker  [import-untyped]
tests/integration/test_ingestion_pipeline/test_pipeline_integration.py:22: error: Skipping analyzing "codestory.ingestion_pipeline.step": module is installed, but missing library stubs or py.typed marker  [import-untyped]
tests/integration/test_ingestion_pipeline/test_pipeline_integration.py:26: error: Function is missing a type annotation  [no-untyped-def]
tests/integration/test_ingestion_pipeline/test_pipeline_integration.py:220: error: Function is missing a return type annotation  [no-untyped-def]
tests/integration/test_ingestion_pipeline/test_pipeline_integration.py:243: error: Function is missing a return type annotation  [no-untyped-def]
tests/integration/test_ingestion_pipeline/test_pipeline_integration.py:267: error: Function is missing a return type annotation  [no-untyped-def]
tests/integration/test_ingestion_pipeline/test_pipeline_integration.py:292: error: Function is missing a type annotation  [no-untyped-def]
tests/integration/test_ingestion_pipeline/test_pipeline_integration.py:306: error: Function is missing a type annotation  [no-untyped-def]
tests/integration/test_ingestion_pipeline/test_pipeline_integration.py:361: error: Function is missing a type annotation  [no-untyped-def]
tests/integration/test_ingestion_pipeline/test_pipeline_integration.py:373: error: Function is missing a type annotation  [no-untyped-def]
tests/integration/test_ingestion_pipeline/test_pipeline_integration.py:384: error: Function is missing a type annotation  [no-untyped-def]
tests/integration/test_ingestion_pipeline/test_pipeline_integration.py:390: error: Function is missing a type annotation  [no-untyped-def]
tests/integration/test_ingestion_pipeline/test_pipeline_integration.py:420: error: Function is missing a type annotation  [no-untyped-def]
tests/integration/test_ingestion_pipeline/test_pipeline_integration.py:432: error: Function is missing a type annotation  [no-untyped-def]
tests/integration/test_ingestion_pipeline/test_pipeline_integration.py:459: error: Function is missing a type annotation  [no-untyped-def]
tests/integration/test_ingestion_pipeline/test_filesystem_simple.py:12: error: Skipping analyzing "codestory.config.settings": module is installed, but missing library stubs or py.typed marker  [import-untyped]
tests/integration/test_ingestion_pipeline/test_filesystem_simple.py:13: error: Skipping analyzing "codestory.graphdb.neo4j_connector": module is installed, but missing library stubs or py.typed marker  [import-untyped]
tests/integration/test_ingestion_pipeline/test_filesystem_simple.py:17: error: Function is missing a type annotation  [no-untyped-def]
tests/integration/test_ingestion_pipeline/test_filesystem_simple.py:41: error: Function is missing a type annotation  [no-untyped-def]
tests/integration/test_ingestion_pipeline/test_filesystem_integration.py:19: error: Skipping analyzing "codestory.graphdb.neo4j_connector": module is installed, but missing library stubs or py.typed marker  [import-untyped]
tests/integration/test_ingestion_pipeline/test_filesystem_integration.py:20: error: Skipping analyzing "codestory.ingestion_pipeline.step": module is installed, but missing library stubs or py.typed marker  [import-untyped]
tests/integration/test_ingestion_pipeline/test_filesystem_integration.py:21: error: Skipping analyzing "codestory_filesystem.step": module is installed, but missing library stubs or py.typed marker  [import-untyped]
tests/integration/test_ingestion_pipeline/test_filesystem_integration.py:25: error: Function is missing a type annotation  [no-untyped-def]
tests/integration/test_ingestion_pipeline/test_filesystem_integration.py:219: error: Function is missing a return type annotation  [no-untyped-def]
tests/integration/test_ingestion_pipeline/test_filesystem_integration.py:248: error: Function is missing a return type annotation  [no-untyped-def]
tests/integration/test_ingestion_pipeline/test_filesystem_integration.py:275: error: Function is missing a type annotation  [no-untyped-def]
tests/integration/test_ingestion_pipeline/test_filesystem_integration.py:297: error: Function is missing a type annotation  [no-untyped-def]
tests/integration/test_ingestion_pipeline/test_filesystem_integration.py:378: error: Function is missing a type annotation  [no-untyped-def]
tests/integration/test_ingestion_pipeline/test_filesystem_integration.py:394: error: Function is missing a type annotation  [no-untyped-def]
tests/integration/test_ingestion_pipeline/test_filesystem_integration.py:449: error: Function is missing a type annotation  [no-untyped-def]
tests/integration/test_ingestion_pipeline/test_filesystem_direct.py:17: error: Skipping analyzing "codestory.config.settings": module is installed, but missing library stubs or py.typed marker  [import-untyped]
tests/integration/test_ingestion_pipeline/test_filesystem_direct.py:18: error: Skipping analyzing "codestory.ingestion_pipeline.step": module is installed, but missing library stubs or py.typed marker  [import-untyped]
tests/integration/test_ingestion_pipeline/test_filesystem_direct.py:43: error: Function is missing a return type annotation  [no-untyped-def]
tests/integration/test_ingestion_pipeline/test_filesystem_direct.py:74: error: Function is missing a type annotation  [no-untyped-def]
tests/integration/test_ingestion_pipeline/test_filesystem_direct.py:265: error: Function is missing a type annotation  [no-untyped-def]
tests/integration/test_ingestion_pipeline/test_filesystem_direct.py:334: error: Function is missing a type annotation  [no-untyped-def]
tests/integration/test_ingestion_pipeline/test_docgrapher_integration.py:25: error: Skipping analyzing "codestory.graphdb.neo4j_connector": module is installed, but missing library stubs or py.typed marker  [import-untyped]
tests/integration/test_ingestion_pipeline/test_docgrapher_integration.py:26: error: Skipping analyzing "codestory.llm.models": module is installed, but missing library stubs or py.typed marker  [import-untyped]
tests/integration/test_ingestion_pipeline/test_docgrapher_integration.py:33: error: Skipping analyzing "codestory_docgrapher.step": module is installed, but missing library stubs or py.typed marker  [import-untyped]
tests/integration/test_ingestion_pipeline/test_docgrapher_integration.py:34: error: Skipping analyzing "codestory_filesystem.step": module is installed, but missing library stubs or py.typed marker  [import-untyped]
tests/integration/test_ingestion_pipeline/test_docgrapher_integration.py:41: error: Function is missing a return type annotation  [no-untyped-def]
tests/integration/test_ingestion_pipeline/test_docgrapher_integration.py:134: error: Function is missing a return type annotation  [no-untyped-def]
tests/integration/test_ingestion_pipeline/test_docgrapher_integration.py:153: error: Function is missing a type annotation  [no-untyped-def]
tests/integration/test_ingestion_pipeline/test_docgrapher_integration.py:325: error: Function is missing a return type annotation  [no-untyped-def]
tests/integration/test_ingestion_pipeline/test_docgrapher_integration.py:368: error: Function is missing a type annotation  [no-untyped-def]
tests/integration/test_ingestion_pipeline/test_docgrapher_integration.py:520: error: Function is missing a type annotation  [no-untyped-def]
tests/integration/test_ingestion_pipeline/test_blarify_integration.py:32: error: Skipping analyzing "codestory.graphdb.neo4j_connector": module is installed, but missing library stubs or py.typed marker  [import-untyped]
tests/integration/test_ingestion_pipeline/test_blarify_integration.py:33: error: Skipping analyzing "codestory.ingestion_pipeline.step": module is installed, but missing library stubs or py.typed marker  [import-untyped]
tests/integration/test_ingestion_pipeline/test_blarify_integration.py:34: error: Skipping analyzing "codestory_blarify.step": module is installed, but missing library stubs or py.typed marker  [import-untyped]
tests/integration/test_ingestion_pipeline/test_blarify_integration.py:41: error: Function is missing a return type annotation  [no-untyped-def]
tests/integration/test_ingestion_pipeline/test_blarify_integration.py:104: error: Function is missing a return type annotation  [no-untyped-def]
tests/integration/test_ingestion_pipeline/test_blarify_integration.py:148: error: Function is missing a return type annotation  [no-untyped-def]
tests/integration/test_ingestion_pipeline/test_blarify_integration.py:318: error: Function is missing a type annotation  [no-untyped-def]
tests/integration/test_ingestion_pipeline/test_blarify_integration.py:335: error: Function is missing a type annotation  [no-untyped-def]
tests/integration/test_ingestion_pipeline/test_blarify_integration.py:568: error: Function is missing a type annotation  [no-untyped-def]
tests/integration/test_ingestion_pipeline/test_blarify_integration.py:593: error: Statement is unreachable  [unreachable]
tests/integration/test_ingestion_pipeline/test_blarify_integration.py:697: error: Value of type "Any | None" is not indexable  [index]
tests/integration/test_ingestion_pipeline/test_blarify_integration.py:700: error: Value of type "Any | None" is not indexable  [index]
tests/integration/test_ingestion_pipeline/test_blarify_integration.py:703: error: Value of type "Any | None" is not indexable  [index]
tests/integration/test_ingestion_pipeline/base_pipeline_test.py:24: error: Function is missing a type annotation  [no-untyped-def]
tests/integration/test_ingestion_pipeline/base_pipeline_test.py:39: error: Skipping analyzing "codestory_blarify.step": module is installed, but missing library stubs or py.typed marker  [import-untyped]
tests/integration/test_ingestion_pipeline/base_pipeline_test.py:40: error: Skipping analyzing "codestory_docgrapher.step": module is installed, but missing library stubs or py.typed marker  [import-untyped]
tests/integration/test_ingestion_pipeline/base_pipeline_test.py:41: error: Skipping analyzing "codestory_filesystem.step": module is installed, but missing library stubs or py.typed marker  [import-untyped]
tests/integration/test_ingestion_pipeline/base_pipeline_test.py:42: error: Skipping analyzing "codestory_summarizer.step": module is installed, but missing library stubs or py.typed marker  [import-untyped]
tests/integration/test_ingestion_pipeline/base_pipeline_test.py:77: error: Function is missing a return type annotation  [no-untyped-def]
tests/integration/test_ingestion_pipeline/base_pipeline_test.py:137: error: Function is missing a type annotation  [no-untyped-def]
tests/integration/test_ingestion_pipeline/base_pipeline_test.py:156: error: Function is missing a return type annotation  [no-untyped-def]
tests/integration/test_ingestion_pipeline/base_pipeline_test.py:156: note: Use "-> None" if function does not return a value
tests/integration/test_graphdb/test_neo4j_integration.py:8: error: Skipping analyzing "codestory.graphdb.exceptions": module is installed, but missing library stubs or py.typed marker  [import-untyped]
tests/integration/test_graphdb/test_neo4j_integration.py:11: error: Skipping analyzing "codestory.graphdb.models": module is installed, but missing library stubs or py.typed marker  [import-untyped]
tests/integration/test_graphdb/test_neo4j_integration.py:12: error: Skipping analyzing "codestory.graphdb.neo4j_connector": module is installed, but missing library stubs or py.typed marker  [import-untyped]
tests/integration/test_graphdb/test_neo4j_connectivity.py:12: error: Skipping analyzing "codestory.config": module is installed, but missing library stubs or py.typed marker  [import-untyped]
tests/integration/test_graphdb/test_neo4j_connectivity.py:16: error: Function is missing a type annotation  [no-untyped-def]
tests/integration/test_graphdb/test_neo4j_connectivity.py:45: error: Function is missing a type annotation  [no-untyped-def]
tests/integration/test_demos/test_mcp_demo.py:16: error: Function is missing a return type annotation  [no-untyped-def]
tests/integration/test_demos/test_mcp_demo.py:79: error: Function is missing a type annotation  [no-untyped-def]
tests/integration/test_demos/test_mcp_demo.py:88: error: Function is missing a type annotation  [no-untyped-def]
tests/integration/test_demos/test_mcp_demo.py:97: error: Function is missing a type annotation  [no-untyped-def]
tests/integration/test_demos/test_mcp_demo.py:114: error: Function is missing a type annotation  [no-untyped-def]
tests/integration/test_demos/test_mcp_demo.py:138: error: Function is missing a type annotation  [no-untyped-def]
tests/integration/test_demos/test_mcp_demo.py:168: error: Function is missing a type annotation  [no-untyped-def]
tests/integration/test_demos/test_cli_demo.py:14: error: Function is missing a return type annotation  [no-untyped-def]
tests/integration/test_demos/test_cli_demo.py:46: error: Function is missing a type annotation  [no-untyped-def]
tests/integration/test_demos/test_cli_demo.py:64: error: Function is missing a type annotation  [no-untyped-def]
tests/integration/test_demos/test_cli_demo.py:89: error: Function is missing a type annotation  [no-untyped-def]
tests/integration/test_demos/test_cli_demo.py:116: error: Function is missing a type annotation  [no-untyped-def]
tests/integration/test_demos/test_cli_demo.py:143: error: Function is missing a type annotation  [no-untyped-def]
tests/integration/test_demos/test_cli_demo.py:172: error: Function is missing a type annotation  [no-untyped-def]
tests/integration/test_cli/test_service_integration.py:11: error: Skipping analyzing "codestory.cli.main": module is installed, but missing library stubs or py.typed marker  [import-untyped]
tests/integration/test_cli/test_service_integration.py:56: error: Function is missing a return type annotation  [no-untyped-def]
tests/integration/test_cli/test_service_integration.py:56: note: Use "-> None" if function does not return a value
tests/integration/test_cli/test_repository_mounting.py:20: error: Skipping analyzing "codestory.cli.commands.ingest": module is installed, but missing library stubs or py.typed marker  [import-untyped]
tests/integration/test_cli/test_repository_mounting.py:34: error: Function is missing a return type annotation  [no-untyped-def]
tests/integration/test_cli/test_repository_mounting.py:64: error: Function is missing a return type annotation  [no-untyped-def]
tests/integration/test_cli/test_repository_mounting.py:76: error: Function is missing a return type annotation  [no-untyped-def]
tests/integration/test_cli/test_repository_mounting.py:84: error: Function is missing a type annotation  [no-untyped-def]
tests/integration/test_cli/test_repository_mounting.py:249: error: Function is missing a type annotation  [no-untyped-def]
tests/integration/test_cli/test_repository_mounting.py:329: error: "IO[str]" has no attribute "getvalue"  [attr-defined]
tests/integration/test_cli/test_query_integration.py:9: error: Skipping analyzing "codestory.cli.main": module is installed, but missing library stubs or py.typed marker  [import-untyped]
tests/integration/test_cli/test_ingest_integration.py:11: error: Skipping analyzing "codestory.cli.commands.ingest": module is installed, but missing library stubs or py.typed marker  [import-untyped]
tests/integration/test_cli/test_ingest_integration.py:12: error: Skipping analyzing "codestory.cli.main": module is installed, but missing library stubs or py.typed marker  [import-untyped]
tests/integration/test_cli/test_config_integration.py:8: error: Skipping analyzing "codestory.cli.main": module is installed, but missing library stubs or py.typed marker  [import-untyped]
tests/integration/test_cli/test_config_integration.py:9: error: Skipping analyzing "codestory.config": module is installed, but missing library stubs or py.typed marker  [import-untyped]
tests/integration/test_cli/test_command_suggestions.py:9: error: Skipping analyzing "codestory.cli.main": module is installed, but missing library stubs or py.typed marker  [import-untyped]
tests/integration/test_cli/test_command_suggestions.py:13: error: Function is missing a return type annotation  [no-untyped-def]
tests/integration/test_cli/test_command_suggestions.py:18: error: Function is missing a type annotation  [no-untyped-def]
tests/integration/test_cli/test_command_suggestions.py:30: error: Function is missing a type annotation  [no-untyped-def]
tests/integration/test_cli/test_command_suggestions.py:42: error: Function is missing a type annotation  [no-untyped-def]
tests/integration/test_cli/test_command_suggestions.py:55: error: Function is missing a type annotation  [no-untyped-def]
tests/integration/test_cli/test_command_suggestions.py:68: error: Function is missing a type annotation  [no-untyped-def]
tests/integration/test_ingestion_pipeline/test_full_pipeline_integration.py:15: error: Skipping analyzing "codestory.ingestion_pipeline.manager": module is installed, but missing library stubs or py.typed marker  [import-untyped]
tests/integration/test_ingestion_pipeline/test_full_pipeline_integration.py:16: error: Skipping analyzing "codestory.ingestion_pipeline.step": module is installed, but missing library stubs or py.typed marker  [import-untyped]
tests/integration/test_ingestion_pipeline/test_full_pipeline_integration.py:29: error: Function is missing a return type annotation  [no-untyped-def]
tests/integration/test_ingestion_pipeline/test_full_pipeline_integration.py:47: error: Function is missing a return type annotation  [no-untyped-def]
tests/integration/test_ingestion_pipeline/test_full_pipeline_integration.py:70: error: Function is missing a return type annotation  [no-untyped-def]
tests/integration/test_ingestion_pipeline/test_full_pipeline_integration.py:70: note: Use "-> None" if function does not return a value
tests/integration/test_ingestion_pipeline/test_full_pipeline_integration.py:90: error: Function is missing a return type annotation  [no-untyped-def]
tests/integration/test_ingestion_pipeline/test_full_pipeline_integration.py:90: note: Use "-> None" if function does not return a value
tests/integration/test_ingestion_pipeline/test_full_pipeline_integration.py:128: error: Function is missing a return type annotation  [no-untyped-def]
tests/integration/test_ingestion_pipeline/test_full_pipeline_integration.py:128: note: Use "-> None" if function does not return a value
src/codestory_mcp/auth/entra_validator.py:12: error: Skipping analyzing "codestory_mcp.auth.scope_manager": module is installed, but missing library stubs or py.typed marker  [import-untyped]
tests/integration/test_demos/test_gui_demo.py:16: error: Function is missing a return type annotation  [no-untyped-def]
tests/integration/test_demos/test_gui_demo.py:74: error: Function is missing a type annotation  [no-untyped-def]
tests/integration/test_demos/test_gui_demo.py:98: error: Function is missing a type annotation  [no-untyped-def]
tests/integration/test_demos/test_gui_demo.py:125: error: Function is missing a type annotation  [no-untyped-def]
tests/integration/test_demos/test_gui_demo.py:146: error: Function is missing a type annotation  [no-untyped-def]
tests/integration/test_demos/test_gui_demo.py:166: error: Function is missing a type annotation  [no-untyped-def]
tests/integration/test_demos/test_gui_demo.py:187: error: Function is missing a type annotation  [no-untyped-def]
tests/conftest.py:119: error: Function is missing a type annotation  [no-untyped-def]
tests/conftest.py:121: error: Skipping analyzing "codestory.graphdb.neo4j_connector": module is installed, but missing library stubs or py.typed marker  [import-untyped]
tests/conftest.py:122: error: Skipping analyzing "codestory.graphdb.schema": module is installed, but missing library stubs or py.typed marker  [import-untyped]
tests/conftest.py:151: error: Function is missing a type annotation  [no-untyped-def]
tests/conftest.py:171: error: Function is missing a type annotation  [no-untyped-def]
tests/unit/test_graphdb/test_connector.py:8: error: Skipping analyzing "codestory.graphdb.exceptions": module is installed, but missing library stubs or py.typed marker  [import-untyped]
tests/unit/test_graphdb/test_connector.py:9: error: Skipping analyzing "codestory.graphdb.neo4j_connector": module is installed, but missing library stubs or py.typed marker  [import-untyped]
tests/unit/test_graphdb/test_connector.py:13: error: Function is missing a return type annotation  [no-untyped-def]
tests/unit/test_graphdb/test_connector.py:32: error: Function is missing a return type annotation  [no-untyped-def]
tests/unit/test_graphdb/test_connector.py:51: error: Function is missing a type annotation  [no-untyped-def]
tests/unit/test_graphdb/test_connector.py:66: error: Function is missing a type annotation  [no-untyped-def]
tests/unit/test_graphdb/test_connector.py:81: error: Function is missing a return type annotation  [no-untyped-def]
tests/unit/test_graphdb/test_connector.py:81: note: Use "-> None" if function does not return a value
tests/unit/test_graphdb/test_connector.py:102: error: Function is missing a type annotation  [no-untyped-def]
tests/unit/test_graphdb/test_connector.py:118: error: Function is missing a type annotation  [no-untyped-def]
tests/unit/test_graphdb/test_connector.py:132: error: Function is missing a type annotation  [no-untyped-def]
tests/unit/test_graphdb/test_connector.py:145: error: Function is missing a type annotation  [no-untyped-def]
tests/unit/test_graphdb/test_connector.py:163: error: Function is missing a type annotation  [no-untyped-def]
tests/unit/test_graphdb/test_connector.py:170: error: Need type annotation for "params_list"  [var-annotated]
tests/unit/test_graphdb/test_connector.py:177: error: Function is missing a type annotation  [no-untyped-def]
tests/unit/test_graphdb/test_connector.py:203: error: Function is missing a type annotation  [no-untyped-def]
tests/unit/test_graphdb/test_connector.py:217: error: Function is missing a type annotation  [no-untyped-def]
tests/unit/test_graphdb/test_connector.py:237: error: Function is missing a type annotation  [no-untyped-def]
tests/unit/test_graphdb/test_connector.py:243: error: Function is missing a return type annotation  [no-untyped-def]
tests/unit/test_graphdb/test_connector.py:243: note: Use "-> None" if function does not return a value
tests/unit/test_cli/test_progress_client.py:11: error: Skipping analyzing "codestory.cli.client": module is installed, but missing library stubs or py.typed marker  [import-untyped]
tests/unit/test_cli/test_progress_client.py:155: error: Function is missing a return type annotation  [no-untyped-def]
tests/unit/test_cli/test_progress_client.py:155: note: Use "-> None" if function does not return a value
tests/unit/test_cli/client/test_progress_client.py:7: error: Skipping analyzing "codestory.cli.client.progress_client": module is installed, but missing library stubs or py.typed marker  [import-untyped]
tests/unit/test_cli/client/test_progress_client.py:13: error: Function is missing a return type annotation  [no-untyped-def]
tests/unit/test_cli/client/test_progress_client.py:13: note: Use "-> None" if function does not return a value
tests/unit/test_cli/client/test_progress_client.py:33: error: Function is missing a return type annotation  [no-untyped-def]
tests/unit/test_cli/client/test_progress_client.py:33: note: Use "-> None" if function does not return a value
tests/unit/test_cli/client/test_progress_client.py:60: error: Function is missing a return type annotation  [no-untyped-def]
tests/unit/test_cli/client/test_progress_client.py:60: note: Use "-> None" if function does not return a value
tests/unit/test_cli/client/test_progress_client.py:113: error: Function is missing a return type annotation  [no-untyped-def]
tests/unit/test_cli/client/test_progress_client.py:113: note: Use "-> None" if function does not return a value
tests/unit/test_cli/client/test_progress_client.py:140: error: Function is missing a return type annotation  [no-untyped-def]
tests/unit/test_cli/client/test_progress_client.py:140: note: Use "-> None" if function does not return a value
tests/integration/conftest.py:16: error: Function is missing a return type annotation  [no-untyped-def]
tests/integration/conftest.py:16: note: Use "-> None" if function does not return a value
tests/integration/conftest.py:66: error: Function is missing a type annotation  [no-untyped-def]
tests/integration/conftest.py:95: error: Function is missing a type annotation  [no-untyped-def]
tests/integration/conftest.py:102: error: Function is missing a type annotation  [no-untyped-def]
tests/integration/conftest.py:128: error: Function is missing a return type annotation  [no-untyped-def]
tests/integration/conftest.py:143: error: Function is missing a return type annotation  [no-untyped-def]
tests/integration/conftest.py:143: note: Use "-> None" if function does not return a value
tests/integration/conftest.py:186: error: Function is missing a return type annotation  [no-untyped-def]
tests/integration/conftest.py:186: note: Use "-> None" if function does not return a value
tests/integration/conftest.py:244: error: Function is missing a return type annotation  [no-untyped-def]
tests/integration/conftest.py:246: error: Skipping analyzing "codestory.graphdb.neo4j_connector": module is installed, but missing library stubs or py.typed marker  [import-untyped]
tests/integration/conftest.py:303: error: Function is missing a return type annotation  [no-untyped-def]
tests/integration/conftest.py:336: error: Function is missing a type annotation  [no-untyped-def]
tests/integration/conftest.py:344: error: Skipping analyzing "codestory.ingestion_pipeline.celery_app": module is installed, but missing library stubs or py.typed marker  [import-untyped]
src/codestory/cli/client/progress_client.py:12: error: Skipping analyzing "codestory.config": module is installed, but missing library stubs or py.typed marker  [import-untyped]
src/codestory/cli/client/progress_client.py:234: error: Skipping analyzing "codestory.cli.client.service_client": module is installed, but missing library stubs or py.typed marker  [import-untyped]
src/codestory/cli/client/progress_client.py:234: note: See https://mypy.readthedocs.io/en/stable/running_mypy.html#missing-imports
tests/unit/test_cli/client/test_service_client.py:10: error: Skipping analyzing "codestory.cli.client.service_client": module is installed, but missing library stubs or py.typed marker  [import-untyped]
tests/unit/test_cli/client/test_service_client.py:16: error: Function is missing a return type annotation  [no-untyped-def]
tests/unit/test_cli/client/test_service_client.py:16: note: Use "-> None" if function does not return a value
tests/unit/test_cli/client/test_service_client.py:26: error: Function is missing a return type annotation  [no-untyped-def]
tests/unit/test_cli/client/test_service_client.py:26: note: Use "-> None" if function does not return a value
tests/unit/test_cli/client/test_service_client.py:44: error: Function is missing a return type annotation  [no-untyped-def]
tests/unit/test_cli/client/test_service_client.py:44: note: Use "-> None" if function does not return a value
tests/unit/test_cli/client/test_service_client.py:66: error: Function is missing a return type annotation  [no-untyped-def]
tests/unit/test_cli/client/test_service_client.py:66: note: Use "-> None" if function does not return a value
tests/unit/test_cli/client/test_service_client.py:81: error: Function is missing a return type annotation  [no-untyped-def]
tests/unit/test_cli/client/test_service_client.py:81: note: Use "-> None" if function does not return a value
tests/unit/test_cli/client/test_service_client.py:105: error: Function is missing a return type annotation  [no-untyped-def]
tests/unit/test_cli/client/test_service_client.py:105: note: Use "-> None" if function does not return a value
tests/unit/test_cli/client/test_service_client.py:135: error: Function is missing a return type annotation  [no-untyped-def]
tests/unit/test_cli/client/test_service_client.py:135: note: Use "-> None" if function does not return a value
tests/unit/test_cli/client/test_service_client.py:161: error: Function is missing a return type annotation  [no-untyped-def]
tests/unit/test_cli/client/test_service_client.py:161: note: Use "-> None" if function does not return a value
tests/unit/test_cli/client/test_service_client.py:185: error: Function is missing a return type annotation  [no-untyped-def]
tests/unit/test_cli/client/test_service_client.py:185: note: Use "-> None" if function does not return a value
tests/unit/test_cli/client/test_service_client.py:209: error: Function is missing a return type annotation  [no-untyped-def]
tests/unit/test_cli/client/test_service_client.py:209: note: Use "-> None" if function does not return a value
tests/unit/test_cli/client/test_service_client.py:233: error: Function is missing a return type annotation  [no-untyped-def]
tests/unit/test_cli/client/test_service_client.py:233: note: Use "-> None" if function does not return a value
tests/integration/test_cli/conftest.py:14: error: Skipping analyzing "codestory.config": module is installed, but missing library stubs or py.typed marker  [import-untyped]
tests/integration/test_cli/conftest.py:28: error: Function is missing a type annotation  [no-untyped-def]
tests/integration/test_cli/conftest.py:37: error: Function is missing a type annotation for one or more arguments  [no-untyped-def]
tests/integration/test_service.py:13: error: Skipping analyzing "codestory_service.main": module is installed, but missing library stubs or py.typed marker  [import-untyped]
tests/integration/test_service.py:17: error: Function is missing a return type annotation  [no-untyped-def]
tests/integration/test_service.py:34: error: Function is missing a type annotation  [no-untyped-def]
tests/integration/test_service.py:45: error: Function is missing a type annotation  [no-untyped-def]
tests/integration/test_service.py:103: error: Function is missing a type annotation  [no-untyped-def]
tests/integration/test_service.py:183: error: Function is missing a type annotation  [no-untyped-def]
tests/integration/test_service.py:266: error: Function is missing a type annotation  [no-untyped-def]
tests/integration/test_service.py:332: error: Function is missing a type annotation  [no-untyped-def]
tests/integration/test_service.py:346: error: Function is missing a type annotation  [no-untyped-def]
tests/integration/test_service.py:380: error: Function is missing a type annotation  [no-untyped-def]
tests/integration/test_mcp.py:9: error: Skipping analyzing "codestory_mcp.server": module is installed, but missing library stubs or py.typed marker  [import-untyped]
tests/integration/test_mcp.py:10: error: Skipping analyzing "codestory_mcp.tools": module is installed, but missing library stubs or py.typed marker  [import-untyped]
tests/integration/test_mcp.py:11: error: Skipping analyzing "codestory_mcp.tools.path_to": module is installed, but missing library stubs or py.typed marker  [import-untyped]
tests/integration/test_mcp.py:12: error: Skipping analyzing "codestory_mcp.tools.search_graph": module is installed, but missing library stubs or py.typed marker  [import-untyped]
tests/integration/test_mcp.py:13: error: Skipping analyzing "codestory_mcp.tools.similar_code": module is installed, but missing library stubs or py.typed marker  [import-untyped]
tests/integration/test_mcp.py:14: error: Skipping analyzing "codestory_mcp.tools.summarize_node": module is installed, but missing library stubs or py.typed marker  [import-untyped]
tests/integration/test_mcp.py:18: error: Function is missing a return type annotation  [no-untyped-def]
tests/integration/test_mcp.py:57: error: Function is missing a type annotation  [no-untyped-def]
tests/integration/test_mcp.py:65: error: Function is missing a type annotation  [no-untyped-def]
tests/integration/test_mcp.py:81: error: Function is missing a type annotation  [no-untyped-def]
tests/integration/test_mcp.py:137: error: Function is missing a type annotation  [no-untyped-def]
tests/integration/test_mcp.py:189: error: Function is missing a type annotation  [no-untyped-def]
tests/integration/test_mcp.py:206: error: Function is missing a type annotation  [no-untyped-def]
tests/integration/test_config_api.py:15: error: Skipping analyzing "codestory.graphdb.neo4j_connector": module is installed, but missing library stubs or py.typed marker  [import-untyped]
tests/integration/test_config_api.py:16: error: Skipping analyzing "codestory.graphdb.schema": module is installed, but missing library stubs or py.typed marker  [import-untyped]
tests/integration/test_config_api.py:17: error: Skipping analyzing "codestory_service.infrastructure.msal_validator": module is installed, but missing library stubs or py.typed marker  [import-untyped]
tests/integration/test_config_api.py:18: error: Skipping analyzing "codestory_service.main": module is installed, but missing library stubs or py.typed marker  [import-untyped]
tests/integration/test_config_api.py:23: error: Function is missing a return type annotation  [no-untyped-def]
tests/integration/test_config_api.py:51: error: Function is missing a type annotation  [no-untyped-def]
tests/integration/test_config_api.py:81: error: Function is missing a return type annotation  [no-untyped-def]
tests/integration/test_config_api.py:92: error: Function is missing a type annotation  [no-untyped-def]
tests/integration/test_config_api.py:140: error: Function is missing a type annotation  [no-untyped-def]
tests/integration/test_ingestion_pipeline/test_cancellation.py:6: error: Skipping analyzing "codestory_service.application.ingestion_service": module is installed, but missing library stubs or py.typed marker  [import-untyped]
tests/integration/test_ingestion_pipeline/test_cancellation.py:7: error: Skipping analyzing "codestory_service.domain.ingestion": module is installed, but missing library stubs or py.typed marker  [import-untyped]
tests/integration/test_ingestion_pipeline/test_cancellation.py:8: error: Skipping analyzing "codestory_service.infrastructure.celery_adapter": module is installed, but missing library stubs or py.typed marker  [import-untyped]
tests/integration/test_ingestion_pipeline/test_cancellation.py:9: error: Skipping analyzing "codestory_service.main": module is installed, but missing library stubs or py.typed marker  [import-untyped]
tests/integration/test_ingestion_pipeline/test_cancellation.py:14: error: Function is missing a return type annotation  [no-untyped-def]
tests/integration/test_ingestion_pipeline/test_cancellation.py:18: error: Function is missing a type annotation  [no-untyped-def]
tests/integration/test_ingestion_pipeline/test_cancellation.py:21: error: Function is missing a return type annotation  [no-untyped-def]
tests/integration/test_ingestion_pipeline/test_cancellation.py:33: error: Function is missing a type annotation  [no-untyped-def]
tests/integration/test_ingestion_pipeline/test_cancellation.py:47: error: Function is missing a type annotation  [no-untyped-def]
tests/integration/test_ingestion_pipeline/test_cancellation.py:60: error: Function is missing a type annotation  [no-untyped-def]
tests/unit/test_settings.py:12: error: Skipping analyzing "codestory.config.settings": module is installed, but missing library stubs or py.typed marker  [import-untyped]
tests/unit/test_settings.py:27: error: Function is missing a return type annotation  [no-untyped-def]
tests/unit/test_settings.py:146: error: Function is missing a return type annotation  [no-untyped-def]
tests/unit/test_settings.py:163: error: Function is missing a return type annotation  [no-untyped-def]
tests/unit/test_settings.py:163: note: Use "-> None" if function does not return a value
tests/unit/test_config_export.py:11: error: Skipping analyzing "codestory.config": module is installed, but missing library stubs or py.typed marker  [import-untyped]
tests/unit/test_config_export.py:17: error: Skipping analyzing "codestory.config.export": module is installed, but missing library stubs or py.typed marker  [import-untyped]
tests/unit/test_config_export.py:21: error: Function is missing a return type annotation  [no-untyped-def]
tests/unit/test_config_export.py:138: error: Function is missing a return type annotation  [no-untyped-def]
tests/unit/test_config_export.py:138: note: Use "-> None" if function does not return a value
tests/unit/test_config_export.py:170: error: Function is missing a type annotation  [no-untyped-def]
tests/unit/test_config_export.py:192: error: Function is missing a type annotation  [no-untyped-def]
tests/unit/test_config_export.py:282: error: Function is missing a type annotation  [no-untyped-def]
tests/unit/test_config_export.py:288: error: Function is missing a type annotation  [no-untyped-def]
tests/unit/test_codestory_service/test_domain_models.py:12: error: Skipping analyzing "codestory.ingestion_pipeline.step": module is installed, but missing library stubs or py.typed marker  [import-untyped]
tests/unit/test_codestory_service/test_domain_models.py:13: error: Skipping analyzing "codestory_service.domain.auth": module is installed, but missing library stubs or py.typed marker  [import-untyped]
tests/unit/test_codestory_service/test_domain_models.py:14: error: Skipping analyzing "codestory_service.domain.config": module is installed, but missing library stubs or py.typed marker  [import-untyped]
tests/unit/test_codestory_service/test_domain_models.py:22: error: Skipping analyzing "codestory_service.domain.graph": module is installed, but missing library stubs or py.typed marker  [import-untyped]
tests/unit/test_codestory_service/test_domain_models.py:27: error: Skipping analyzing "codestory_service.domain.ingestion": module is installed, but missing library stubs or py.typed marker  [import-untyped]
tests/unit/test_codestory_service/test_domain_models.py:39: error: Function is missing a return type annotation  [no-untyped-def]
tests/unit/test_codestory_service/test_domain_models.py:39: note: Use "-> None" if function does not return a value
tests/unit/test_codestory_service/test_domain_models.py:54: error: Function is missing a return type annotation  [no-untyped-def]
tests/unit/test_codestory_service/test_domain_models.py:54: note: Use "-> None" if function does not return a value
tests/unit/test_codestory_service/test_domain_models.py:67: error: Function is missing a return type annotation  [no-untyped-def]
tests/unit/test_codestory_service/test_domain_models.py:67: note: Use "-> None" if function does not return a value
tests/unit/test_codestory_service/test_domain_models.py:86: error: Function is missing a return type annotation  [no-untyped-def]
tests/unit/test_codestory_service/test_domain_models.py:86: note: Use "-> None" if function does not return a value
tests/unit/test_codestory_service/test_domain_models.py:112: error: Function is missing a return type annotation  [no-untyped-def]
tests/unit/test_codestory_service/test_domain_models.py:112: note: Use "-> None" if function does not return a value
tests/unit/test_codestory_service/test_domain_models.py:143: error: Function is missing a return type annotation  [no-untyped-def]
tests/unit/test_codestory_service/test_domain_models.py:143: note: Use "-> None" if function does not return a value
tests/unit/test_codestory_service/test_domain_models.py:164: error: Function is missing a return type annotation  [no-untyped-def]
tests/unit/test_codestory_service/test_domain_models.py:164: note: Use "-> None" if function does not return a value
tests/unit/test_codestory_service/test_domain_models.py:175: error: Function is missing a return type annotation  [no-untyped-def]
tests/unit/test_codestory_service/test_domain_models.py:175: note: Use "-> None" if function does not return a value
tests/unit/test_codestory_service/test_domain_models.py:193: error: Function is missing a return type annotation  [no-untyped-def]
tests/unit/test_codestory_service/test_domain_models.py:193: note: Use "-> None" if function does not return a value
tests/unit/test_codestory_service/test_domain_models.py:209: error: Function is missing a return type annotation  [no-untyped-def]
tests/unit/test_codestory_service/test_domain_models.py:209: note: Use "-> None" if function does not return a value
tests/unit/test_codestory_service/test_domain_models.py:235: error: Function is missing a return type annotation  [no-untyped-def]
tests/unit/test_codestory_service/test_domain_models.py:235: note: Use "-> None" if function does not return a value
tests/unit/test_codestory_service/test_domain_models.py:250: error: Function is missing a return type annotation  [no-untyped-def]
tests/unit/test_codestory_service/test_domain_models.py:250: note: Use "-> None" if function does not return a value
tests/unit/test_cli/test_service_client.py:9: error: Skipping analyzing "codestory.cli.client": module is installed, but missing library stubs or py.typed marker  [import-untyped]
tests/unit/test_cli/test_service_client.py:10: error: Skipping analyzing "codestory.config": module is installed, but missing library stubs or py.typed marker  [import-untyped]
src/codestory_service/domain/ingestion.py:20: error: Skipping analyzing "codestory.ingestion_pipeline.step": module is installed, but missing library stubs or py.typed marker  [import-untyped]
src/codestory/cli/client/service_client.py:14: error: Skipping analyzing "codestory.config": module is installed, but missing library stubs or py.typed marker  [import-untyped]
src/codestory/cli/client/service_client.py:372: error: Incompatible types in assignment (expression has type "list[str]", target has type "str")  [assignment]
tests/unit/conftest.py:11: error: Function is missing a return type annotation  [no-untyped-def]
tests/unit/conftest.py:20: error: Function is missing a type annotation  [no-untyped-def]
tests/unit/conftest.py:34: error: Skipping analyzing "codestory.config": module is installed, but missing library stubs or py.typed marker  [import-untyped]
tests/unit/conftest.py:49: error: Function is missing a return type annotation  [no-untyped-def]
tests/unit/conftest.py:49: note: Use "-> None" if function does not return a value
tests/unit/conftest.py:115: error: Function is missing a return type annotation  [no-untyped-def]
tests/unit/conftest.py:127: error: Function is missing a return type annotation  [no-untyped-def]
tests/unit/conftest.py:129: error: Skipping analyzing "codestory.ingestion_pipeline.celery_app": module is installed, but missing library stubs or py.typed marker  [import-untyped]
tests/unit/test_llm/test_client.py:9: error: Skipping analyzing "codestory.llm.client": module is installed, but missing library stubs or py.typed marker  [import-untyped]
tests/unit/test_llm/test_client.py:10: error: Skipping analyzing "codestory.llm.exceptions": module is installed, but missing library stubs or py.typed marker  [import-untyped]
tests/unit/test_llm/test_client.py:14: error: Skipping analyzing "codestory.llm.models": module is installed, but missing library stubs or py.typed marker  [import-untyped]
tests/unit/test_llm/test_client.py:25: error: Function is missing a return type annotation  [no-untyped-def]
tests/unit/test_llm/test_client.py:36: error: Function is missing a return type annotation  [no-untyped-def]
tests/unit/test_llm/test_client.py:57: error: Function is missing a return type annotation  [no-untyped-def]
tests/unit/test_llm/test_client.py:91: error: Function is missing a type annotation  [no-untyped-def]
tests/unit/test_llm/test_client.py:108: error: Function is missing a type annotation  [no-untyped-def]
tests/unit/test_llm/test_client.py:132: error: Function is missing a type annotation  [no-untyped-def]
tests/unit/test_llm/test_client.py:147: error: Function is missing a type annotation  [no-untyped-def]
tests/unit/test_llm/test_client.py:165: error: Function is missing a type annotation  [no-untyped-def]
tests/unit/test_llm/test_client.py:181: error: Function is missing a type annotation  [no-untyped-def]
tests/unit/test_llm/test_client.py:195: error: Function is missing a type annotation  [no-untyped-def]
tests/unit/test_llm/test_client.py:256: error: Function is missing a type annotation  [no-untyped-def]
tests/unit/test_llm/test_client.py:279: error: Need type annotation for "future"  [var-annotated]
tests/unit/test_llm/test_client.py:320: error: Function is missing a return type annotation  [no-untyped-def]
tests/unit/test_llm/test_client.py:320: note: Use "-> None" if function does not return a value
tests/unit/test_llm/test_client.py:347: error: Function is missing a return type annotation  [no-untyped-def]
tests/unit/test_llm/test_client.py:347: note: Use "-> None" if function does not return a value
tests/unit/test_llm/test_client.py:362: error: Function is missing a type annotation  [no-untyped-def]
tests/unit/test_llm/test_client.py:405: error: Function is missing a type annotation  [no-untyped-def]
tests/unit/test_llm/test_client.py:458: error: Function is missing a type annotation  [no-untyped-def]
tests/unit/test_llm/test_client.py:488: error: Function is missing a return type annotation  [no-untyped-def]
tests/unit/test_llm/test_client.py:522: error: Function is missing a type annotation  [no-untyped-def]
tests/unit/test_llm/test_client.py:542: error: Need type annotation for "future"  [var-annotated]
tests/unit/test_llm/test_client.py:563: error: Function is missing a type annotation  [no-untyped-def]
tests/unit/test_llm/test_client.py:587: error: Function is missing a return type annotation  [no-untyped-def]
tests/unit/test_llm/test_client.py:587: note: Use "-> None" if function does not return a value
tests/unit/test_llm/test_backoff.py:8: error: Skipping analyzing "codestory.llm.backoff": module is installed, but missing library stubs or py.typed marker  [import-untyped]
tests/unit/test_llm/test_backoff.py:14: error: Skipping analyzing "codestory.llm.exceptions": module is installed, but missing library stubs or py.typed marker  [import-untyped]
tests/unit/test_llm/test_backoff.py:20: error: Skipping analyzing "codestory.llm.metrics": module is installed, but missing library stubs or py.typed marker  [import-untyped]
tests/unit/test_llm/test_backoff.py:25: error: Function is missing a return type annotation  [no-untyped-def]
tests/unit/test_llm/test_backoff.py:46: error: Function is missing a return type annotation  [no-untyped-def]
tests/unit/test_llm/test_backoff.py:46: note: Use "-> None" if function does not return a value
tests/unit/test_llm/test_backoff.py:69: error: Function is missing a return type annotation  [no-untyped-def]
tests/unit/test_llm/test_backoff.py:69: note: Use "-> None" if function does not return a value
tests/unit/test_llm/test_backoff.py:94: error: Function is missing a return type annotation  [no-untyped-def]
tests/unit/test_llm/test_backoff.py:138: error: Function is missing a return type annotation  [no-untyped-def]
tests/unit/test_llm/test_backoff.py:144: error: Function is missing a return type annotation  [no-untyped-def]
tests/unit/test_llm/test_backoff.py:144: note: Use "-> None" if function does not return a value
tests/unit/test_llm/test_backoff.py:156: error: Function is missing a return type annotation  [no-untyped-def]
tests/unit/test_llm/test_backoff.py:162: error: Function is missing a return type annotation  [no-untyped-def]
tests/unit/test_llm/test_backoff.py:162: note: Use "-> None" if function does not return a value
tests/unit/test_llm/test_backoff.py:172: error: Function is missing a return type annotation  [no-untyped-def]
tests/unit/test_llm/test_backoff.py:180: error: Function is missing a return type annotation  [no-untyped-def]
tests/unit/test_llm/test_backoff.py:180: note: Use "-> None" if function does not return a value
tests/unit/test_llm/test_backoff.py:185: error: Function is missing a return type annotation  [no-untyped-def]
tests/unit/test_llm/test_backoff.py:185: note: Use "-> None" if function does not return a value
tests/unit/test_llm/test_backoff.py:205: error: Function is missing a return type annotation  [no-untyped-def]
tests/unit/test_llm/test_backoff.py:211: error: Function is missing a return type annotation  [no-untyped-def]
tests/unit/test_llm/test_backoff.py:211: note: Use "-> None" if function does not return a value
tests/unit/test_llm/test_backoff.py:225: error: Function is missing a return type annotation  [no-untyped-def]
tests/unit/test_llm/test_backoff.py:232: error: Function is missing a return type annotation  [no-untyped-def]
tests/unit/test_llm/test_backoff.py:232: note: Use "-> None" if function does not return a value
tests/unit/test_llm/test_backoff.py:236: error: "RateLimitError" has no attribute "headers"  [attr-defined]
tests/unit/test_llm/test_backoff.py:249: error: Function is missing a return type annotation  [no-untyped-def]
src/codestory_summarizer/dependency_analyzer.py:9: error: Skipping analyzing "codestory.graphdb.neo4j_connector": module is installed, but missing library stubs or py.typed marker  [import-untyped]
src/codestory_summarizer/utils/content_extractor.py:10: error: Skipping analyzing "codestory.graphdb.neo4j_connector": module is installed, but missing library stubs or py.typed marker  [import-untyped]
src/codestory_docgrapher/entity_linker.py:12: error: Skipping analyzing "codestory.graphdb.neo4j_connector": module is installed, but missing library stubs or py.typed marker  [import-untyped]
src/codestory_docgrapher/document_finder.py:14: error: Skipping analyzing "codestory.graphdb.neo4j_connector": module is installed, but missing library stubs or py.typed marker  [import-untyped]
src/codestory_docgrapher/utils/content_analyzer.py:12: error: Skipping analyzing "codestory.llm.client": module is installed, but missing library stubs or py.typed marker  [import-untyped]
src/codestory_docgrapher/utils/content_analyzer.py:13: error: Skipping analyzing "codestory.llm.models": module is installed, but missing library stubs or py.typed marker  [import-untyped]
src/codestory_docgrapher/knowledge_graph.py:12: error: Skipping analyzing "codestory.graphdb.neo4j_connector": module is installed, but missing library stubs or py.typed marker  [import-untyped]
src/codestory_summarizer/step.py:15: error: Skipping analyzing "celery": module is installed, but missing library stubs or py.typed marker  [import-untyped]
src/codestory_summarizer/step.py:17: error: Skipping analyzing "codestory.config.settings": module is installed, but missing library stubs or py.typed marker  [import-untyped]
src/codestory_summarizer/step.py:18: error: Skipping analyzing "codestory.graphdb.neo4j_connector": module is installed, but missing library stubs or py.typed marker  [import-untyped]
src/codestory_summarizer/step.py:19: error: Skipping analyzing "codestory.ingestion_pipeline.step": module is installed, but missing library stubs or py.typed marker  [import-untyped]
src/codestory_summarizer/step.py:20: error: Skipping analyzing "codestory.llm.client": module is installed, but missing library stubs or py.typed marker  [import-untyped]
src/codestory_summarizer/step.py:21: error: Skipping analyzing "codestory.llm.models": module is installed, but missing library stubs or py.typed marker  [import-untyped]
src/codestory_summarizer/step.py:118: error: Skipping analyzing "celery.result": module is installed, but missing library stubs or py.typed marker  [import-untyped]
src/codestory_summarizer/step.py:207: error: Skipping analyzing "celery.task.control": module is installed, but missing library stubs or py.typed marker  [import-untyped]
src/codestory/cli/commands/service.py:702: error: Skipping analyzing "codestory.config.settings": module is installed, but missing library stubs or py.typed marker  [import-untyped]
src/codestory/cli/commands/ingest.py:717: error: Statement is unreachable  [unreachable]
src/codestory/cli/commands/ingest.py:999: error: Skipping analyzing "codestory.ingestion_pipeline.step": module is installed, but missing library stubs or py.typed marker  [import-untyped]
src/codestory_service/settings.py:13: error: Skipping analyzing "codestory.config.settings": module is installed, but missing library stubs or py.typed marker  [import-untyped]
src/codestory_docgrapher/step.py:13: error: Skipping analyzing "celery": module is installed, but missing library stubs or py.typed marker  [import-untyped]
src/codestory_docgrapher/step.py:15: error: Skipping analyzing "codestory.config.settings": module is installed, but missing library stubs or py.typed marker  [import-untyped]
src/codestory_docgrapher/step.py:16: error: Skipping analyzing "codestory.graphdb.neo4j_connector": module is installed, but missing library stubs or py.typed marker  [import-untyped]
src/codestory_docgrapher/step.py:17: error: Skipping analyzing "codestory.ingestion_pipeline.step": module is installed, but missing library stubs or py.typed marker  [import-untyped]
src/codestory_docgrapher/step.py:112: error: Skipping analyzing "celery.result": module is installed, but missing library stubs or py.typed marker  [import-untyped]
src/codestory_docgrapher/step.py:201: error: Skipping analyzing "celery.task.control": module is installed, but missing library stubs or py.typed marker  [import-untyped]
src/codestory/cli/main.py:8: error: Skipping analyzing "click_didyoumean": module is installed, but missing library stubs or py.typed marker  [import-untyped]
src/codestory/cli/main.py:29: error: Skipping analyzing "codestory.config": module is installed, but missing library stubs or py.typed marker  [import-untyped]
src/codestory/ingestion_pipeline/celery_app.py:9: error: Skipping analyzing "celery": module is installed, but missing library stubs or py.typed marker  [import-untyped]
src/codestory/ingestion_pipeline/celery_app.py:34: error: Skipping analyzing "kombu": module is installed, but missing library stubs or py.typed marker  [import-untyped]
tests/unit/test_codestory_service/test_infrastructure.py:11: error: Skipping analyzing "codestory.graphdb.exceptions": module is installed, but missing library stubs or py.typed marker  [import-untyped]
tests/unit/test_codestory_service/test_infrastructure.py:12: error: Skipping analyzing "codestory.graphdb.neo4j_connector": module is installed, but missing library stubs or py.typed marker  [import-untyped]
tests/unit/test_codestory_service/test_infrastructure.py:13: error: Skipping analyzing "codestory.llm.exceptions": module is installed, but missing library stubs or py.typed marker  [import-untyped]
tests/unit/test_codestory_service/test_infrastructure.py:14: error: Skipping analyzing "codestory_service.domain.graph": module is installed, but missing library stubs or py.typed marker  [import-untyped]
tests/unit/test_codestory_service/test_infrastructure.py:15: error: Skipping analyzing "codestory_service.domain.ingestion": module is installed, but missing library stubs or py.typed marker  [import-untyped]
tests/unit/test_codestory_service/test_infrastructure.py:16: error: Skipping analyzing "codestory_service.infrastructure.celery_adapter": module is installed, but missing library stubs or py.typed marker  [import-untyped]
tests/unit/test_codestory_service/test_infrastructure.py:17: error: Skipping analyzing "codestory_service.infrastructure.msal_validator": module is installed, but missing library stubs or py.typed marker  [import-untyped]
tests/unit/test_codestory_service/test_infrastructure.py:18: error: Skipping analyzing "codestory_service.infrastructure.neo4j_adapter": module is installed, but missing library stubs or py.typed marker  [import-untyped]
tests/unit/test_codestory_service/test_infrastructure.py:19: error: Skipping analyzing "codestory_service.infrastructure.openai_adapter": module is installed, but missing library stubs or py.typed marker  [import-untyped]
tests/unit/test_codestory_service/test_infrastructure.py:26: error: Function is missing a return type annotation  [no-untyped-def]
tests/unit/test_codestory_service/test_infrastructure.py:38: error: Function is missing a type annotation  [no-untyped-def]
tests/unit/test_codestory_service/test_infrastructure.py:43: error: Function is missing a type annotation  [no-untyped-def]
tests/unit/test_codestory_service/test_infrastructure.py:50: error: Function is missing a type annotation  [no-untyped-def]
tests/unit/test_codestory_service/test_infrastructure.py:60: error: Function is missing a type annotation  [no-untyped-def]
tests/unit/test_codestory_service/test_infrastructure.py:76: error: Function is missing a type annotation  [no-untyped-def]
tests/unit/test_codestory_service/test_infrastructure.py:93: error: Function is missing a return type annotation  [no-untyped-def]
tests/unit/test_codestory_service/test_infrastructure.py:104: error: Skipping analyzing "codestory.llm.models": module is installed, but missing library stubs or py.typed marker  [import-untyped]
tests/unit/test_codestory_service/test_infrastructure.py:124: error: Function is missing a return type annotation  [no-untyped-def]
tests/unit/test_codestory_service/test_infrastructure.py:134: error: Function is missing a type annotation  [no-untyped-def]
tests/unit/test_codestory_service/test_infrastructure.py:150: error: Function is missing a type annotation  [no-untyped-def]
tests/unit/test_codestory_service/test_infrastructure.py:167: error: Function is missing a type annotation  [no-untyped-def]
tests/unit/test_codestory_service/test_infrastructure.py:172: error: Function is missing a type annotation  [no-untyped-def]
tests/unit/test_codestory_service/test_infrastructure.py:179: error: Function is missing a type annotation  [no-untyped-def]
tests/unit/test_codestory_service/test_infrastructure.py:195: error: Function is missing a type annotation  [no-untyped-def]
tests/unit/test_codestory_service/test_infrastructure.py:205: error: Function is missing a return type annotation  [no-untyped-def]
tests/unit/test_codestory_service/test_infrastructure.py:205: note: Use "-> None" if function does not return a value
tests/unit/test_codestory_service/test_infrastructure.py:241: error: Function is missing a type annotation  [no-untyped-def]
tests/unit/test_codestory_service/test_infrastructure.py:252: error: Function is missing a return type annotation  [no-untyped-def]
tests/unit/test_codestory_service/test_infrastructure.py:252: note: Use "-> None" if function does not return a value
tests/unit/test_codestory_service/test_infrastructure.py:283: error: Function is missing a type annotation  [no-untyped-def]
tests/unit/test_codestory_service/test_infrastructure.py:297: error: Function is missing a return type annotation  [no-untyped-def]
tests/unit/test_codestory_service/test_infrastructure.py:297: note: Use "-> None" if function does not return a value
tests/unit/test_codestory_service/test_infrastructure.py:328: error: Function is missing a type annotation  [no-untyped-def]
tests/unit/test_codestory_service/test_infrastructure.py:337: error: Function is missing a type annotation  [no-untyped-def]
tests/unit/test_codestory_service/test_infrastructure.py:356: error: Function is missing a return type annotation  [no-untyped-def]
tests/unit/test_codestory_service/test_infrastructure.py:379: error: Function is missing a type annotation  [no-untyped-def]
tests/unit/test_codestory_service/test_infrastructure.py:390: error: Function is missing a type annotation  [no-untyped-def]
tests/unit/test_codestory_service/test_infrastructure.py:397: error: Function is missing a type annotation  [no-untyped-def]
tests/unit/test_codestory_service/test_infrastructure.py:410: error: Function is missing a type annotation  [no-untyped-def]
tests/unit/test_codestory_service/test_infrastructure.py:419: error: Function is missing a type annotation  [no-untyped-def]
tests/unit/test_codestory_service/test_infrastructure.py:431: error: Function is missing a type annotation  [no-untyped-def]
tests/unit/test_codestory_service/test_infrastructure.py:509: error: Function is missing a return type annotation  [no-untyped-def]
tests/unit/test_codestory_service/test_infrastructure.py:528: error: Function is missing a type annotation  [no-untyped-def]
tests/unit/test_codestory_service/test_infrastructure.py:537: error: Function is missing a type annotation  [no-untyped-def]
tests/unit/test_codestory_service/test_clear_database.py:9: error: Skipping analyzing "codestory_service.application.graph_service": module is installed, but missing library stubs or py.typed marker  [import-untyped]
tests/unit/test_codestory_service/test_clear_database.py:10: error: Skipping analyzing "codestory_service.domain.graph": module is installed, but missing library stubs or py.typed marker  [import-untyped]
tests/unit/test_codestory_service/test_clear_database.py:11: error: Skipping analyzing "codestory_service.main": module is installed, but missing library stubs or py.typed marker  [import-untyped]
tests/unit/test_codestory_service/test_clear_database.py:15: error: Function is missing a return type annotation  [no-untyped-def]
tests/unit/test_codestory_service/test_clear_database.py:30: error: Function is missing a type annotation  [no-untyped-def]
tests/unit/test_codestory_service/test_clear_database.py:36: error: Function is missing a return type annotation  [no-untyped-def]
tests/unit/test_codestory_service/test_clear_database.py:40: error: Function is missing a return type annotation  [no-untyped-def]
tests/unit/test_codestory_service/test_clear_database.py:45: error: Skipping analyzing "codestory_service.infrastructure.msal_validator": module is installed, but missing library stubs or py.typed marker  [import-untyped]
tests/unit/test_codestory_service/test_clear_database.py:58: error: Function is missing a type annotation  [no-untyped-def]
tests/unit/test_codestory_service/test_clear_database.py:80: error: Function is missing a type annotation  [no-untyped-def]
tests/unit/test_codestory_service/test_clear_database.py:97: error: Function is missing a type annotation  [no-untyped-def]
tests/unit/test_codestory_service/test_application.py:12: error: Skipping analyzing "codestory_service.application.auth_service": module is installed, but missing library stubs or py.typed marker  [import-untyped]
tests/unit/test_codestory_service/test_application.py:13: error: Skipping analyzing "codestory_service.application.config_service": module is installed, but missing library stubs or py.typed marker  [import-untyped]
tests/unit/test_codestory_service/test_application.py:14: error: Skipping analyzing "codestory_service.application.graph_service": module is installed, but missing library stubs or py.typed marker  [import-untyped]
tests/unit/test_codestory_service/test_application.py:15: error: Skipping analyzing "codestory_service.application.ingestion_service": module is installed, but missing library stubs or py.typed marker  [import-untyped]
tests/unit/test_codestory_service/test_application.py:16: error: Skipping analyzing "codestory_service.domain.auth": module is installed, but missing library stubs or py.typed marker  [import-untyped]
tests/unit/test_codestory_service/test_application.py:17: error: Skipping analyzing "codestory_service.domain.config": module is installed, but missing library stubs or py.typed marker  [import-untyped]
tests/unit/test_codestory_service/test_application.py:18: error: Skipping analyzing "codestory_service.domain.graph": module is installed, but missing library stubs or py.typed marker  [import-untyped]
tests/unit/test_codestory_service/test_application.py:24: error: Skipping analyzing "codestory_service.domain.ingestion": module is installed, but missing library stubs or py.typed marker  [import-untyped]
tests/unit/test_codestory_service/test_application.py:35: error: Function is missing a return type annotation  [no-untyped-def]
tests/unit/test_codestory_service/test_application.py:42: error: Function is missing a type annotation  [no-untyped-def]
tests/unit/test_codestory_service/test_application.py:51: error: Function is missing a type annotation  [no-untyped-def]
tests/unit/test_codestory_service/test_application.py:63: error: Function is missing a type annotation  [no-untyped-def]
tests/unit/test_codestory_service/test_application.py:74: error: Function is missing a type annotation  [no-untyped-def]
tests/unit/test_codestory_service/test_application.py:86: error: Function is missing a type annotation  [no-untyped-def]
tests/unit/test_codestory_service/test_application.py:108: error: Function is missing a return type annotation  [no-untyped-def]
tests/unit/test_codestory_service/test_application.py:117: error: Function is missing a type annotation  [no-untyped-def]
tests/unit/test_codestory_service/test_application.py:137: error: Function is missing a type annotation  [no-untyped-def]
tests/unit/test_codestory_service/test_application.py:187: error: Function is missing a type annotation  [no-untyped-def]
tests/unit/test_codestory_service/test_application.py:261: error: Function is missing a return type annotation  [no-untyped-def]
tests/unit/test_codestory_service/test_application.py:270: error: Function is missing a return type annotation  [no-untyped-def]
tests/unit/test_codestory_service/test_application.py:277: error: Function is missing a type annotation  [no-untyped-def]
tests/unit/test_codestory_service/test_application.py:282: error: Function is missing a type annotation  [no-untyped-def]
tests/unit/test_codestory_service/test_application.py:297: error: Function is missing a type annotation  [no-untyped-def]
tests/unit/test_codestory_service/test_application.py:307: error: Function is missing a type annotation  [no-untyped-def]
tests/unit/test_codestory_service/test_application.py:352: error: Function is missing a return type annotation  [no-untyped-def]
tests/unit/test_codestory_service/test_application.py:364: error: Function is missing a type annotation  [no-untyped-def]
tests/unit/test_codestory_service/test_application.py:372: error: Function is missing a type annotation  [no-untyped-def]
tests/unit/test_codestory_service/test_application.py:395: error: Function is missing a type annotation  [no-untyped-def]
tests/unit/test_codestory_service/test_application.py:405: error: Function is missing a type annotation  [no-untyped-def]
tests/unit/test_codestory_service/test_application.py:410: error: Function is missing a type annotation  [no-untyped-def]
tests/unit/test_codestory_service/test_api.py:12: error: Skipping analyzing "codestory_service.api": module is installed, but missing library stubs or py.typed marker  [import-untyped]
tests/unit/test_codestory_service/test_api.py:13: error: Skipping analyzing "codestory_service.domain.auth": module is installed, but missing library stubs or py.typed marker  [import-untyped]
tests/unit/test_codestory_service/test_api.py:14: error: Skipping analyzing "codestory_service.domain.graph": module is installed, but missing library stubs or py.typed marker  [import-untyped]
tests/unit/test_codestory_service/test_api.py:19: error: Skipping analyzing "codestory_service.domain.ingestion": module is installed, but missing library stubs or py.typed marker  [import-untyped]
tests/unit/test_codestory_service/test_api.py:30: error: Function is missing a return type annotation  [no-untyped-def]
tests/unit/test_codestory_service/test_api.py:45: error: Function is missing a type annotation  [no-untyped-def]
tests/unit/test_codestory_service/test_api.py:68: error: Function is missing a type annotation  [no-untyped-def]
tests/unit/test_codestory_service/test_api.py:82: error: Function is missing a type annotation  [no-untyped-def]
tests/unit/test_codestory_service/test_api.py:104: error: Function is missing a return type annotation  [no-untyped-def]
tests/unit/test_codestory_service/test_api.py:116: error: Function is missing a type annotation  [no-untyped-def]
tests/unit/test_codestory_service/test_api.py:137: error: Function is missing a type annotation  [no-untyped-def]
tests/unit/test_codestory_service/test_api.py:158: error: Function is missing a type annotation  [no-untyped-def]
tests/unit/test_codestory_service/test_api.py:178: error: Function is missing a return type annotation  [no-untyped-def]
tests/unit/test_codestory_service/test_api.py:180: error: Skipping analyzing "codestory_service.domain.config": module is installed, but missing library stubs or py.typed marker  [import-untyped]
tests/unit/test_codestory_service/test_api.py:222: error: Function is missing a type annotation  [no-untyped-def]
tests/unit/test_codestory_service/test_api.py:240: error: Function is missing a type annotation  [no-untyped-def]
tests/unit/test_codestory_service/test_api.py:260: error: Function is missing a type annotation  [no-untyped-def]
tests/unit/test_codestory_service/test_api.py:286: error: Function is missing a return type annotation  [no-untyped-def]
tests/unit/test_codestory_service/test_api.py:301: error: Function is missing a type annotation  [no-untyped-def]
tests/unit/test_codestory_service/test_api.py:318: error: Function is missing a type annotation  [no-untyped-def]
tests/unit/test_codestory_service/test_api.py:346: error: Function is missing a return type annotation  [no-untyped-def]
tests/unit/test_codestory_service/test_api.py:353: error: Function is missing a return type annotation  [no-untyped-def]
tests/unit/test_codestory_service/test_api.py:358: error: Function is missing a type annotation  [no-untyped-def]
tests/unit/test_codestory_service/test_api.py:387: error: Function is missing a type annotation  [no-untyped-def]
tests/unit/test_codestory_service/test_api.py:420: error: Function is missing a type annotation  [no-untyped-def]
tests/unit/test_codestory_service/test_api.py:449: error: Function is missing a return type annotation  [no-untyped-def]
tests/unit/test_codestory_service/test_api.py:472: error: Function is missing a type annotation  [no-untyped-def]
tests/unit/test_codestory_service/test_api.py:478: error: Function is missing a return type annotation  [no-untyped-def]
tests/unit/test_codestory_service/test_api.py:481: error: Function is missing a type annotation  [no-untyped-def]
tests/unit/test_codestory_service/test_api.py:484: error: Function is missing a return type annotation  [no-untyped-def]
tests/unit/test_codestory_service/test_api.py:484: note: Use "-> None" if function does not return a value
tests/unit/test_codestory_service/test_api.py:491: error: Function is missing a type annotation  [no-untyped-def]
tests/unit/test_codestory_service/test_api.py:513: error: Function is missing a type annotation  [no-untyped-def]
tests/unit/test_codestory_service/test_api.py:519: error: Function is missing a return type annotation  [no-untyped-def]
tests/unit/test_codestory_service/test_api.py:522: error: Function is missing a type annotation  [no-untyped-def]
tests/unit/test_codestory_service/test_api.py:525: error: Function is missing a return type annotation  [no-untyped-def]
tests/unit/test_codestory_service/test_api.py:525: note: Use "-> None" if function does not return a value
tests/unit/test_codestory_service/test_api.py:532: error: Function is missing a type annotation  [no-untyped-def]
tests/unit/test_codestory_service/test_api.py:554: error: Function is missing a type annotation  [no-untyped-def]
tests/unit/test_codestory_service/test_api.py:560: error: Function is missing a return type annotation  [no-untyped-def]
tests/unit/test_codestory_service/test_api.py:563: error: Function is missing a type annotation  [no-untyped-def]
tests/unit/test_codestory_service/test_api.py:566: error: Function is missing a return type annotation  [no-untyped-def]
tests/unit/test_codestory_service/test_api.py:566: note: Use "-> None" if function does not return a value
tests/unit/test_codestory_service/test_api.py:573: error: Function is missing a type annotation  [no-untyped-def]
tests/unit/test_codestory_service/test_api.py:595: error: Function is missing a type annotation  [no-untyped-def]
tests/unit/test_codestory_service/test_api.py:601: error: Function is missing a return type annotation  [no-untyped-def]
tests/unit/test_codestory_service/test_api.py:604: error: Function is missing a type annotation  [no-untyped-def]
tests/unit/test_codestory_service/test_api.py:607: error: Function is missing a return type annotation  [no-untyped-def]
tests/unit/test_codestory_service/test_api.py:607: note: Use "-> None" if function does not return a value
tests/unit/test_codestory_service/test_api.py:614: error: Function is missing a type annotation  [no-untyped-def]
tests/unit/test_codestory_service/test_api.py:651: error: Function is missing a type annotation  [no-untyped-def]
tests/unit/test_codestory_service/test_api.py:657: error: Function is missing a return type annotation  [no-untyped-def]
tests/unit/test_codestory_service/test_api.py:660: error: Function is missing a type annotation  [no-untyped-def]
tests/unit/test_codestory_service/test_api.py:663: error: Function is missing a return type annotation  [no-untyped-def]
tests/unit/test_codestory_service/test_api.py:663: note: Use "-> None" if function does not return a value
tests/unit/test_codestory_service/test_api.py:670: error: Function is missing a type annotation  [no-untyped-def]
tests/unit/test_codestory_service/test_api.py:710: error: Function is missing a type annotation  [no-untyped-def]
tests/unit/test_codestory_service/test_api.py:716: error: Function is missing a return type annotation  [no-untyped-def]
tests/unit/test_codestory_service/test_api.py:719: error: Function is missing a type annotation  [no-untyped-def]
tests/unit/test_codestory_service/test_api.py:722: error: Function is missing a return type annotation  [no-untyped-def]
tests/unit/test_codestory_service/test_api.py:722: note: Use "-> None" if function does not return a value
tests/unit/test_codestory_service/test_api.py:732: error: Function is missing a type annotation  [no-untyped-def]
tests/unit/test_codestory_mcp/test_tools.py:9: error: Skipping analyzing "codestory_mcp.tools": module is installed, but missing library stubs or py.typed marker  [import-untyped]
tests/unit/test_codestory_mcp/test_tools.py:10: error: Skipping analyzing "codestory_mcp.tools.base": module is installed, but missing library stubs or py.typed marker  [import-untyped]
tests/unit/test_codestory_mcp/test_tools.py:11: error: Skipping analyzing "codestory_mcp.tools.path_to": module is installed, but missing library stubs or py.typed marker  [import-untyped]
tests/unit/test_codestory_mcp/test_tools.py:12: error: Skipping analyzing "codestory_mcp.tools.search_graph": module is installed, but missing library stubs or py.typed marker  [import-untyped]
tests/unit/test_codestory_mcp/test_tools.py:13: error: Skipping analyzing "codestory_mcp.tools.similar_code": module is installed, but missing library stubs or py.typed marker  [import-untyped]
tests/unit/test_codestory_mcp/test_tools.py:14: error: Skipping analyzing "codestory_mcp.tools.summarize_node": module is installed, but missing library stubs or py.typed marker  [import-untyped]
tests/unit/test_codestory_mcp/test_tools.py:20: error: Function is missing a return type annotation  [no-untyped-def]
tests/unit/test_codestory_mcp/test_tools.py:29: error: Function is missing a type annotation  [no-untyped-def]
tests/unit/test_codestory_mcp/test_tools.py:39: error: Function is missing a return type annotation  [no-untyped-def]
tests/unit/test_codestory_mcp/test_tools.py:39: note: Use "-> None" if function does not return a value
tests/unit/test_codestory_mcp/test_tools.py:44: error: Function is missing a return type annotation  [no-untyped-def]
tests/unit/test_codestory_mcp/test_tools.py:53: error: Function is missing a type annotation  [no-untyped-def]
tests/unit/test_codestory_mcp/test_tools.py:61: error: Function is missing a type annotation  [no-untyped-def]
tests/unit/test_codestory_mcp/test_tools.py:80: error: Function is missing a return type annotation  [no-untyped-def]
tests/unit/test_codestory_mcp/test_tools.py:88: error: Function is missing a return type annotation  [no-untyped-def]
tests/unit/test_codestory_mcp/test_tools.py:96: error: Function is missing a type annotation  [no-untyped-def]
tests/unit/test_codestory_mcp/test_tools.py:100: error: Function is missing a type annotation  [no-untyped-def]
tests/unit/test_codestory_mcp/test_tools.py:108: error: Function is missing a type annotation  [no-untyped-def]
tests/unit/test_codestory_mcp/test_tools.py:117: error: Function is missing a type annotation  [no-untyped-def]
tests/unit/test_codestory_mcp/test_tools.py:126: error: Function is missing a type annotation  [no-untyped-def]
tests/unit/test_codestory_mcp/test_tools.py:134: error: Function is missing a type annotation  [no-untyped-def]
tests/unit/test_codestory_mcp/test_tools.py:137: error: Function is missing a type annotation  [no-untyped-def]
tests/unit/test_codestory_mcp/test_tools.py:146: error: Need type annotation for "future"  [var-annotated]
tests/unit/test_codestory_mcp/test_tools.py:171: error: Function is missing a type annotation  [no-untyped-def]
tests/unit/test_codestory_mcp/test_tools.py:174: error: Need type annotation for "future"  [var-annotated]
tests/unit/test_codestory_mcp/test_tools.py:191: error: Function is missing a return type annotation  [no-untyped-def]
tests/unit/test_codestory_mcp/test_tools.py:199: error: Function is missing a return type annotation  [no-untyped-def]
tests/unit/test_codestory_mcp/test_tools.py:209: error: Function is missing a return type annotation  [no-untyped-def]
tests/unit/test_codestory_mcp/test_tools.py:217: error: Function is missing a type annotation  [no-untyped-def]
tests/unit/test_codestory_mcp/test_tools.py:221: error: Function is missing a type annotation  [no-untyped-def]
tests/unit/test_codestory_mcp/test_tools.py:230: error: Function is missing a type annotation  [no-untyped-def]
tests/unit/test_codestory_mcp/test_tools.py:239: error: Function is missing a type annotation  [no-untyped-def]
tests/unit/test_codestory_mcp/test_tools.py:248: error: Need type annotation for "future"  [var-annotated]
tests/unit/test_codestory_mcp/test_tools.py:261: error: Function is missing a type annotation  [no-untyped-def]
tests/unit/test_codestory_mcp/test_tools.py:276: error: Need type annotation for "find_node_future"  [var-annotated]
tests/unit/test_codestory_mcp/test_tools.py:280: error: Need type annotation for "summary_future"  [var-annotated]
tests/unit/test_codestory_mcp/test_tools.py:304: error: Function is missing a return type annotation  [no-untyped-def]
tests/unit/test_codestory_mcp/test_tools.py:312: error: Function is missing a return type annotation  [no-untyped-def]
tests/unit/test_codestory_mcp/test_tools.py:320: error: Function is missing a return type annotation  [no-untyped-def]
tests/unit/test_codestory_mcp/test_tools.py:328: error: Function is missing a type annotation  [no-untyped-def]
tests/unit/test_codestory_mcp/test_tools.py:333: error: Function is missing a type annotation  [no-untyped-def]
tests/unit/test_codestory_mcp/test_tools.py:342: error: Function is missing a type annotation  [no-untyped-def]
tests/unit/test_codestory_mcp/test_tools.py:351: error: Function is missing a type annotation  [no-untyped-def]
tests/unit/test_codestory_mcp/test_tools.py:360: error: Function is missing a type annotation  [no-untyped-def]
tests/unit/test_codestory_mcp/test_tools.py:368: error: Function is missing a type annotation  [no-untyped-def]
tests/unit/test_codestory_mcp/test_tools.py:371: error: Function is missing a type annotation  [no-untyped-def]
tests/unit/test_codestory_mcp/test_tools.py:387: error: Function is missing a type annotation  [no-untyped-def]
tests/unit/test_codestory_mcp/test_tools.py:390: error: Function is missing a type annotation  [no-untyped-def]
tests/unit/test_codestory_mcp/test_tools.py:403: error: Function is missing a type annotation  [no-untyped-def]
tests/unit/test_codestory_mcp/test_tools.py:406: error: Function is missing a type annotation  [no-untyped-def]
tests/unit/test_codestory_mcp/test_tools.py:415: error: Need type annotation for "paths_future"  [var-annotated]
tests/unit/test_codestory_mcp/test_tools.py:419: error: Need type annotation for "explanation_future"  [var-annotated]
tests/unit/test_codestory_mcp/test_tools.py:455: error: Function is missing a return type annotation  [no-untyped-def]
tests/unit/test_codestory_mcp/test_tools.py:463: error: Function is missing a return type annotation  [no-untyped-def]
tests/unit/test_codestory_mcp/test_tools.py:471: error: Function is missing a type annotation  [no-untyped-def]
tests/unit/test_codestory_mcp/test_tools.py:476: error: Function is missing a type annotation  [no-untyped-def]
tests/unit/test_codestory_mcp/test_tools.py:485: error: Function is missing a type annotation  [no-untyped-def]
tests/unit/test_codestory_mcp/test_tools.py:494: error: Function is missing a type annotation  [no-untyped-def]
tests/unit/test_codestory_mcp/test_tools.py:517: error: Need type annotation for "future"  [var-annotated]
tests/unit/test_codestory_mcp/test_server.py:9: error: Skipping analyzing "codestory_mcp.server": module is installed, but missing library stubs or py.typed marker  [import-untyped]
tests/unit/test_codestory_mcp/test_server.py:10: error: Skipping analyzing "codestory_mcp.tools.base": module is installed, but missing library stubs or py.typed marker  [import-untyped]
tests/unit/test_codestory_mcp/test_server.py:14: error: Function is missing a return type annotation  [no-untyped-def]
tests/unit/test_codestory_mcp/test_server.py:31: error: Function is missing a return type annotation  [no-untyped-def]
tests/unit/test_codestory_mcp/test_server.py:40: error: Function is missing a return type annotation  [no-untyped-def]
tests/unit/test_codestory_mcp/test_server.py:49: error: Function is missing a return type annotation  [no-untyped-def]
tests/unit/test_codestory_mcp/test_server.py:60: error: Function is missing a type annotation  [no-untyped-def]
tests/unit/test_codestory_mcp/test_server.py:79: error: Function is missing a type annotation  [no-untyped-def]
tests/unit/test_codestory_mcp/test_server.py:99: error: Function is missing a type annotation  [no-untyped-def]
tests/unit/test_codestory_mcp/test_server.py:109: error: Need type annotation for "future"  [var-annotated]
tests/unit/test_codestory_mcp/test_server.py:124: error: Function is missing a type annotation  [no-untyped-def]
tests/unit/test_codestory_mcp/test_server.py:136: error: Need type annotation for "future"  [var-annotated]
tests/unit/test_codestory_mcp/test_server.py:151: error: Function is missing a type annotation  [no-untyped-def]
tests/unit/test_codestory_mcp/test_server.py:157: error: Need type annotation for "future"  [var-annotated]
tests/unit/test_codestory_mcp/test_server.py:176: error: Function is missing a type annotation  [no-untyped-def]
tests/unit/test_codestory_mcp/test_server.py:198: error: Function is missing a type annotation  [no-untyped-def]
tests/unit/test_codestory_mcp/test_server.py:204: error: Need type annotation for "future"  [var-annotated]
tests/unit/test_codestory_mcp/test_server.py:225: error: Function is missing a type annotation  [no-untyped-def]
tests/unit/test_codestory_mcp/test_server.py:250: error: Function is missing a type annotation  [no-untyped-def]
tests/unit/test_codestory_mcp/test_server.py:256: error: Need type annotation for "future"  [var-annotated]
tests/unit/test_codestory_mcp/test_server.py:274: error: Function is missing a type annotation  [no-untyped-def]
tests/unit/test_codestory_mcp/test_server.py:292: error: "BaseRoute" has no attribute "path"  [attr-defined]
tests/unit/test_codestory_mcp/test_adapters.py:10: error: Skipping analyzing "codestory_mcp.adapters.graph_service": module is installed, but missing library stubs or py.typed marker  [import-untyped]
tests/unit/test_codestory_mcp/test_adapters.py:16: error: Skipping analyzing "codestory_mcp.adapters.openai_service": module is installed, but missing library stubs or py.typed marker  [import-untyped]
tests/unit/test_codestory_mcp/test_adapters.py:20: error: Skipping analyzing "codestory_mcp.tools.base": module is installed, but missing library stubs or py.typed marker  [import-untyped]
tests/unit/test_codestory_mcp/test_adapters.py:26: error: Function is missing a return type annotation  [no-untyped-def]
tests/unit/test_codestory_mcp/test_adapters.py:26: note: Use "-> None" if function does not return a value
tests/unit/test_codestory_mcp/test_adapters.py:34: error: Function is missing a return type annotation  [no-untyped-def]
tests/unit/test_codestory_mcp/test_adapters.py:34: note: Use "-> None" if function does not return a value
tests/unit/test_codestory_mcp/test_adapters.py:42: error: Function is missing a return type annotation  [no-untyped-def]
tests/unit/test_codestory_mcp/test_adapters.py:42: note: Use "-> None" if function does not return a value
tests/unit/test_codestory_mcp/test_adapters.py:51: error: Function is missing a return type annotation  [no-untyped-def]
tests/unit/test_codestory_mcp/test_adapters.py:51: note: Use "-> None" if function does not return a value
tests/unit/test_codestory_mcp/test_adapters.py:64: error: Function is missing a return type annotation  [no-untyped-def]
tests/unit/test_codestory_mcp/test_adapters.py:64: note: Use "-> None" if function does not return a value
tests/unit/test_codestory_mcp/test_adapters.py:74: error: Function is missing a return type annotation  [no-untyped-def]
tests/unit/test_codestory_mcp/test_adapters.py:74: note: Use "-> None" if function does not return a value
tests/unit/test_codestory_mcp/test_adapters.py:82: error: Function is missing a return type annotation  [no-untyped-def]
tests/unit/test_codestory_mcp/test_adapters.py:82: note: Use "-> None" if function does not return a value
tests/unit/test_codestory_mcp/test_adapters.py:93: error: Function is missing a return type annotation  [no-untyped-def]
tests/unit/test_codestory_mcp/test_adapters.py:93: note: Use "-> None" if function does not return a value
tests/unit/test_codestory_mcp/test_adapters.py:107: error: Function is missing a return type annotation  [no-untyped-def]
tests/unit/test_codestory_mcp/test_adapters.py:118: error: Function is missing a return type annotation  [no-untyped-def]
tests/unit/test_codestory_mcp/test_adapters.py:126: error: Function is missing a return type annotation  [no-untyped-def]
tests/unit/test_codestory_mcp/test_adapters.py:136: error: Function is missing a type annotation  [no-untyped-def]
tests/unit/test_codestory_mcp/test_adapters.py:140: error: Function is missing a type annotation  [no-untyped-def]
tests/unit/test_codestory_mcp/test_adapters.py:148: error: Function is missing a type annotation  [no-untyped-def]
tests/unit/test_codestory_mcp/test_adapters.py:160: error: Function is missing a type annotation  [no-untyped-def]
tests/unit/test_codestory_mcp/test_adapters.py:185: error: Need type annotation for "future"  [var-annotated]
tests/unit/test_codestory_mcp/test_adapters.py:213: error: Function is missing a type annotation  [no-untyped-def]
tests/unit/test_codestory_mcp/test_adapters.py:221: error: Need type annotation for "future"  [var-annotated]
tests/unit/test_codestory_mcp/test_adapters.py:239: error: Function is missing a type annotation  [no-untyped-def]
tests/unit/test_codestory_mcp/test_adapters.py:242: error: Need type annotation for "future"  [var-annotated]
tests/unit/test_codestory_mcp/test_adapters.py:261: error: Function is missing a type annotation  [no-untyped-def]
tests/unit/test_codestory_mcp/test_adapters.py:279: error: Need type annotation for "future"  [var-annotated]
tests/unit/test_codestory_mcp/test_adapters.py:298: error: Function is missing a type annotation  [no-untyped-def]
tests/unit/test_codestory_mcp/test_adapters.py:306: error: Need type annotation for "future"  [var-annotated]
tests/unit/test_codestory_mcp/test_adapters.py:324: error: Function is missing a type annotation  [no-untyped-def]
tests/unit/test_codestory_mcp/test_adapters.py:359: error: Need type annotation for "future"  [var-annotated]
tests/unit/test_codestory_mcp/test_adapters.py:392: error: Function is missing a type annotation  [no-untyped-def]
tests/unit/test_codestory_mcp/test_adapters.py:404: error: Function is missing a return type annotation  [no-untyped-def]
tests/unit/test_codestory_mcp/test_adapters.py:412: error: Function is missing a return type annotation  [no-untyped-def]
tests/unit/test_codestory_mcp/test_adapters.py:420: error: Function is missing a type annotation  [no-untyped-def]
tests/unit/test_codestory_mcp/test_adapters.py:424: error: Function is missing a type annotation  [no-untyped-def]
tests/unit/test_codestory_mcp/test_adapters.py:431: error: Function is missing a type annotation  [no-untyped-def]
tests/unit/test_codestory_mcp/test_adapters.py:440: error: Function is missing a type annotation  [no-untyped-def]
tests/unit/test_codestory_mcp/test_adapters.py:448: error: Need type annotation for "future"  [var-annotated]
tests/unit/test_codestory_mcp/test_adapters.py:481: error: Function is missing a type annotation  [no-untyped-def]
tests/unit/test_codestory_mcp/test_adapters.py:484: error: Need type annotation for "future"  [var-annotated]
tests/unit/test_codestory_mcp/test_adapters.py:503: error: Function is missing a type annotation  [no-untyped-def]
tests/unit/test_codestory_mcp/test_adapters.py:511: error: Need type annotation for "future"  [var-annotated]
tests/unit/test_codestory_mcp/test_adapters.py:562: error: Function is missing a type annotation  [no-untyped-def]
tests/unit/test_codestory_mcp/test_adapters.py:565: error: Need type annotation for "embed_future"  [var-annotated]
tests/unit/test_codestory_mcp/test_adapters.py:587: error: Function is missing a return type annotation  [no-untyped-def]
tests/unit/test_codestory_mcp/test_adapters.py:587: note: Use "-> None" if function does not return a value
src/codestory_service/infrastructure/openai_adapter.py:15: error: Skipping analyzing "codestory.llm.client": module is installed, but missing library stubs or py.typed marker  [import-untyped]
src/codestory_service/infrastructure/openai_adapter.py:16: error: Skipping analyzing "codestory.llm.exceptions": module is installed, but missing library stubs or py.typed marker  [import-untyped]
src/codestory_service/infrastructure/openai_adapter.py:260: error: Skipping analyzing "codestory.llm.models": module is installed, but missing library stubs or py.typed marker  [import-untyped]
src/codestory_service/infrastructure/neo4j_adapter.py:14: error: Skipping analyzing "codestory.graphdb.exceptions": module is installed, but missing library stubs or py.typed marker  [import-untyped]
src/codestory_service/infrastructure/neo4j_adapter.py:18: error: Skipping analyzing "codestory.graphdb.neo4j_connector": module is installed, but missing library stubs or py.typed marker  [import-untyped]
src/codestory_service/infrastructure/celery_adapter.py:14: error: Skipping analyzing "codestory.ingestion_pipeline.celery_app": module is installed, but missing library stubs or py.typed marker  [import-untyped]
src/codestory_service/infrastructure/celery_adapter.py:15: error: Skipping analyzing "codestory.ingestion_pipeline.tasks": module is installed, but missing library stubs or py.typed marker  [import-untyped]
src/codestory_service/infrastructure/celery_adapter.py:177: error: Argument 1 to "int" has incompatible type "int | None"; expected "str | Buffer | SupportsInt | SupportsIndex | SupportsTrunc"  [arg-type]
src/codestory_service/infrastructure/celery_adapter.py:181: error: Argument 1 to "int" has incompatible type "int | None"; expected "str | Buffer | SupportsInt | SupportsIndex | SupportsTrunc"  [arg-type]
src/codestory_service/infrastructure/celery_adapter.py:254: error: Argument 1 to "fromtimestamp" of "datetime" has incompatible type "Any | None"; expected "float"  [arg-type]
src/codestory_service/infrastructure/celery_adapter.py:255: error: Argument 1 to "fromtimestamp" of "datetime" has incompatible type "Any | None"; expected "float"  [arg-type]
src/codestory_service/application/config_service.py:15: error: Skipping analyzing "codestory.config.settings": module is installed, but missing library stubs or py.typed marker  [import-untyped]
src/codestory_service/application/config_service.py:16: error: Skipping analyzing "codestory.config.writer": module is installed, but missing library stubs or py.typed marker  [import-untyped]
src/codestory_mcp/server.py:21: error: Skipping analyzing "codestory_mcp.auth.entra_validator": module is installed, but missing library stubs or py.typed marker  [import-untyped]
src/codestory_mcp/server.py:22: error: Skipping analyzing "codestory_mcp.tools": module is installed, but missing library stubs or py.typed marker  [import-untyped]
src/codestory_mcp/server.py:23: error: Skipping analyzing "codestory_mcp.tools.base": module is installed, but missing library stubs or py.typed marker  [import-untyped]
src/codestory_mcp/server.py:24: error: Skipping analyzing "codestory_mcp.utils.config": module is installed, but missing library stubs or py.typed marker  [import-untyped]
src/codestory_mcp/server.py:25: error: Skipping analyzing "codestory_mcp.utils.metrics": module is installed, but missing library stubs or py.typed marker  [import-untyped]
src/codestory_mcp/tools/summarize_node.py:11: error: Skipping analyzing "codestory_mcp.adapters.graph_service": module is installed, but missing library stubs or py.typed marker  [import-untyped]
src/codestory_mcp/tools/summarize_node.py:12: error: Skipping analyzing "codestory_mcp.adapters.openai_service": module is installed, but missing library stubs or py.typed marker  [import-untyped]
src/codestory_mcp/tools/summarize_node.py:13: error: Skipping analyzing "codestory_mcp.tools": module is installed, but missing library stubs or py.typed marker  [import-untyped]
src/codestory_mcp/tools/summarize_node.py:14: error: Skipping analyzing "codestory_mcp.tools.base": module is installed, but missing library stubs or py.typed marker  [import-untyped]
src/codestory_mcp/tools/summarize_node.py:15: error: Skipping analyzing "codestory_mcp.utils.metrics": module is installed, but missing library stubs or py.typed marker  [import-untyped]
src/codestory_mcp/tools/similar_code.py:11: error: Skipping analyzing "codestory_mcp.adapters.openai_service": module is installed, but missing library stubs or py.typed marker  [import-untyped]
src/codestory_mcp/tools/similar_code.py:12: error: Skipping analyzing "codestory_mcp.tools": module is installed, but missing library stubs or py.typed marker  [import-untyped]
src/codestory_mcp/tools/similar_code.py:13: error: Skipping analyzing "codestory_mcp.tools.base": module is installed, but missing library stubs or py.typed marker  [import-untyped]
src/codestory_mcp/tools/similar_code.py:14: error: Skipping analyzing "codestory_mcp.utils.metrics": module is installed, but missing library stubs or py.typed marker  [import-untyped]
src/codestory_mcp/tools/search_graph.py:11: error: Skipping analyzing "codestory_mcp.adapters.graph_service": module is installed, but missing library stubs or py.typed marker  [import-untyped]
src/codestory_mcp/tools/search_graph.py:12: error: Skipping analyzing "codestory_mcp.tools": module is installed, but missing library stubs or py.typed marker  [import-untyped]
src/codestory_mcp/tools/search_graph.py:13: error: Skipping analyzing "codestory_mcp.tools.base": module is installed, but missing library stubs or py.typed marker  [import-untyped]
src/codestory_mcp/tools/search_graph.py:14: error: Skipping analyzing "codestory_mcp.utils.metrics": module is installed, but missing library stubs or py.typed marker  [import-untyped]
src/codestory_mcp/tools/search_graph.py:15: error: Skipping analyzing "codestory_mcp.utils.serializers": module is installed, but missing library stubs or py.typed marker  [import-untyped]
src/codestory_mcp/tools/path_to.py:11: error: Skipping analyzing "codestory_mcp.adapters.graph_service": module is installed, but missing library stubs or py.typed marker  [import-untyped]
src/codestory_mcp/tools/path_to.py:12: error: Skipping analyzing "codestory_mcp.adapters.openai_service": module is installed, but missing library stubs or py.typed marker  [import-untyped]
src/codestory_mcp/tools/path_to.py:13: error: Skipping analyzing "codestory_mcp.tools": module is installed, but missing library stubs or py.typed marker  [import-untyped]
src/codestory_mcp/tools/path_to.py:14: error: Skipping analyzing "codestory_mcp.tools.base": module is installed, but missing library stubs or py.typed marker  [import-untyped]
src/codestory_mcp/tools/path_to.py:15: error: Skipping analyzing "codestory_mcp.utils.metrics": module is installed, but missing library stubs or py.typed marker  [import-untyped]
src/codestory_mcp/tools/path_to.py:16: error: Skipping analyzing "codestory_mcp.utils.serializers": module is installed, but missing library stubs or py.typed marker  [import-untyped]
src/codestory_mcp/adapters/openai_service.py:13: error: Skipping analyzing "codestory.llm.client": module is installed, but missing library stubs or py.typed marker  [import-untyped]
src/codestory_mcp/adapters/openai_service.py:14: error: Skipping analyzing "codestory.llm.models": module is installed, but missing library stubs or py.typed marker  [import-untyped]
src/codestory_mcp/adapters/openai_service.py:15: error: Skipping analyzing "codestory_mcp.tools.base": module is installed, but missing library stubs or py.typed marker  [import-untyped]
src/codestory_mcp/adapters/openai_service.py:16: error: Skipping analyzing "codestory_mcp.utils.metrics": module is installed, but missing library stubs or py.typed marker  [import-untyped]
src/codestory_mcp/adapters/graph_service.py:15: error: Skipping analyzing "codestory_mcp.tools.base": module is installed, but missing library stubs or py.typed marker  [import-untyped]
src/codestory_mcp/adapters/graph_service.py:16: error: Skipping analyzing "codestory_mcp.utils.config": module is installed, but missing library stubs or py.typed marker  [import-untyped]
src/codestory_mcp/adapters/graph_service.py:17: error: Skipping analyzing "codestory_mcp.utils.metrics": module is installed, but missing library stubs or py.typed marker  [import-untyped]
src/codestory/mcp/main.py:8: error: Skipping analyzing "codestory.config.settings": module is installed, but missing library stubs or py.typed marker  [import-untyped]
src/codestory/ingestion_pipeline/tasks.py:14: error: Incompatible types in assignment (expression has type "None", variable has type Module)  [assignment]
src/codestory/ingestion_pipeline/tasks.py:16: error: Skipping analyzing "celery": module is installed, but missing library stubs or py.typed marker  [import-untyped]
src/codestory/ingestion_pipeline/tasks.py:17: error: Skipping analyzing "celery.result": module is installed, but missing library stubs or py.typed marker  [import-untyped]
src/codestory/ingestion_pipeline/tasks.py:93: error: Skipping analyzing "codestory.config.settings": module is installed, but missing library stubs or py.typed marker  [import-untyped]
src/codestory/ingestion_pipeline/tasks.py:466: error: Skipping analyzing "celery.exceptions": module is installed, but missing library stubs or py.typed marker  [import-untyped]
src/codestory_service/application/ingestion_service.py:194: error: "None" has no attribute "set"  [attr-defined]
src/codestory_service/application/ingestion_service.py:206: error: Skipping analyzing "codestory.ingestion_pipeline.step": module is installed, but missing library stubs or py.typed marker  [import-untyped]
src/codestory_service/application/ingestion_service.py:394: error: Skipping analyzing "codestory.config.settings": module is installed, but missing library stubs or py.typed marker  [import-untyped]
src/codestory_service/application/ingestion_service.py:395: error: Skipping analyzing "codestory.ingestion_pipeline.resource_manager": module is installed, but missing library stubs or py.typed marker  [import-untyped]
src/codestory_service/application/ingestion_service.py:433: error: Function is missing a type annotation  [no-untyped-def]
src/codestory_service/application/ingestion_service.py:461: error: "None" has no attribute "scan_iter"  [attr-defined]
src/codestory_service/application/ingestion_service.py:462: error: "None" has no attribute "get"  [attr-defined]
src/codestory_service/application/ingestion_service.py:473: error: "None" has no attribute "get"  [attr-defined]
src/codestory_service/application/ingestion_service.py:486: error: "None" has no attribute "delete"  [attr-defined]
src/codestory_service/api/health.py:299: error: Skipping analyzing "codestory.config.settings": module is installed, but missing library stubs or py.typed marker  [import-untyped]
tests/integration/test_ingestion_pipeline/test_step_dependencies.py:17: error: Skipping analyzing "codestory.ingestion_pipeline.manager": module is installed, but missing library stubs or py.typed marker  [import-untyped]
tests/integration/test_ingestion_pipeline/test_step_dependencies.py:18: error: Skipping analyzing "codestory.ingestion_pipeline.step": module is installed, but missing library stubs or py.typed marker  [import-untyped]
tests/integration/test_ingestion_pipeline/test_step_dependencies.py:19: error: Skipping analyzing "codestory_blarify.step": module is installed, but missing library stubs or py.typed marker  [import-untyped]
tests/integration/test_ingestion_pipeline/test_step_dependencies.py:20: error: Skipping analyzing "codestory_docgrapher.step": module is installed, but missing library stubs or py.typed marker  [import-untyped]
tests/integration/test_ingestion_pipeline/test_step_dependencies.py:21: error: Skipping analyzing "codestory_filesystem.step": module is installed, but missing library stubs or py.typed marker  [import-untyped]
tests/integration/test_ingestion_pipeline/test_step_dependencies.py:22: error: Skipping analyzing "codestory_summarizer.step": module is installed, but missing library stubs or py.typed marker  [import-untyped]
tests/integration/test_ingestion_pipeline/test_step_dependencies.py:399: error: Function is missing a return type annotation  [no-untyped-def]
tests/integration/test_ingestion_pipeline/test_step_dependencies.py:428: error: Function is missing a type annotation  [no-untyped-def]
tests/integration/test_ingestion_pipeline/test_step_dependencies.py:490: error: Function is missing a type annotation  [no-untyped-def]
tests/integration/test_ingestion_pipeline/test_step_dependencies.py:499: error: Function is missing a type annotation  [no-untyped-def]
tests/integration/test_ingestion_pipeline/test_step_dependencies.py:505: error: Argument "started_at" to "IngestionStarted" has incompatible type "None"; expected "datetime"  [arg-type]
tests/integration/test_ingestion_pipeline/test_step_dependencies.py:510: error: Function is missing a type annotation  [no-untyped-def]
tests/integration/test_ingestion_pipeline/test_step_dependencies.py:530: error: Function is missing a type annotation  [no-untyped-def]
tests/integration/test_ingestion_pipeline/test_step_dependencies.py:533: error: Argument 1 to "IngestionService" has incompatible type "MockCeleryAdapter"; expected "CeleryAdapter"  [arg-type]
tests/integration/test_ingestion_pipeline/test_step_dependencies.py:536: error: Missing named argument "branch" for "IngestionRequest"  [call-arg]
tests/integration/test_ingestion_pipeline/test_step_dependencies.py:536: error: Missing named argument "config" for "IngestionRequest"  [call-arg]
tests/integration/test_ingestion_pipeline/test_step_dependencies.py:536: error: Missing named argument "options" for "IngestionRequest"  [call-arg]
tests/integration/test_ingestion_pipeline/test_step_dependencies.py:536: error: Missing named argument "created_by" for "IngestionRequest"  [call-arg]
tests/integration/test_ingestion_pipeline/test_step_dependencies.py:536: error: Missing named argument "description" for "IngestionRequest"  [call-arg]
tests/integration/test_ingestion_pipeline/test_step_dependencies.py:536: error: Missing named argument "tags" for "IngestionRequest"  [call-arg]
tests/integration/test_ingestion_pipeline/test_step_dependencies.py:536: error: Missing named argument "priority" for "IngestionRequest"  [call-arg]
tests/integration/test_ingestion_pipeline/test_step_dependencies.py:536: error: Missing named argument "eta" for "IngestionRequest"  [call-arg]
tests/integration/test_ingestion_pipeline/test_step_dependencies.py:536: error: Missing named argument "countdown" for "IngestionRequest"  [call-arg]
tests/integration/test_ingestion_pipeline/test_step_dependencies.py:537: error: Argument "source_type" to "IngestionRequest" has incompatible type "str"; expected "IngestionSourceType"  [arg-type]
tests/integration/test_ingestion_pipeline/test_step_dependencies.py:546: error: Missing named argument "branch" for "IngestionRequest"  [call-arg]
tests/integration/test_ingestion_pipeline/test_step_dependencies.py:546: error: Missing named argument "config" for "IngestionRequest"  [call-arg]
tests/integration/test_ingestion_pipeline/test_step_dependencies.py:546: error: Missing named argument "options" for "IngestionRequest"  [call-arg]
tests/integration/test_ingestion_pipeline/test_step_dependencies.py:546: error: Missing named argument "created_by" for "IngestionRequest"  [call-arg]
tests/integration/test_ingestion_pipeline/test_step_dependencies.py:546: error: Missing named argument "description" for "IngestionRequest"  [call-arg]
tests/integration/test_ingestion_pipeline/test_step_dependencies.py:546: error: Missing named argument "tags" for "IngestionRequest"  [call-arg]
tests/integration/test_ingestion_pipeline/test_step_dependencies.py:546: error: Missing named argument "priority" for "IngestionRequest"  [call-arg]
tests/integration/test_ingestion_pipeline/test_step_dependencies.py:546: error: Missing named argument "eta" for "IngestionRequest"  [call-arg]
tests/integration/test_ingestion_pipeline/test_step_dependencies.py:546: error: Missing named argument "countdown" for "IngestionRequest"  [call-arg]
tests/integration/test_ingestion_pipeline/test_step_dependencies.py:547: error: Argument "source_type" to "IngestionRequest" has incompatible type "str"; expected "IngestionSourceType"  [arg-type]
tests/integration/test_ingestion_pipeline/test_step_dependencies.py:570: error: Statement is unreachable  [unreachable]
src/codestory_service/main.py:159: error: Skipping analyzing "codestory_service.domain.graph": module is installed, but missing library stubs or py.typed marker  [import-untyped]
src/codestory_service/main.py:221: error: Skipping analyzing "codestory.config.settings": module is installed, but missing library stubs or py.typed marker  [import-untyped]
Found 1029 errors in 122 files (checked 222 source files)
